0    INFO  (main) [   ] o.e.j.u.log Logging initialized @3414ms
4571 INFO  (main) [   ] o.e.j.s.Server jetty-9.2.13.v20150730
4648 WARN  (main) [   ] o.e.j.s.h.RequestLogHandler !RequestLog
4652 INFO  (main) [   ] o.e.j.d.p.ScanningAppProvider Deployment monitor [file:/C:/Users/Joaogcorreia/Desktop/EHR%20+%20Solr%20+%20IndexDocClinicos/Indexacao-de-Documentos-Clinicos/solr/solr-5.5.0/server/contexts/] at interval 0
8507 INFO  (main) [   ] o.e.j.w.StandardDescriptorProcessor NO JSP Support for /solr, did not find org.apache.jasper.servlet.JspServlet
8660 WARN  (main) [   ] o.e.j.s.SecurityHandler ServletContext@o.e.j.w.WebAppContext@57fffcd7{/solr,file:/C:/Users/Joaogcorreia/Desktop/EHR%20+%20Solr%20+%20IndexDocClinicos/Indexacao-de-Documentos-Clinicos/solr/solr-5.5.0/server/solr-webapp/webapp/,STARTING}{C:\Users\Joaogcorreia\Desktop\EHR + Solr + IndexDocClinicos\Indexacao-de-Documentos-Clinicos\solr\solr-5.5.0\server/solr-webapp/webapp} has uncovered http methods for path: /
8737 INFO  (main) [   ] o.a.s.s.SolrDispatchFilter SolrDispatchFilter.init(): WebAppClassLoader=1926764753@72d818d1
9263 INFO  (main) [   ] o.a.s.c.SolrResourceLoader JNDI not configured for solr (NoInitialContextEx)
9264 INFO  (main) [   ] o.a.s.c.SolrResourceLoader using system property solr.solr.home: C:\Users\Joaogcorreia\Desktop\EHR + Solr + IndexDocClinicos\Indexacao-de-Documentos-Clinicos\solr\solr-5.5.0\server\solr
9266 INFO  (main) [   ] o.a.s.c.SolrResourceLoader new SolrResourceLoader for directory: 'C:\Users\Joaogcorreia\Desktop\EHR + Solr + IndexDocClinicos\Indexacao-de-Documentos-Clinicos\solr\solr-5.5.0\server\solr'
9268 INFO  (main) [   ] o.a.s.c.SolrResourceLoader JNDI not configured for solr (NoInitialContextEx)
9268 INFO  (main) [   ] o.a.s.c.SolrResourceLoader using system property solr.solr.home: C:\Users\Joaogcorreia\Desktop\EHR + Solr + IndexDocClinicos\Indexacao-de-Documentos-Clinicos\solr\solr-5.5.0\server\solr
9362 INFO  (main) [   ] o.a.s.c.SolrXmlConfig Loading container configuration from C:\Users\Joaogcorreia\Desktop\EHR + Solr + IndexDocClinicos\Indexacao-de-Documentos-Clinicos\solr\solr-5.5.0\server\solr\solr.xml
10532 INFO  (main) [   ] o.a.s.c.CorePropertiesLocator Config-defined core root directory: C:\Users\Joaogcorreia\Desktop\EHR + Solr + IndexDocClinicos\Indexacao-de-Documentos-Clinicos\solr\solr-5.5.0\server\solr
11441 INFO  (main) [   ] o.a.s.c.CoreContainer New CoreContainer 1691875296
11441 INFO  (main) [   ] o.a.s.c.CoreContainer Loading cores into CoreContainer [instanceDir=C:\Users\Joaogcorreia\Desktop\EHR + Solr + IndexDocClinicos\Indexacao-de-Documentos-Clinicos\solr\solr-5.5.0\server\solr]
11444 WARN  (main) [   ] o.a.s.c.CoreContainer Couldn't add files from C:\Users\Joaogcorreia\Desktop\EHR + Solr + IndexDocClinicos\Indexacao-de-Documentos-Clinicos\solr\solr-5.5.0\server\solr\lib to classpath: C:\Users\Joaogcorreia\Desktop\EHR + Solr + IndexDocClinicos\Indexacao-de-Documentos-Clinicos\solr\solr-5.5.0\server\solr\lib
11570 INFO  (main) [   ] o.a.s.h.c.HttpShardHandlerFactory created with socketTimeout : 600000,connTimeout : 60000,maxConnectionsPerHost : 20,maxConnections : 10000,corePoolSize : 0,maximumPoolSize : 2147483647,maxThreadIdleTime : 5,sizeOfQueue : -1,fairnessPolicy : false,useRetries : false,
12345 INFO  (main) [   ] o.a.s.u.UpdateShardHandler Creating UpdateShardHandler HTTP client with params: socketTimeout=600000&connTimeout=60000&retry=true
12388 INFO  (main) [   ] o.a.s.l.LogWatcher SLF4J impl is org.slf4j.impl.Log4jLoggerFactory
12389 INFO  (main) [   ] o.a.s.l.LogWatcher Registering Log Listener [Log4j (org.slf4j.impl.Log4jLoggerFactory)]
12456 INFO  (main) [   ] o.a.s.c.CoreContainer Security conf doesn't exist. Skipping setup for authorization module.
12457 INFO  (main) [   ] o.a.s.c.CoreContainer No authentication plugin used.
13467 INFO  (main) [   ] o.a.s.c.CorePropertiesLocator Looking for core definitions underneath C:\Users\Joaogcorreia\Desktop\EHR + Solr + IndexDocClinicos\Indexacao-de-Documentos-Clinicos\solr\solr-5.5.0\server\solr
13853 INFO  (main) [   ] o.a.s.c.CoreDescriptor Created CoreDescriptor: {name=ehr, config=C:\Users\Joaogcorreia\Desktop\EHR + Solr + IndexDocClinicos\Indexacao-de-Documentos-Clinicos\solr\solr-5.5.0\server\solr\ehr\conf\solrconfig.xml, loadOnStartup=true, schema=C:\Users\Joaogcorreia\Desktop\EHR + Solr + IndexDocClinicos\Indexacao-de-Documentos-Clinicos\solr\solr-5.5.0\server\solr\ehr\conf\schema.xml, configSetProperties=configsetprops.json, transient=false, dataDir=C:\Users\Joaogcorreia\Desktop\EHR + Solr + IndexDocClinicos\Indexacao-de-Documentos-Clinicos\solr\solr-5.5.0\server\solr\ehr\data}
13856 INFO  (main) [   ] o.a.s.c.CorePropertiesLocator Found core ehr in C:\Users\Joaogcorreia\Desktop\EHR + Solr + IndexDocClinicos\Indexacao-de-Documentos-Clinicos\solr\solr-5.5.0\server\solr\ehr
13857 INFO  (main) [   ] o.a.s.c.CorePropertiesLocator Found 1 core definitions
13865 INFO  (main) [   ] o.a.s.s.SolrDispatchFilter user.dir=C:\Users\Joaogcorreia\Desktop\EHR + Solr + IndexDocClinicos\Indexacao-de-Documentos-Clinicos\solr\solr-5.5.0\server
13866 INFO  (main) [   ] o.a.s.s.SolrDispatchFilter SolrDispatchFilter.init() done
13882 INFO  (coreLoadExecutor-6-thread-1) [   ] o.a.s.c.SolrResourceLoader new SolrResourceLoader for directory: 'C:\Users\Joaogcorreia\Desktop\EHR + Solr + IndexDocClinicos\Indexacao-de-Documentos-Clinicos\solr\solr-5.5.0\server\solr\ehr'
13884 INFO  (coreLoadExecutor-6-thread-1) [   ] o.a.s.c.SolrResourceLoader JNDI not configured for solr (NoInitialContextEx)
13884 INFO  (coreLoadExecutor-6-thread-1) [   ] o.a.s.c.SolrResourceLoader using system property solr.solr.home: C:\Users\Joaogcorreia\Desktop\EHR + Solr + IndexDocClinicos\Indexacao-de-Documentos-Clinicos\solr\solr-5.5.0\server\solr
14081 INFO  (main) [   ] o.e.j.s.h.ContextHandler Started o.e.j.w.WebAppContext@57fffcd7{/solr,file:/C:/Users/Joaogcorreia/Desktop/EHR%20+%20Solr%20+%20IndexDocClinicos/Indexacao-de-Documentos-Clinicos/solr/solr-5.5.0/server/solr-webapp/webapp/,AVAILABLE}{C:\Users\Joaogcorreia\Desktop\EHR + Solr + IndexDocClinicos\Indexacao-de-Documentos-Clinicos\solr\solr-5.5.0\server/solr-webapp/webapp}
14414 INFO  (coreLoadExecutor-6-thread-1) [   ] o.a.s.c.SolrConfig current version of requestparams : -1
14429 INFO  (coreLoadExecutor-6-thread-1) [   ] o.a.s.c.SolrConfig Adding specified lib dirs to ClassLoader
14598 INFO  (main) [   ] o.e.j.s.ServerConnector Started ServerConnector@6302bbb1{HTTP/1.1}{0.0.0.0:8983}
14599 INFO  (main) [   ] o.e.j.s.Server Started @18020ms
14805 INFO  (coreLoadExecutor-6-thread-1) [   ] o.a.s.c.SolrResourceLoader Adding 'file:/C:/Users/Joaogcorreia/Desktop/EHR%20+%20Solr%20+%20IndexDocClinicos/Indexacao-de-Documentos-Clinicos/solr/solr-5.5.0/contrib/dataimporthandler/lib/mysql-connector-java-5.1.38-bin.jar' to classloader
14806 INFO  (coreLoadExecutor-6-thread-1) [   ] o.a.s.c.SolrResourceLoader Adding 'file:/C:/Users/Joaogcorreia/Desktop/EHR%20+%20Solr%20+%20IndexDocClinicos/Indexacao-de-Documentos-Clinicos/solr/solr-5.5.0/contrib/dataimporthandler/lib/sqljdbc4.jar' to classloader
14806 INFO  (coreLoadExecutor-6-thread-1) [   ] o.a.s.c.SolrResourceLoader Adding 'file:/C:/Users/Joaogcorreia/Desktop/EHR%20+%20Solr%20+%20IndexDocClinicos/Indexacao-de-Documentos-Clinicos/solr/solr-5.5.0/dist/solr-dataimporthandler-5.5.0.jar' to classloader
14806 INFO  (coreLoadExecutor-6-thread-1) [   ] o.a.s.c.SolrResourceLoader Adding 'file:/C:/Users/Joaogcorreia/Desktop/EHR%20+%20Solr%20+%20IndexDocClinicos/Indexacao-de-Documentos-Clinicos/solr/solr-5.5.0/dist/solr-dataimporthandler-extras-5.5.0.jar' to classloader
14807 INFO  (coreLoadExecutor-6-thread-1) [   ] o.a.s.c.SolrResourceLoader Adding 'file:/C:/Users/Joaogcorreia/Desktop/EHR%20+%20Solr%20+%20IndexDocClinicos/Indexacao-de-Documentos-Clinicos/solr/solr-5.5.0/contrib/extraction/lib/apache-mime4j-core-0.7.2.jar' to classloader
14807 INFO  (coreLoadExecutor-6-thread-1) [   ] o.a.s.c.SolrResourceLoader Adding 'file:/C:/Users/Joaogcorreia/Desktop/EHR%20+%20Solr%20+%20IndexDocClinicos/Indexacao-de-Documentos-Clinicos/solr/solr-5.5.0/contrib/extraction/lib/apache-mime4j-dom-0.7.2.jar' to classloader
14807 INFO  (coreLoadExecutor-6-thread-1) [   ] o.a.s.c.SolrResourceLoader Adding 'file:/C:/Users/Joaogcorreia/Desktop/EHR%20+%20Solr%20+%20IndexDocClinicos/Indexacao-de-Documentos-Clinicos/solr/solr-5.5.0/contrib/extraction/lib/aspectjrt-1.8.0.jar' to classloader
14807 INFO  (coreLoadExecutor-6-thread-1) [   ] o.a.s.c.SolrResourceLoader Adding 'file:/C:/Users/Joaogcorreia/Desktop/EHR%20+%20Solr%20+%20IndexDocClinicos/Indexacao-de-Documentos-Clinicos/solr/solr-5.5.0/contrib/extraction/lib/bcmail-jdk15-1.45.jar' to classloader
14807 INFO  (coreLoadExecutor-6-thread-1) [   ] o.a.s.c.SolrResourceLoader Adding 'file:/C:/Users/Joaogcorreia/Desktop/EHR%20+%20Solr%20+%20IndexDocClinicos/Indexacao-de-Documentos-Clinicos/solr/solr-5.5.0/contrib/extraction/lib/bcprov-jdk15-1.45.jar' to classloader
14808 INFO  (coreLoadExecutor-6-thread-1) [   ] o.a.s.c.SolrResourceLoader Adding 'file:/C:/Users/Joaogcorreia/Desktop/EHR%20+%20Solr%20+%20IndexDocClinicos/Indexacao-de-Documentos-Clinicos/solr/solr-5.5.0/contrib/extraction/lib/boilerpipe-1.1.0.jar' to classloader
14808 INFO  (coreLoadExecutor-6-thread-1) [   ] o.a.s.c.SolrResourceLoader Adding 'file:/C:/Users/Joaogcorreia/Desktop/EHR%20+%20Solr%20+%20IndexDocClinicos/Indexacao-de-Documentos-Clinicos/solr/solr-5.5.0/contrib/extraction/lib/commons-compress-1.8.1.jar' to classloader
14809 INFO  (coreLoadExecutor-6-thread-1) [   ] o.a.s.c.SolrResourceLoader Adding 'file:/C:/Users/Joaogcorreia/Desktop/EHR%20+%20Solr%20+%20IndexDocClinicos/Indexacao-de-Documentos-Clinicos/solr/solr-5.5.0/contrib/extraction/lib/fontbox-1.8.8.jar' to classloader
14809 INFO  (coreLoadExecutor-6-thread-1) [   ] o.a.s.c.SolrResourceLoader Adding 'file:/C:/Users/Joaogcorreia/Desktop/EHR%20+%20Solr%20+%20IndexDocClinicos/Indexacao-de-Documentos-Clinicos/solr/solr-5.5.0/contrib/extraction/lib/icu4j-54.1.jar' to classloader
14810 INFO  (coreLoadExecutor-6-thread-1) [   ] o.a.s.c.SolrResourceLoader Adding 'file:/C:/Users/Joaogcorreia/Desktop/EHR%20+%20Solr%20+%20IndexDocClinicos/Indexacao-de-Documentos-Clinicos/solr/solr-5.5.0/contrib/extraction/lib/isoparser-1.0.2.jar' to classloader
14815 INFO  (coreLoadExecutor-6-thread-1) [   ] o.a.s.c.SolrResourceLoader Adding 'file:/C:/Users/Joaogcorreia/Desktop/EHR%20+%20Solr%20+%20IndexDocClinicos/Indexacao-de-Documentos-Clinicos/solr/solr-5.5.0/contrib/extraction/lib/java-libpst-0.8.1.jar' to classloader
14815 INFO  (coreLoadExecutor-6-thread-1) [   ] o.a.s.c.SolrResourceLoader Adding 'file:/C:/Users/Joaogcorreia/Desktop/EHR%20+%20Solr%20+%20IndexDocClinicos/Indexacao-de-Documentos-Clinicos/solr/solr-5.5.0/contrib/extraction/lib/jdom-1.0.jar' to classloader
14815 INFO  (coreLoadExecutor-6-thread-1) [   ] o.a.s.c.SolrResourceLoader Adding 'file:/C:/Users/Joaogcorreia/Desktop/EHR%20+%20Solr%20+%20IndexDocClinicos/Indexacao-de-Documentos-Clinicos/solr/solr-5.5.0/contrib/extraction/lib/jempbox-1.8.8.jar' to classloader
14816 INFO  (coreLoadExecutor-6-thread-1) [   ] o.a.s.c.SolrResourceLoader Adding 'file:/C:/Users/Joaogcorreia/Desktop/EHR%20+%20Solr%20+%20IndexDocClinicos/Indexacao-de-Documentos-Clinicos/solr/solr-5.5.0/contrib/extraction/lib/jmatio-1.0.jar' to classloader
14816 INFO  (coreLoadExecutor-6-thread-1) [   ] o.a.s.c.SolrResourceLoader Adding 'file:/C:/Users/Joaogcorreia/Desktop/EHR%20+%20Solr%20+%20IndexDocClinicos/Indexacao-de-Documentos-Clinicos/solr/solr-5.5.0/contrib/extraction/lib/juniversalchardet-1.0.3.jar' to classloader
14816 INFO  (coreLoadExecutor-6-thread-1) [   ] o.a.s.c.SolrResourceLoader Adding 'file:/C:/Users/Joaogcorreia/Desktop/EHR%20+%20Solr%20+%20IndexDocClinicos/Indexacao-de-Documentos-Clinicos/solr/solr-5.5.0/contrib/extraction/lib/metadata-extractor-2.6.2.jar' to classloader
14818 INFO  (coreLoadExecutor-6-thread-1) [   ] o.a.s.c.SolrResourceLoader Adding 'file:/C:/Users/Joaogcorreia/Desktop/EHR%20+%20Solr%20+%20IndexDocClinicos/Indexacao-de-Documentos-Clinicos/solr/solr-5.5.0/contrib/extraction/lib/pdfbox-1.8.8.jar' to classloader
14818 INFO  (coreLoadExecutor-6-thread-1) [   ] o.a.s.c.SolrResourceLoader Adding 'file:/C:/Users/Joaogcorreia/Desktop/EHR%20+%20Solr%20+%20IndexDocClinicos/Indexacao-de-Documentos-Clinicos/solr/solr-5.5.0/contrib/extraction/lib/poi-3.11.jar' to classloader
14818 INFO  (coreLoadExecutor-6-thread-1) [   ] o.a.s.c.SolrResourceLoader Adding 'file:/C:/Users/Joaogcorreia/Desktop/EHR%20+%20Solr%20+%20IndexDocClinicos/Indexacao-de-Documentos-Clinicos/solr/solr-5.5.0/contrib/extraction/lib/poi-ooxml-3.11.jar' to classloader
14818 INFO  (coreLoadExecutor-6-thread-1) [   ] o.a.s.c.SolrResourceLoader Adding 'file:/C:/Users/Joaogcorreia/Desktop/EHR%20+%20Solr%20+%20IndexDocClinicos/Indexacao-de-Documentos-Clinicos/solr/solr-5.5.0/contrib/extraction/lib/poi-ooxml-schemas-3.11.jar' to classloader
14818 INFO  (coreLoadExecutor-6-thread-1) [   ] o.a.s.c.SolrResourceLoader Adding 'file:/C:/Users/Joaogcorreia/Desktop/EHR%20+%20Solr%20+%20IndexDocClinicos/Indexacao-de-Documentos-Clinicos/solr/solr-5.5.0/contrib/extraction/lib/poi-scratchpad-3.11.jar' to classloader
14819 INFO  (coreLoadExecutor-6-thread-1) [   ] o.a.s.c.SolrResourceLoader Adding 'file:/C:/Users/Joaogcorreia/Desktop/EHR%20+%20Solr%20+%20IndexDocClinicos/Indexacao-de-Documentos-Clinicos/solr/solr-5.5.0/contrib/extraction/lib/rome-1.0.jar' to classloader
14820 INFO  (coreLoadExecutor-6-thread-1) [   ] o.a.s.c.SolrResourceLoader Adding 'file:/C:/Users/Joaogcorreia/Desktop/EHR%20+%20Solr%20+%20IndexDocClinicos/Indexacao-de-Documentos-Clinicos/solr/solr-5.5.0/contrib/extraction/lib/tagsoup-1.2.1.jar' to classloader
14820 INFO  (coreLoadExecutor-6-thread-1) [   ] o.a.s.c.SolrResourceLoader Adding 'file:/C:/Users/Joaogcorreia/Desktop/EHR%20+%20Solr%20+%20IndexDocClinicos/Indexacao-de-Documentos-Clinicos/solr/solr-5.5.0/contrib/extraction/lib/tika-core-1.7.jar' to classloader
14820 INFO  (coreLoadExecutor-6-thread-1) [   ] o.a.s.c.SolrResourceLoader Adding 'file:/C:/Users/Joaogcorreia/Desktop/EHR%20+%20Solr%20+%20IndexDocClinicos/Indexacao-de-Documentos-Clinicos/solr/solr-5.5.0/contrib/extraction/lib/tika-java7-1.7.jar' to classloader
14821 INFO  (coreLoadExecutor-6-thread-1) [   ] o.a.s.c.SolrResourceLoader Adding 'file:/C:/Users/Joaogcorreia/Desktop/EHR%20+%20Solr%20+%20IndexDocClinicos/Indexacao-de-Documentos-Clinicos/solr/solr-5.5.0/contrib/extraction/lib/tika-parsers-1.7.jar' to classloader
14821 INFO  (coreLoadExecutor-6-thread-1) [   ] o.a.s.c.SolrResourceLoader Adding 'file:/C:/Users/Joaogcorreia/Desktop/EHR%20+%20Solr%20+%20IndexDocClinicos/Indexacao-de-Documentos-Clinicos/solr/solr-5.5.0/contrib/extraction/lib/tika-xmp-1.7.jar' to classloader
14821 INFO  (coreLoadExecutor-6-thread-1) [   ] o.a.s.c.SolrResourceLoader Adding 'file:/C:/Users/Joaogcorreia/Desktop/EHR%20+%20Solr%20+%20IndexDocClinicos/Indexacao-de-Documentos-Clinicos/solr/solr-5.5.0/contrib/extraction/lib/vorbis-java-core-0.6.jar' to classloader
14821 INFO  (coreLoadExecutor-6-thread-1) [   ] o.a.s.c.SolrResourceLoader Adding 'file:/C:/Users/Joaogcorreia/Desktop/EHR%20+%20Solr%20+%20IndexDocClinicos/Indexacao-de-Documentos-Clinicos/solr/solr-5.5.0/contrib/extraction/lib/vorbis-java-tika-0.6.jar' to classloader
14821 INFO  (coreLoadExecutor-6-thread-1) [   ] o.a.s.c.SolrResourceLoader Adding 'file:/C:/Users/Joaogcorreia/Desktop/EHR%20+%20Solr%20+%20IndexDocClinicos/Indexacao-de-Documentos-Clinicos/solr/solr-5.5.0/contrib/extraction/lib/xercesImpl-2.9.1.jar' to classloader
14821 INFO  (coreLoadExecutor-6-thread-1) [   ] o.a.s.c.SolrResourceLoader Adding 'file:/C:/Users/Joaogcorreia/Desktop/EHR%20+%20Solr%20+%20IndexDocClinicos/Indexacao-de-Documentos-Clinicos/solr/solr-5.5.0/contrib/extraction/lib/xmlbeans-2.6.0.jar' to classloader
14821 INFO  (coreLoadExecutor-6-thread-1) [   ] o.a.s.c.SolrResourceLoader Adding 'file:/C:/Users/Joaogcorreia/Desktop/EHR%20+%20Solr%20+%20IndexDocClinicos/Indexacao-de-Documentos-Clinicos/solr/solr-5.5.0/contrib/extraction/lib/xmpcore-5.1.2.jar' to classloader
14822 INFO  (coreLoadExecutor-6-thread-1) [   ] o.a.s.c.SolrResourceLoader Adding 'file:/C:/Users/Joaogcorreia/Desktop/EHR%20+%20Solr%20+%20IndexDocClinicos/Indexacao-de-Documentos-Clinicos/solr/solr-5.5.0/contrib/extraction/lib/xz-1.5.jar' to classloader
14822 INFO  (coreLoadExecutor-6-thread-1) [   ] o.a.s.c.SolrResourceLoader Adding 'file:/C:/Users/Joaogcorreia/Desktop/EHR%20+%20Solr%20+%20IndexDocClinicos/Indexacao-de-Documentos-Clinicos/solr/solr-5.5.0/dist/solr-cell-5.5.0.jar' to classloader
18840 WARN  (coreLoadExecutor-6-thread-1) [   ] o.a.s.c.Config Beginning with Solr 5.5, <maxMergeDocs> is deprecated, configure it on the relevant <mergePolicyFactory> instead.
19289 WARN  (coreLoadExecutor-6-thread-1) [   ] o.a.s.c.Config Beginning with Solr 5.5, <mergeFactor> is deprecated, configure it on the relevant <mergePolicyFactory> instead.
19842 INFO  (coreLoadExecutor-6-thread-1) [   ] o.a.s.c.SolrConfig Using Lucene MatchVersion: 5.5.0
20925 INFO  (coreLoadExecutor-6-thread-1) [   ] o.a.s.c.SolrConfig Loaded SolrConfig: C:\Users\Joaogcorreia\Desktop\EHR + Solr + IndexDocClinicos\Indexacao-de-Documentos-Clinicos\solr\solr-5.5.0\server\solr\ehr\conf\solrconfig.xml
21098 INFO  (coreLoadExecutor-6-thread-1) [   ] o.a.s.s.IndexSchema [ehr] Schema name=example
22361 INFO  (qtp5592464-15) [   ] o.a.s.s.HttpSolrCall [admin] webapp=null path=/admin/info/system params={wt=json} status=0 QTime=3534
22696 INFO  (coreLoadExecutor-6-thread-1) [   ] o.a.s.s.IndexSchema query parser default operator is OR
22697 INFO  (coreLoadExecutor-6-thread-1) [   ] o.a.s.s.IndexSchema unique key field: uid
24181 INFO  (coreLoadExecutor-6-thread-1) [   ] o.a.s.c.ConfigSetProperties Did not find ConfigSet properties, assuming default properties: Can't find resource 'configsetprops.json' in classpath or 'C:\Users\Joaogcorreia\Desktop\EHR + Solr + IndexDocClinicos\Indexacao-de-Documentos-Clinicos\solr\solr-5.5.0\server\solr\ehr'
24182 INFO  (coreLoadExecutor-6-thread-1) [   ] o.a.s.c.CoreContainer Creating SolrCore 'ehr' using configuration from instancedir C:\Users\Joaogcorreia\Desktop\EHR + Solr + IndexDocClinicos\Indexacao-de-Documentos-Clinicos\solr\solr-5.5.0\server\solr\ehr
24207 INFO  (coreLoadExecutor-6-thread-1) [   x:ehr] o.a.s.c.SolrCore solr.NRTCachingDirectoryFactory
24441 INFO  (coreLoadExecutor-6-thread-1) [   x:ehr] o.a.s.c.SolrCore [[ehr] ] Opening new SolrCore at [C:\Users\Joaogcorreia\Desktop\EHR + Solr + IndexDocClinicos\Indexacao-de-Documentos-Clinicos\solr\solr-5.5.0\server\solr\ehr], dataDir=[C:\Users\Joaogcorreia\Desktop\EHR + Solr + IndexDocClinicos\Indexacao-de-Documentos-Clinicos\solr\solr-5.5.0\server\solr\ehr\data\]
24441 INFO  (coreLoadExecutor-6-thread-1) [   x:ehr] o.a.s.c.SolrCore JMX monitoring not detected for core: ehr
24600 INFO  (coreLoadExecutor-6-thread-1) [   x:ehr] o.a.s.c.CachingDirectoryFactory return new directory for C:\Users\Joaogcorreia\Desktop\EHR + Solr + IndexDocClinicos\Indexacao-de-Documentos-Clinicos\solr\solr-5.5.0\server\solr\ehr\data
24640 INFO  (coreLoadExecutor-6-thread-1) [   x:ehr] o.a.s.c.SolrCore New index directory detected: old=null new=C:\Users\Joaogcorreia\Desktop\EHR + Solr + IndexDocClinicos\Indexacao-de-Documentos-Clinicos\solr\solr-5.5.0\server\solr\ehr\data\index/
24643 INFO  (coreLoadExecutor-6-thread-1) [   x:ehr] o.a.s.c.CachingDirectoryFactory return new directory for C:\Users\Joaogcorreia\Desktop\EHR + Solr + IndexDocClinicos\Indexacao-de-Documentos-Clinicos\solr\solr-5.5.0\server\solr\ehr\data\index
24854 INFO  (OldIndexDirectoryCleanupThreadForCore-ehr) [   x:ehr] o.a.s.c.SolrCore Looking for old index directories to cleanup for core ehr in C:\Users\Joaogcorreia\Desktop\EHR + Solr + IndexDocClinicos\Indexacao-de-Documentos-Clinicos\solr\solr-5.5.0\server\solr\ehr\data\
26406 INFO  (coreLoadExecutor-6-thread-1) [   x:ehr] o.a.s.c.SolrCore no updateRequestProcessorChain defined as default, creating implicit default
26847 INFO  (coreLoadExecutor-6-thread-1) [   x:ehr] o.a.s.h.l.XMLLoader xsltCacheLifetimeSeconds=60
26888 INFO  (coreLoadExecutor-6-thread-1) [   x:ehr] o.a.s.h.l.XMLLoader xsltCacheLifetimeSeconds=60
26890 INFO  (coreLoadExecutor-6-thread-1) [   x:ehr] o.a.s.h.l.XMLLoader xsltCacheLifetimeSeconds=60
26891 INFO  (coreLoadExecutor-6-thread-1) [   x:ehr] o.a.s.h.l.XMLLoader xsltCacheLifetimeSeconds=60
27422 INFO  (coreLoadExecutor-6-thread-1) [   x:ehr] o.a.s.c.PluginBag requestHandler : '/update/extract' created with startup=lazy 
27423 INFO  (coreLoadExecutor-6-thread-1) [   x:ehr] o.a.s.c.PluginBag requestHandler : '/analysis/field' created with startup=lazy 
27424 INFO  (coreLoadExecutor-6-thread-1) [   x:ehr] o.a.s.c.RequestHandlers Registered paths: /admin/mbeans,/update/csv,/update/json/docs,/admin/luke,/select,/admin/segments,/get,/admin/system,/replication,/admin/properties,/config,/schema,/admin/plugins,/admin/logging,/update/json,/admin/threads,/admin/ping,/update,/admin/file,/analysis/field,/dataimport,/update/extract
27513 INFO  (coreLoadExecutor-6-thread-1) [   x:ehr] o.a.s.c.SolrCore Using default statsCache cache: org.apache.solr.search.stats.LocalStatsCache
27932 INFO  (coreLoadExecutor-6-thread-1) [   x:ehr] o.a.s.u.CommitTracker Hard AutoCommit: disabled
27932 INFO  (coreLoadExecutor-6-thread-1) [   x:ehr] o.a.s.u.CommitTracker Soft AutoCommit: disabled
29400 INFO  (coreLoadExecutor-6-thread-1) [   x:ehr] o.a.s.c.SolrDeletionPolicy SolrDeletionPolicy.onInit: commits: num=1
	commit{dir=NRTCachingDirectory(MMapDirectory@C:\Users\Joaogcorreia\Desktop\EHR + Solr + IndexDocClinicos\Indexacao-de-Documentos-Clinicos\solr\solr-5.5.0\server\solr\ehr\data\index lockFactory=org.apache.lucene.store.NativeFSLockFactory@67fd1fac; maxCacheMB=48.0 maxMergeSizeMB=4.0),segFN=segments_cq,generation=458}
29413 INFO  (coreLoadExecutor-6-thread-1) [   x:ehr] o.a.s.c.SolrDeletionPolicy newest commit generation = 458
29699 INFO  (coreLoadExecutor-6-thread-1) [   x:ehr] o.a.s.s.SolrIndexSearcher Opening Searcher@717c72cc[ehr] main
29815 INFO  (coreLoadExecutor-6-thread-1) [   x:ehr] o.a.s.r.ManagedResourceStorage File-based storage initialized to use dir: C:\Users\Joaogcorreia\Desktop\EHR + Solr + IndexDocClinicos\Indexacao-de-Documentos-Clinicos\solr\solr-5.5.0\server\solr\ehr\conf
29815 INFO  (coreLoadExecutor-6-thread-1) [   x:ehr] o.a.s.r.RestManager Initializing RestManager with initArgs: {storageDir=C:\Users\Joaogcorreia\Desktop\EHR + Solr + IndexDocClinicos\Indexacao-de-Documentos-Clinicos\solr\solr-5.5.0\server\solr\ehr\conf}
29904 INFO  (coreLoadExecutor-6-thread-1) [   x:ehr] o.a.s.r.ManagedResourceStorage Reading _rest_managed.json using file:dir=C:\Users\Joaogcorreia\Desktop\EHR + Solr + IndexDocClinicos\Indexacao-de-Documentos-Clinicos\solr\solr-5.5.0\server\solr\ehr\conf
29904 INFO  (coreLoadExecutor-6-thread-1) [   x:ehr] o.a.s.r.RestManager Initializing 0 registered ManagedResources
29944 INFO  (coreLoadExecutor-6-thread-1) [   x:ehr] o.a.s.h.ReplicationHandler Commits will be reserved for  10000
29972 INFO  (searcherExecutor-7-thread-1-processing-x:ehr) [   x:ehr] o.a.s.c.SolrCore [ehr] Registered new searcher Searcher@717c72cc[ehr] main{ExitableDirectoryReader(UninvertingDirectoryReader(Uninverting(_e6(5.5.0):C6)))}
29976 INFO  (coreLoadExecutor-6-thread-1) [   x:ehr] o.a.s.c.CoreContainer registering core: ehr
276298 INFO  (qtp5592464-19) [   x:ehr] o.a.s.c.S.Request [ehr]  webapp=/solr path=/admin/ping params={version=2.2} hits=6 status=0 QTime=413
276299 INFO  (qtp5592464-19) [   x:ehr] o.a.s.c.S.Request [ehr]  webapp=/solr path=/admin/ping params={version=2.2} status=0 QTime=430
276613 INFO  (qtp5592464-18) [   x:ehr] o.a.s.u.DirectUpdateHandler2 [ehr] REMOVING ALL DOCUMENTS FROM INDEX
276623 INFO  (qtp5592464-18) [   x:ehr] o.a.s.u.p.LogUpdateProcessorFactory [ehr]  webapp=/solr path=/update params={version=2.2}{deleteByQuery=*:*} 0 266
277513 INFO  (qtp5592464-20) [   x:ehr] o.a.s.c.PluginBag Going to create a new requestHandler with {type = requestHandler,name = /update/extract,class = solr.extraction.ExtractingRequestHandler,args = {defaults={lowernames=true,uprefix=ignored_,captureAttr=true,fmap.a=ignored_,fmap.div=ignored_,fmap.content=value,q=*:*,df=text,hl=on,hl.simple.post=</b>,f.value.hl.fragsize=0,f.content.hl.snippets=3,hl.fl=content value,f.value.hl.snippets=3,hl.encoder=html,hl.simple.pre=<b>,f.content.hl.fragsize=100}}} 
283457 INFO  (qtp5592464-20) [   x:ehr] o.a.s.u.p.LogUpdateProcessorFactory [ehr]  webapp=/solr path=/update/extract params={resource.name=Proc+5002781.pdf&literal.id=13706793&extractOnly=true&version=2.2&extractFormat=text}{} 0 5944
283793 INFO  (qtp5592464-13) [   x:ehr] o.a.s.u.p.LogUpdateProcessorFactory [ehr]  webapp=/solr path=/update/extract params={resource.name=12001826.pdf&literal.id=13706593&extractOnly=true&version=2.2&extractFormat=text}{} 0 82
284966 INFO  (qtp5592464-17) [   x:ehr] o.a.s.u.p.LogUpdateProcessorFactory [ehr]  webapp=/solr path=/update/extract params={resource.name=338468.PDF&literal.id=13706393&extractOnly=true&version=2.2&extractFormat=text}{} 0 961
285538 INFO  (qtp5592464-21) [   x:ehr] o.a.s.u.p.LogUpdateProcessorFactory [ehr]  webapp=/solr path=/update/extract params={resource.name=338465_01.PDF&literal.id=13706193&extractOnly=true&version=2.2&extractFormat=text}{} 0 292
285925 INFO  (qtp5592464-19) [   x:ehr] o.a.s.u.p.LogUpdateProcessorFactory [ehr]  webapp=/solr path=/update/extract params={resource.name=338465.PDF&literal.id=13706193&extractOnly=true&version=2.2&extractFormat=text}{} 0 93
286118 WARN  (qtp5592464-18) [   x:ehr] o.a.p.p.XrefTrailerResolver Did not found XRef object at specified startxref position 38798
286254 INFO  (qtp5592464-18) [   x:ehr] o.a.s.u.p.LogUpdateProcessorFactory [ehr]  webapp=/solr path=/update/extract params={resource.name=MAXDATA_728134.PDF&literal.id=13706993&extractOnly=true&version=2.2&extractFormat=text}{} 0 212
341216 INFO  (qtp5592464-18) [   x:ehr] o.a.s.u.p.LogUpdateProcessorFactory [ehr]  webapp=/solr path=/update params={version=2.2}{add=[448e4433-16f7-46a6-82e2-7c0e6c4af378]} 0 243
341228 INFO  (qtp5592464-14) [   x:ehr] o.a.s.u.p.LogUpdateProcessorFactory [ehr]  webapp=/solr path=/update params={version=2.2}{add=[5907c749-a245-4a4d-b336-3cd12571a9fa]} 0 5
341292 INFO  (qtp5592464-15) [   x:ehr] o.a.s.u.p.LogUpdateProcessorFactory [ehr]  webapp=/solr path=/update params={version=2.2}{add=[555b49c6-d7fa-470c-a851-759872b0630c]} 0 31
341323 INFO  (qtp5592464-20) [   x:ehr] o.a.s.u.p.LogUpdateProcessorFactory [ehr]  webapp=/solr path=/update params={version=2.2}{add=[7de6761f-f910-47d5-825f-c98cd00b240a]} 0 22
341345 INFO  (qtp5592464-13) [   x:ehr] o.a.s.u.p.LogUpdateProcessorFactory [ehr]  webapp=/solr path=/update params={version=2.2}{add=[8a5c0472-bf62-4109-9cb5-9f0014d497ce]} 0 13
341379 INFO  (qtp5592464-17) [   x:ehr] o.a.s.u.p.LogUpdateProcessorFactory [ehr]  webapp=/solr path=/update params={version=2.2}{add=[2f31d049-b6b9-428b-9a11-598464708155]} 0 14
341412 INFO  (qtp5592464-21) [   x:ehr] o.a.s.u.DirectUpdateHandler2 start commit{,optimize=false,openSearcher=true,waitSearcher=true,expungeDeletes=false,softCommit=false,prepareCommit=false}
341779 INFO  (qtp5592464-21) [   x:ehr] o.a.s.c.SolrDeletionPolicy SolrDeletionPolicy.onCommit: commits: num=2
	commit{dir=NRTCachingDirectory(MMapDirectory@C:\Users\Joaogcorreia\Desktop\EHR + Solr + IndexDocClinicos\Indexacao-de-Documentos-Clinicos\solr\solr-5.5.0\server\solr\ehr\data\index lockFactory=org.apache.lucene.store.NativeFSLockFactory@67fd1fac; maxCacheMB=48.0 maxMergeSizeMB=4.0),segFN=segments_cq,generation=458}
	commit{dir=NRTCachingDirectory(MMapDirectory@C:\Users\Joaogcorreia\Desktop\EHR + Solr + IndexDocClinicos\Indexacao-de-Documentos-Clinicos\solr\solr-5.5.0\server\solr\ehr\data\index lockFactory=org.apache.lucene.store.NativeFSLockFactory@67fd1fac; maxCacheMB=48.0 maxMergeSizeMB=4.0),segFN=segments_cr,generation=459}
341781 INFO  (qtp5592464-21) [   x:ehr] o.a.s.c.SolrDeletionPolicy newest commit generation = 459
341793 INFO  (qtp5592464-21) [   x:ehr] o.a.s.s.SolrIndexSearcher Opening Searcher@4e232fb9[ehr] main
341796 INFO  (qtp5592464-21) [   x:ehr] o.a.s.u.DirectUpdateHandler2 end_commit_flush
341819 INFO  (searcherExecutor-7-thread-1-processing-x:ehr) [   x:ehr] o.a.s.c.SolrCore [ehr] Registered new searcher Searcher@4e232fb9[ehr] main{ExitableDirectoryReader(UninvertingDirectoryReader(Uninverting(_e7(5.5.0):C6)))}
341830 INFO  (qtp5592464-21) [   x:ehr] o.a.s.u.p.LogUpdateProcessorFactory [ehr]  webapp=/solr path=/update params={version=2.2}{commit=} 0 418
353781 INFO  (qtp5592464-19) [   x:ehr] o.a.s.c.S.Request [ehr]  webapp=/solr path=/select params={q=hemograma&hl=true&start=0&hl.fl=content,value,dates&rows=5&version=2.2} hits=2 status=0 QTime=105
362049 INFO  (qtp5592464-19) [   x:ehr] o.a.s.c.S.Request [ehr]  webapp=/solr path=/select params={q=13558707&hl=true&start=0&hl.fl=content,value,dates&rows=5&version=2.2} hits=0 status=0 QTime=4
367618 INFO  (qtp5592464-18) [   x:ehr] o.a.s.c.S.Request [ehr]  webapp=/solr path=/select params={q=hemograma&hl=true&start=0&hl.fl=content,value,dates&rows=5&version=2.2} hits=2 status=0 QTime=69
374555 INFO  (qtp5592464-14) [   x:ehr] o.a.s.c.S.Request [ehr]  webapp=/solr path=/select params={q=917989562&hl=true&start=0&hl.fl=content,value,dates&rows=5&version=2.2} hits=0 status=0 QTime=2
379227 INFO  (qtp5592464-14) [   x:ehr] o.a.s.c.S.Request [ehr]  webapp=/solr path=/select params={q=hemograma&hl=true&start=0&hl.fl=content,value,dates&rows=5&version=2.2} hits=2 status=0 QTime=34
403172 INFO  (qtp5592464-14) [   x:ehr] o.a.s.c.S.Request [ehr]  webapp=/solr path=/select params={q=dgfg&hl=true&start=0&hl.fl=content,value,dates&rows=5&version=2.2} hits=0 status=0 QTime=1
413125 INFO  (qtp5592464-14) [   x:ehr] o.a.s.c.S.Request [ehr]  webapp=/solr path=/select params={q=917989562&hl=true&start=0&hl.fl=content,value,dates&rows=5&version=2.2} hits=0 status=0 QTime=3
487267 INFO  (qtp5592464-14) [   x:ehr] o.a.s.c.S.Request [ehr]  webapp=/solr path=/select params={q=392906376&hl=true&start=0&hl.fl=content,value,dates&rows=5&version=2.2} hits=1 status=0 QTime=4
604714 INFO  (qtp5592464-15) [   x:ehr] o.a.s.c.S.Request [ehr]  webapp=/solr path=/select params={q=386371221&hl=true&start=0&hl.fl=content,value,dates&rows=5&version=2.2} hits=1 status=0 QTime=36
633201 INFO  (qtp5592464-15) [   x:ehr] o.a.s.c.S.Request [ehr]  webapp=/solr path=/select params={q=300114227&hl=true&start=0&hl.fl=content,value,dates&rows=5&version=2.2} hits=2 status=0 QTime=30
650580 INFO  (qtp5592464-17) [   x:ehr] o.a.s.c.S.Request [ehr]  webapp=/solr path=/select params={q=salvador&hl=true&start=0&hl.fl=content,value,dates&rows=5&version=2.2} hits=3 status=0 QTime=16
1354694 INFO  (qtp5592464-18) [   x:ehr] o.a.s.c.S.Request [ehr]  webapp=/solr path=/admin/ping params={version=2.2} hits=6 status=0 QTime=181
1354695 INFO  (qtp5592464-18) [   x:ehr] o.a.s.c.S.Request [ehr]  webapp=/solr path=/admin/ping params={version=2.2} status=0 QTime=182
1354741 INFO  (qtp5592464-14) [   x:ehr] o.a.s.u.DirectUpdateHandler2 [ehr] REMOVING ALL DOCUMENTS FROM INDEX
1354744 INFO  (qtp5592464-14) [   x:ehr] o.a.s.u.p.LogUpdateProcessorFactory [ehr]  webapp=/solr path=/update params={version=2.2}{deleteByQuery=*:*} 0 9
1355808 INFO  (qtp5592464-13) [   x:ehr] o.a.s.u.p.LogUpdateProcessorFactory [ehr]  webapp=/solr path=/update/extract params={resource.name=Proc+5002781.pdf&literal.id=13706793&extractOnly=true&version=2.2&extractFormat=text}{} 0 56
1356106 INFO  (qtp5592464-19) [   x:ehr] o.a.s.u.p.LogUpdateProcessorFactory [ehr]  webapp=/solr path=/update/extract params={resource.name=12001826.pdf&literal.id=13706593&extractOnly=true&version=2.2&extractFormat=text}{} 0 46
1356655 INFO  (qtp5592464-17) [   x:ehr] o.a.s.u.p.LogUpdateProcessorFactory [ehr]  webapp=/solr path=/update/extract params={resource.name=338468.PDF&literal.id=13706393&extractOnly=true&version=2.2&extractFormat=text}{} 0 203
1357074 INFO  (qtp5592464-21) [   x:ehr] o.a.s.u.p.LogUpdateProcessorFactory [ehr]  webapp=/solr path=/update/extract params={resource.name=338465_01.PDF&literal.id=13706193&extractOnly=true&version=2.2&extractFormat=text}{} 0 144
1357703 INFO  (qtp5592464-15) [   x:ehr] o.a.s.u.p.LogUpdateProcessorFactory [ehr]  webapp=/solr path=/update/extract params={resource.name=338465.PDF&literal.id=13706193&extractOnly=true&version=2.2&extractFormat=text}{} 0 257
1357780 WARN  (qtp5592464-20) [   x:ehr] o.a.p.p.XrefTrailerResolver Did not found XRef object at specified startxref position 38798
1357848 INFO  (qtp5592464-20) [   x:ehr] o.a.s.u.p.LogUpdateProcessorFactory [ehr]  webapp=/solr path=/update/extract params={resource.name=MAXDATA_728134.PDF&literal.id=13706993&extractOnly=true&version=2.2&extractFormat=text}{} 0 79
1378035 INFO  (qtp5592464-18) [   x:ehr] o.a.s.u.p.LogUpdateProcessorFactory [ehr]  webapp=/solr path=/update params={version=2.2}{add=[a4fce513-9973-4e62-a3e7-fc318fc9d900]} 0 25
1378061 INFO  (qtp5592464-14) [   x:ehr] o.a.s.u.p.LogUpdateProcessorFactory [ehr]  webapp=/solr path=/update params={version=2.2}{add=[a3631cef-9c7e-4a3d-9ae5-003fd83f8562]} 0 18
1378145 INFO  (qtp5592464-13) [   x:ehr] o.a.s.u.p.LogUpdateProcessorFactory [ehr]  webapp=/solr path=/update params={version=2.2}{add=[3cd07105-bb97-4dad-a3e5-9f4e6999621d]} 0 10
1378191 INFO  (qtp5592464-19) [   x:ehr] o.a.s.u.p.LogUpdateProcessorFactory [ehr]  webapp=/solr path=/update params={version=2.2}{add=[7e7effda-b037-45b8-b2b4-6a70f30c2a08]} 0 23
1378262 INFO  (qtp5592464-17) [   x:ehr] o.a.s.u.p.LogUpdateProcessorFactory [ehr]  webapp=/solr path=/update params={version=2.2}{add=[33988ec1-2396-46c1-a0da-4bbdeff30747]} 0 52
1378293 INFO  (qtp5592464-21) [   x:ehr] o.a.s.u.p.LogUpdateProcessorFactory [ehr]  webapp=/solr path=/update params={version=2.2}{add=[376b3523-581a-4d05-b2ac-3869a2f20926]} 0 9
1378310 INFO  (qtp5592464-15) [   x:ehr] o.a.s.u.DirectUpdateHandler2 start commit{,optimize=false,openSearcher=true,waitSearcher=true,expungeDeletes=false,softCommit=false,prepareCommit=false}
1378412 INFO  (qtp5592464-15) [   x:ehr] o.a.s.c.SolrDeletionPolicy SolrDeletionPolicy.onCommit: commits: num=2
	commit{dir=NRTCachingDirectory(MMapDirectory@C:\Users\Joaogcorreia\Desktop\EHR + Solr + IndexDocClinicos\Indexacao-de-Documentos-Clinicos\solr\solr-5.5.0\server\solr\ehr\data\index lockFactory=org.apache.lucene.store.NativeFSLockFactory@67fd1fac; maxCacheMB=48.0 maxMergeSizeMB=4.0),segFN=segments_cr,generation=459}
	commit{dir=NRTCachingDirectory(MMapDirectory@C:\Users\Joaogcorreia\Desktop\EHR + Solr + IndexDocClinicos\Indexacao-de-Documentos-Clinicos\solr\solr-5.5.0\server\solr\ehr\data\index lockFactory=org.apache.lucene.store.NativeFSLockFactory@67fd1fac; maxCacheMB=48.0 maxMergeSizeMB=4.0),segFN=segments_cs,generation=460}
1378412 INFO  (qtp5592464-15) [   x:ehr] o.a.s.c.SolrDeletionPolicy newest commit generation = 460
1378422 INFO  (qtp5592464-15) [   x:ehr] o.a.s.s.SolrIndexSearcher Opening Searcher@36f0bd26[ehr] main
1378423 INFO  (qtp5592464-15) [   x:ehr] o.a.s.u.DirectUpdateHandler2 end_commit_flush
1378423 INFO  (searcherExecutor-7-thread-1-processing-x:ehr) [   x:ehr] o.a.s.c.SolrCore [ehr] Registered new searcher Searcher@36f0bd26[ehr] main{ExitableDirectoryReader(UninvertingDirectoryReader(Uninverting(_e8(5.5.0):C6)))}
1378432 INFO  (qtp5592464-15) [   x:ehr] o.a.s.u.p.LogUpdateProcessorFactory [ehr]  webapp=/solr path=/update params={version=2.2}{commit=} 0 124
1649743 INFO  (qtp5592464-20) [   x:ehr] o.a.s.c.S.Request [ehr]  webapp=/solr path=/select params={q=hemograma&hl=true&start=0&hl.fl=content,value,dates&rows=5&version=2.2} hits=2 status=0 QTime=53
1902525 INFO  (qtp5592464-19) [   x:ehr] o.a.s.c.S.Request [ehr]  webapp=/solr path=/admin/ping params={version=2.2} hits=6 status=0 QTime=27
1902529 INFO  (qtp5592464-19) [   x:ehr] o.a.s.c.S.Request [ehr]  webapp=/solr path=/admin/ping params={version=2.2} status=0 QTime=27
1902565 INFO  (qtp5592464-17) [   x:ehr] o.a.s.u.DirectUpdateHandler2 [ehr] REMOVING ALL DOCUMENTS FROM INDEX
1902566 INFO  (qtp5592464-17) [   x:ehr] o.a.s.u.p.LogUpdateProcessorFactory [ehr]  webapp=/solr path=/update params={version=2.2}{deleteByQuery=*:*} 0 3
1903240 INFO  (qtp5592464-18) [   x:ehr] o.a.s.u.p.LogUpdateProcessorFactory [ehr]  webapp=/solr path=/update/extract params={resource.name=Proc+5002781.pdf&literal.id=13706793&extractOnly=true&version=2.2&extractFormat=text}{} 0 28
1903467 INFO  (qtp5592464-14) [   x:ehr] o.a.s.u.p.LogUpdateProcessorFactory [ehr]  webapp=/solr path=/update/extract params={resource.name=12001826.pdf&literal.id=13706593&extractOnly=true&version=2.2&extractFormat=text}{} 0 27
1903953 INFO  (qtp5592464-20) [   x:ehr] o.a.s.u.p.LogUpdateProcessorFactory [ehr]  webapp=/solr path=/update/extract params={resource.name=338468.PDF&literal.id=13706393&extractOnly=true&version=2.2&extractFormat=text}{} 0 240
1904329 INFO  (qtp5592464-19) [   x:ehr] o.a.s.u.p.LogUpdateProcessorFactory [ehr]  webapp=/solr path=/update/extract params={resource.name=338465_01.PDF&literal.id=13706193&extractOnly=true&version=2.2&extractFormat=text}{} 0 141
1904789 INFO  (qtp5592464-17) [   x:ehr] o.a.s.u.p.LogUpdateProcessorFactory [ehr]  webapp=/solr path=/update/extract params={resource.name=338465.PDF&literal.id=13706193&extractOnly=true&version=2.2&extractFormat=text}{} 0 152
1904972 WARN  (qtp5592464-15) [   x:ehr] o.a.p.p.XrefTrailerResolver Did not found XRef object at specified startxref position 38798
1905096 INFO  (qtp5592464-15) [   x:ehr] o.a.s.u.p.LogUpdateProcessorFactory [ehr]  webapp=/solr path=/update/extract params={resource.name=MAXDATA_728134.PDF&literal.id=13706993&extractOnly=true&version=2.2&extractFormat=text}{} 0 133
1973311 INFO  (qtp5592464-18) [   x:ehr] o.a.s.c.S.Request [ehr]  webapp=/solr path=/admin/ping params={version=2.2} hits=6 status=0 QTime=11
1973312 INFO  (qtp5592464-18) [   x:ehr] o.a.s.c.S.Request [ehr]  webapp=/solr path=/admin/ping params={version=2.2} status=0 QTime=12
1973384 INFO  (qtp5592464-13) [   x:ehr] o.a.s.u.DirectUpdateHandler2 [ehr] REMOVING ALL DOCUMENTS FROM INDEX
1973385 INFO  (qtp5592464-13) [   x:ehr] o.a.s.u.p.LogUpdateProcessorFactory [ehr]  webapp=/solr path=/update params={version=2.2}{deleteByQuery=*:*} 0 9
1973877 INFO  (qtp5592464-19) [   x:ehr] o.a.s.u.p.LogUpdateProcessorFactory [ehr]  webapp=/solr path=/update/extract params={resource.name=Proc+5002781.pdf&literal.id=13706793&extractOnly=true&version=2.2&extractFormat=text}{} 0 13
1974040 INFO  (qtp5592464-17) [   x:ehr] o.a.s.u.p.LogUpdateProcessorFactory [ehr]  webapp=/solr path=/update/extract params={resource.name=12001826.pdf&literal.id=13706593&extractOnly=true&version=2.2&extractFormat=text}{} 0 12
1974444 INFO  (qtp5592464-15) [   x:ehr] o.a.s.u.p.LogUpdateProcessorFactory [ehr]  webapp=/solr path=/update/extract params={resource.name=338468.PDF&literal.id=13706393&extractOnly=true&version=2.2&extractFormat=text}{} 0 224
1975087 INFO  (qtp5592464-18) [   x:ehr] o.a.s.u.p.LogUpdateProcessorFactory [ehr]  webapp=/solr path=/update/extract params={resource.name=338465_01.PDF&literal.id=13706193&extractOnly=true&version=2.2&extractFormat=text}{} 0 229
1975507 INFO  (qtp5592464-21) [   x:ehr] o.a.s.u.p.LogUpdateProcessorFactory [ehr]  webapp=/solr path=/update/extract params={resource.name=338465.PDF&literal.id=13706193&extractOnly=true&version=2.2&extractFormat=text}{} 0 216
1975697 WARN  (qtp5592464-13) [   x:ehr] o.a.p.p.XrefTrailerResolver Did not found XRef object at specified startxref position 38798
1975761 INFO  (qtp5592464-13) [   x:ehr] o.a.s.u.p.LogUpdateProcessorFactory [ehr]  webapp=/solr path=/update/extract params={resource.name=MAXDATA_728134.PDF&literal.id=13706993&extractOnly=true&version=2.2&extractFormat=text}{} 0 107
2104008 INFO  (qtp5592464-17) [   x:ehr] o.a.s.c.S.Request [ehr]  webapp=/solr path=/admin/ping params={version=2.2} hits=6 status=0 QTime=12
2104008 INFO  (qtp5592464-17) [   x:ehr] o.a.s.c.S.Request [ehr]  webapp=/solr path=/admin/ping params={version=2.2} status=0 QTime=13
2104039 INFO  (qtp5592464-15) [   x:ehr] o.a.s.u.DirectUpdateHandler2 [ehr] REMOVING ALL DOCUMENTS FROM INDEX
2104039 INFO  (qtp5592464-15) [   x:ehr] o.a.s.u.p.LogUpdateProcessorFactory [ehr]  webapp=/solr path=/update params={version=2.2}{deleteByQuery=*:*} 0 9
2104703 INFO  (qtp5592464-18) [   x:ehr] o.a.s.u.p.LogUpdateProcessorFactory [ehr]  webapp=/solr path=/update/extract params={resource.name=Proc+5002781.pdf&literal.id=13706793&extractOnly=true&version=2.2&extractFormat=text}{} 0 15
2104865 INFO  (qtp5592464-21) [   x:ehr] o.a.s.u.p.LogUpdateProcessorFactory [ehr]  webapp=/solr path=/update/extract params={resource.name=12001826.pdf&literal.id=13706593&extractOnly=true&version=2.2&extractFormat=text}{} 0 12
2105732 INFO  (qtp5592464-14) [   x:ehr] o.a.s.u.p.LogUpdateProcessorFactory [ehr]  webapp=/solr path=/update/extract params={resource.name=338468.PDF&literal.id=13706393&extractOnly=true&version=2.2&extractFormat=text}{} 0 77
2105945 INFO  (qtp5592464-20) [   x:ehr] o.a.s.u.p.LogUpdateProcessorFactory [ehr]  webapp=/solr path=/update/extract params={resource.name=338465_01.PDF&literal.id=13706193&extractOnly=true&version=2.2&extractFormat=text}{} 0 111
2106098 INFO  (qtp5592464-19) [   x:ehr] o.a.s.u.p.LogUpdateProcessorFactory [ehr]  webapp=/solr path=/update/extract params={resource.name=338465.PDF&literal.id=13706193&extractOnly=true&version=2.2&extractFormat=text}{} 0 64
2106237 WARN  (qtp5592464-17) [   x:ehr] o.a.p.p.XrefTrailerResolver Did not found XRef object at specified startxref position 38798
2106359 INFO  (qtp5592464-17) [   x:ehr] o.a.s.u.p.LogUpdateProcessorFactory [ehr]  webapp=/solr path=/update/extract params={resource.name=MAXDATA_728134.PDF&literal.id=13706993&extractOnly=true&version=2.2&extractFormat=text}{} 0 138
2516259 INFO  (qtp5592464-19) [   x:ehr] o.a.s.c.S.Request [ehr]  webapp=/solr path=/admin/ping params={version=2.2} hits=6 status=0 QTime=12
2516259 INFO  (qtp5592464-19) [   x:ehr] o.a.s.c.S.Request [ehr]  webapp=/solr path=/admin/ping params={version=2.2} status=0 QTime=12
2516501 INFO  (qtp5592464-17) [   x:ehr] o.a.s.u.DirectUpdateHandler2 [ehr] REMOVING ALL DOCUMENTS FROM INDEX
2516502 INFO  (qtp5592464-17) [   x:ehr] o.a.s.u.p.LogUpdateProcessorFactory [ehr]  webapp=/solr path=/update params={version=2.2}{deleteByQuery=*:*} 0 55
2517077 INFO  (qtp5592464-15) [   x:ehr] o.a.s.u.p.LogUpdateProcessorFactory [ehr]  webapp=/solr path=/update/extract params={resource.name=Proc+5002781.pdf&literal.id=13706793&extractOnly=true&version=2.2&extractFormat=text}{} 0 42
2517244 INFO  (qtp5592464-18) [   x:ehr] o.a.s.u.p.LogUpdateProcessorFactory [ehr]  webapp=/solr path=/update/extract params={resource.name=12001826.pdf&literal.id=13706593&extractOnly=true&version=2.2&extractFormat=text}{} 0 20
2517647 INFO  (qtp5592464-21) [   x:ehr] o.a.s.u.p.LogUpdateProcessorFactory [ehr]  webapp=/solr path=/update/extract params={resource.name=338468.PDF&literal.id=13706393&extractOnly=true&version=2.2&extractFormat=text}{} 0 192
2518159 INFO  (qtp5592464-13) [   x:ehr] o.a.s.u.p.LogUpdateProcessorFactory [ehr]  webapp=/solr path=/update/extract params={resource.name=338465_01.PDF&literal.id=13706193&extractOnly=true&version=2.2&extractFormat=text}{} 0 66
2518464 INFO  (qtp5592464-14) [   x:ehr] o.a.s.u.p.LogUpdateProcessorFactory [ehr]  webapp=/solr path=/update/extract params={resource.name=338465.PDF&literal.id=13706193&extractOnly=true&version=2.2&extractFormat=text}{} 0 136
2518972 WARN  (qtp5592464-20) [   x:ehr] o.a.p.p.XrefTrailerResolver Did not found XRef object at specified startxref position 38798
2519048 INFO  (qtp5592464-20) [   x:ehr] o.a.s.u.p.LogUpdateProcessorFactory [ehr]  webapp=/solr path=/update/extract params={resource.name=MAXDATA_728134.PDF&literal.id=13706993&extractOnly=true&version=2.2&extractFormat=text}{} 0 149
3295298 INFO  (qtp5592464-18) [   x:ehr] o.a.s.c.S.Request [ehr]  webapp=/solr path=/admin/ping params={version=2.2} hits=6 status=0 QTime=13
3295299 INFO  (qtp5592464-18) [   x:ehr] o.a.s.c.S.Request [ehr]  webapp=/solr path=/admin/ping params={version=2.2} status=0 QTime=13
3295326 INFO  (qtp5592464-14) [   x:ehr] o.a.s.u.DirectUpdateHandler2 [ehr] REMOVING ALL DOCUMENTS FROM INDEX
3295327 INFO  (qtp5592464-14) [   x:ehr] o.a.s.u.p.LogUpdateProcessorFactory [ehr]  webapp=/solr path=/update params={version=2.2}{deleteByQuery=*:*} 0 2
3295960 INFO  (qtp5592464-15) [   x:ehr] o.a.s.u.p.LogUpdateProcessorFactory [ehr]  webapp=/solr path=/update/extract params={resource.name=Proc+5002781.pdf&literal.id=13706793&extractOnly=true&version=2.2&extractFormat=text}{} 0 32
3296254 INFO  (qtp5592464-21) [   x:ehr] o.a.s.u.p.LogUpdateProcessorFactory [ehr]  webapp=/solr path=/update/extract params={resource.name=12001826.pdf&literal.id=13706593&extractOnly=true&version=2.2&extractFormat=text}{} 0 10
3296852 INFO  (qtp5592464-17) [   x:ehr] o.a.s.u.p.LogUpdateProcessorFactory [ehr]  webapp=/solr path=/update/extract params={resource.name=338468.PDF&literal.id=13706393&extractOnly=true&version=2.2&extractFormat=text}{} 0 398
3297035 INFO  (qtp5592464-19) [   x:ehr] o.a.s.u.p.LogUpdateProcessorFactory [ehr]  webapp=/solr path=/update/extract params={resource.name=338465_01.PDF&literal.id=13706193&extractOnly=true&version=2.2&extractFormat=text}{} 0 65
3297267 INFO  (qtp5592464-13) [   x:ehr] o.a.s.u.p.LogUpdateProcessorFactory [ehr]  webapp=/solr path=/update/extract params={resource.name=338465.PDF&literal.id=13706193&extractOnly=true&version=2.2&extractFormat=text}{} 0 116
3297440 WARN  (qtp5592464-18) [   x:ehr] o.a.p.p.XrefTrailerResolver Did not found XRef object at specified startxref position 38798
3297484 INFO  (qtp5592464-18) [   x:ehr] o.a.s.u.p.LogUpdateProcessorFactory [ehr]  webapp=/solr path=/update/extract params={resource.name=MAXDATA_728134.PDF&literal.id=13706993&extractOnly=true&version=2.2&extractFormat=text}{} 0 52
3359690 INFO  (qtp5592464-14) [   x:ehr] o.a.s.c.S.Request [ehr]  webapp=/solr path=/admin/ping params={version=2.2} hits=6 status=0 QTime=10
3359691 INFO  (qtp5592464-14) [   x:ehr] o.a.s.c.S.Request [ehr]  webapp=/solr path=/admin/ping params={version=2.2} status=0 QTime=10
3359735 INFO  (qtp5592464-20) [   x:ehr] o.a.s.u.DirectUpdateHandler2 [ehr] REMOVING ALL DOCUMENTS FROM INDEX
3359735 INFO  (qtp5592464-20) [   x:ehr] o.a.s.u.p.LogUpdateProcessorFactory [ehr]  webapp=/solr path=/update params={version=2.2}{deleteByQuery=*:*} 0 2
3361002 INFO  (qtp5592464-21) [   x:ehr] o.a.s.u.p.LogUpdateProcessorFactory [ehr]  webapp=/solr path=/update/extract params={resource.name=Proc+5002781.pdf&literal.id=13706793&extractOnly=true&version=2.2&extractFormat=text}{} 0 47
3361192 INFO  (qtp5592464-15) [   x:ehr] o.a.s.u.p.LogUpdateProcessorFactory [ehr]  webapp=/solr path=/update/extract params={resource.name=12001826.pdf&literal.id=13706593&extractOnly=true&version=2.2&extractFormat=text}{} 0 15
3361552 INFO  (qtp5592464-17) [   x:ehr] o.a.s.u.p.LogUpdateProcessorFactory [ehr]  webapp=/solr path=/update/extract params={resource.name=338468.PDF&literal.id=13706393&extractOnly=true&version=2.2&extractFormat=text}{} 0 110
3361760 INFO  (qtp5592464-19) [   x:ehr] o.a.s.u.p.LogUpdateProcessorFactory [ehr]  webapp=/solr path=/update/extract params={resource.name=338465_01.PDF&literal.id=13706193&extractOnly=true&version=2.2&extractFormat=text}{} 0 100
3361967 INFO  (qtp5592464-13) [   x:ehr] o.a.s.u.p.LogUpdateProcessorFactory [ehr]  webapp=/solr path=/update/extract params={resource.name=338465.PDF&literal.id=13706193&extractOnly=true&version=2.2&extractFormat=text}{} 0 99
3362040 WARN  (qtp5592464-18) [   x:ehr] o.a.p.p.XrefTrailerResolver Did not found XRef object at specified startxref position 38798
3362078 INFO  (qtp5592464-18) [   x:ehr] o.a.s.u.p.LogUpdateProcessorFactory [ehr]  webapp=/solr path=/update/extract params={resource.name=MAXDATA_728134.PDF&literal.id=13706993&extractOnly=true&version=2.2&extractFormat=text}{} 0 47
3810506 INFO  (qtp5592464-18) [   x:ehr] o.a.s.c.S.Request [ehr]  webapp=/solr path=/admin/ping params={version=2.2} hits=6 status=0 QTime=82
3810507 INFO  (qtp5592464-18) [   x:ehr] o.a.s.c.S.Request [ehr]  webapp=/solr path=/admin/ping params={version=2.2} status=0 QTime=83
3810534 INFO  (qtp5592464-21) [   x:ehr] o.a.s.u.DirectUpdateHandler2 [ehr] REMOVING ALL DOCUMENTS FROM INDEX
3810534 INFO  (qtp5592464-21) [   x:ehr] o.a.s.u.p.LogUpdateProcessorFactory [ehr]  webapp=/solr path=/update params={version=2.2}{deleteByQuery=*:*} 0 3
3811233 INFO  (qtp5592464-15) [   x:ehr] o.a.s.u.p.LogUpdateProcessorFactory [ehr]  webapp=/solr path=/update/extract params={resource.name=Proc+5002781.pdf&literal.id=13706793&extractOnly=true&version=2.2&extractFormat=text}{} 0 24
3811394 INFO  (qtp5592464-13) [   x:ehr] o.a.s.u.p.LogUpdateProcessorFactory [ehr]  webapp=/solr path=/update/extract params={resource.name=12001826.pdf&literal.id=13706593&extractOnly=true&version=2.2&extractFormat=text}{} 0 9
3811716 INFO  (qtp5592464-19) [   x:ehr] o.a.s.u.p.LogUpdateProcessorFactory [ehr]  webapp=/solr path=/update/extract params={resource.name=338468.PDF&literal.id=13706393&extractOnly=true&version=2.2&extractFormat=text}{} 0 58
3811832 INFO  (qtp5592464-17) [   x:ehr] o.a.s.u.p.LogUpdateProcessorFactory [ehr]  webapp=/solr path=/update/extract params={resource.name=338465_01.PDF&literal.id=13706193&extractOnly=true&version=2.2&extractFormat=text}{} 0 41
3811970 INFO  (qtp5592464-18) [   x:ehr] o.a.s.u.p.LogUpdateProcessorFactory [ehr]  webapp=/solr path=/update/extract params={resource.name=338465.PDF&literal.id=13706193&extractOnly=true&version=2.2&extractFormat=text}{} 0 48
3812116 WARN  (qtp5592464-21) [   x:ehr] o.a.p.p.XrefTrailerResolver Did not found XRef object at specified startxref position 38798
3812265 INFO  (qtp5592464-21) [   x:ehr] o.a.s.u.p.LogUpdateProcessorFactory [ehr]  webapp=/solr path=/update/extract params={resource.name=MAXDATA_728134.PDF&literal.id=13706993&extractOnly=true&version=2.2&extractFormat=text}{} 0 163
4827140 INFO  (qtp5592464-15) [   x:ehr] o.a.s.c.S.Request [ehr]  webapp=/solr path=/admin/ping params={version=2.2} hits=6 status=0 QTime=9
4827141 INFO  (qtp5592464-15) [   x:ehr] o.a.s.c.S.Request [ehr]  webapp=/solr path=/admin/ping params={version=2.2} status=0 QTime=9
4827196 INFO  (qtp5592464-21) [   x:ehr] o.a.s.u.DirectUpdateHandler2 [ehr] REMOVING ALL DOCUMENTS FROM INDEX
4827197 INFO  (qtp5592464-21) [   x:ehr] o.a.s.u.p.LogUpdateProcessorFactory [ehr]  webapp=/solr path=/update params={version=2.2}{deleteByQuery=*:*} 0 5
4827674 INFO  (qtp5592464-19) [   x:ehr] o.a.s.u.p.LogUpdateProcessorFactory [ehr]  webapp=/solr path=/update/extract params={resource.name=Proc+5002781.pdf&literal.id=13706793&extractOnly=true&version=2.2&extractFormat=text}{} 0 16
4827832 INFO  (qtp5592464-17) [   x:ehr] o.a.s.u.p.LogUpdateProcessorFactory [ehr]  webapp=/solr path=/update/extract params={resource.name=12001826.pdf&literal.id=13706593&extractOnly=true&version=2.2&extractFormat=text}{} 0 8
4828072 INFO  (qtp5592464-13) [   x:ehr] o.a.s.u.p.LogUpdateProcessorFactory [ehr]  webapp=/solr path=/update/extract params={resource.name=338468.PDF&literal.id=13706393&extractOnly=true&version=2.2&extractFormat=text}{} 0 67
4828201 INFO  (qtp5592464-18) [   x:ehr] o.a.s.u.p.LogUpdateProcessorFactory [ehr]  webapp=/solr path=/update/extract params={resource.name=338465_01.PDF&literal.id=13706193&extractOnly=true&version=2.2&extractFormat=text}{} 0 53
4828358 INFO  (qtp5592464-20) [   x:ehr] o.a.s.u.p.LogUpdateProcessorFactory [ehr]  webapp=/solr path=/update/extract params={resource.name=338465.PDF&literal.id=13706193&extractOnly=true&version=2.2&extractFormat=text}{} 0 90
4828418 WARN  (qtp5592464-14) [   x:ehr] o.a.p.p.XrefTrailerResolver Did not found XRef object at specified startxref position 38798
4828448 INFO  (qtp5592464-14) [   x:ehr] o.a.s.u.p.LogUpdateProcessorFactory [ehr]  webapp=/solr path=/update/extract params={resource.name=MAXDATA_728134.PDF&literal.id=13706993&extractOnly=true&version=2.2&extractFormat=text}{} 0 38
5070491 INFO  (qtp5592464-15) [   x:ehr] o.a.s.c.S.Request [ehr]  webapp=/solr path=/admin/ping params={version=2.2} hits=6 status=0 QTime=8
5070492 INFO  (qtp5592464-15) [   x:ehr] o.a.s.c.S.Request [ehr]  webapp=/solr path=/admin/ping params={version=2.2} status=0 QTime=8
5070518 INFO  (qtp5592464-21) [   x:ehr] o.a.s.u.DirectUpdateHandler2 [ehr] REMOVING ALL DOCUMENTS FROM INDEX
5070518 INFO  (qtp5592464-21) [   x:ehr] o.a.s.u.p.LogUpdateProcessorFactory [ehr]  webapp=/solr path=/update params={version=2.2}{deleteByQuery=*:*} 0 2
5070980 INFO  (qtp5592464-17) [   x:ehr] o.a.s.u.p.LogUpdateProcessorFactory [ehr]  webapp=/solr path=/update/extract params={resource.name=Proc+5002781.pdf&literal.id=13706793&extractOnly=true&version=2.2&extractFormat=text}{} 0 13
5071176 INFO  (qtp5592464-19) [   x:ehr] o.a.s.u.p.LogUpdateProcessorFactory [ehr]  webapp=/solr path=/update/extract params={resource.name=12001826.pdf&literal.id=13706593&extractOnly=true&version=2.2&extractFormat=text}{} 0 9
5071452 INFO  (qtp5592464-13) [   x:ehr] o.a.s.u.p.LogUpdateProcessorFactory [ehr]  webapp=/solr path=/update/extract params={resource.name=338468.PDF&literal.id=13706393&extractOnly=true&version=2.2&extractFormat=text}{} 0 84
5071603 INFO  (qtp5592464-18) [   x:ehr] o.a.s.u.p.LogUpdateProcessorFactory [ehr]  webapp=/solr path=/update/extract params={resource.name=338465_01.PDF&literal.id=13706193&extractOnly=true&version=2.2&extractFormat=text}{} 0 64
5071869 INFO  (qtp5592464-20) [   x:ehr] o.a.s.u.p.LogUpdateProcessorFactory [ehr]  webapp=/solr path=/update/extract params={resource.name=338465.PDF&literal.id=13706193&extractOnly=true&version=2.2&extractFormat=text}{} 0 185
5071928 WARN  (qtp5592464-14) [   x:ehr] o.a.p.p.XrefTrailerResolver Did not found XRef object at specified startxref position 38798
5071969 INFO  (qtp5592464-14) [   x:ehr] o.a.s.u.p.LogUpdateProcessorFactory [ehr]  webapp=/solr path=/update/extract params={resource.name=MAXDATA_728134.PDF&literal.id=13706993&extractOnly=true&version=2.2&extractFormat=text}{} 0 47
5481370 INFO  (qtp5592464-14) [   x:ehr] o.a.s.c.S.Request [ehr]  webapp=/solr path=/admin/ping params={version=2.2} hits=6 status=0 QTime=173
5481370 INFO  (qtp5592464-14) [   x:ehr] o.a.s.c.S.Request [ehr]  webapp=/solr path=/admin/ping params={version=2.2} status=0 QTime=174
5481722 INFO  (qtp5592464-20) [   x:ehr] o.a.s.u.DirectUpdateHandler2 [ehr] REMOVING ALL DOCUMENTS FROM INDEX
5481723 INFO  (qtp5592464-20) [   x:ehr] o.a.s.u.p.LogUpdateProcessorFactory [ehr]  webapp=/solr path=/update params={version=2.2}{deleteByQuery=*:*} 0 240
5482196 INFO  (qtp5592464-18) [   x:ehr] o.a.s.u.p.LogUpdateProcessorFactory [ehr]  webapp=/solr path=/update/extract params={resource.name=Proc+5002781.pdf&literal.id=13706793&extractOnly=true&version=2.2&extractFormat=text}{} 0 15
5482347 INFO  (qtp5592464-17) [   x:ehr] o.a.s.u.p.LogUpdateProcessorFactory [ehr]  webapp=/solr path=/update/extract params={resource.name=12001826.pdf&literal.id=13706593&extractOnly=true&version=2.2&extractFormat=text}{} 0 10
5483034 INFO  (qtp5592464-13) [   x:ehr] o.a.s.u.p.LogUpdateProcessorFactory [ehr]  webapp=/solr path=/update/extract params={resource.name=338468.PDF&literal.id=13706393&extractOnly=true&version=2.2&extractFormat=text}{} 0 459
5483138 INFO  (qtp5592464-15) [   x:ehr] o.a.s.u.p.LogUpdateProcessorFactory [ehr]  webapp=/solr path=/update/extract params={resource.name=338465_01.PDF&literal.id=13706193&extractOnly=true&version=2.2&extractFormat=text}{} 0 36
5485171 INFO  (qtp5592464-19) [   x:ehr] o.a.s.u.p.LogUpdateProcessorFactory [ehr]  webapp=/solr path=/update/extract params={resource.name=338465.PDF&literal.id=13706193&extractOnly=true&version=2.2&extractFormat=text}{} 0 38
5485247 WARN  (qtp5592464-21) [   x:ehr] o.a.p.p.XrefTrailerResolver Did not found XRef object at specified startxref position 38798
5485299 INFO  (qtp5592464-21) [   x:ehr] o.a.s.u.p.LogUpdateProcessorFactory [ehr]  webapp=/solr path=/update/extract params={resource.name=MAXDATA_728134.PDF&literal.id=13706993&extractOnly=true&version=2.2&extractFormat=text}{} 0 62
5531157 INFO  (qtp5592464-14) [   x:ehr] o.a.s.u.p.LogUpdateProcessorFactory [ehr]  webapp=/solr path=/update params={version=2.2}{add=[cd2195fc-c946-4a72-9cc2-ebf30019231c]} 0 474
5531165 INFO  (qtp5592464-20) [   x:ehr] o.a.s.u.p.LogUpdateProcessorFactory [ehr]  webapp=/solr path=/update params={version=2.2}{add=[41940d95-6c63-44a4-ab54-78f49e574c87]} 0 2
5531175 INFO  (qtp5592464-18) [   x:ehr] o.a.s.u.p.LogUpdateProcessorFactory [ehr]  webapp=/solr path=/update params={version=2.2}{add=[97ec3cef-0a34-4c08-979c-d77e403e2e77]} 0 5
5531185 INFO  (qtp5592464-17) [   x:ehr] o.a.s.u.p.LogUpdateProcessorFactory [ehr]  webapp=/solr path=/update params={version=2.2}{add=[91883b74-ab10-4eb9-8452-8db1c56f9f6a]} 0 7
5531223 INFO  (qtp5592464-13) [   x:ehr] o.a.s.u.p.LogUpdateProcessorFactory [ehr]  webapp=/solr path=/update params={version=2.2}{add=[98659b70-a482-4202-b8e5-00fd3239e5b6]} 0 33
5531234 INFO  (qtp5592464-15) [   x:ehr] o.a.s.u.p.LogUpdateProcessorFactory [ehr]  webapp=/solr path=/update params={version=2.2}{add=[fcf595eb-e03b-4cca-8a68-4cd9c6a8a61a]} 0 8
5531249 INFO  (qtp5592464-19) [   x:ehr] o.a.s.u.DirectUpdateHandler2 start commit{,optimize=false,openSearcher=true,waitSearcher=true,expungeDeletes=false,softCommit=false,prepareCommit=false}
5531702 INFO  (qtp5592464-19) [   x:ehr] o.a.s.c.SolrDeletionPolicy SolrDeletionPolicy.onCommit: commits: num=2
	commit{dir=NRTCachingDirectory(MMapDirectory@C:\Users\Joaogcorreia\Desktop\EHR + Solr + IndexDocClinicos\Indexacao-de-Documentos-Clinicos\solr\solr-5.5.0\server\solr\ehr\data\index lockFactory=org.apache.lucene.store.NativeFSLockFactory@67fd1fac; maxCacheMB=48.0 maxMergeSizeMB=4.0),segFN=segments_cs,generation=460}
	commit{dir=NRTCachingDirectory(MMapDirectory@C:\Users\Joaogcorreia\Desktop\EHR + Solr + IndexDocClinicos\Indexacao-de-Documentos-Clinicos\solr\solr-5.5.0\server\solr\ehr\data\index lockFactory=org.apache.lucene.store.NativeFSLockFactory@67fd1fac; maxCacheMB=48.0 maxMergeSizeMB=4.0),segFN=segments_ct,generation=461}
5531730 INFO  (qtp5592464-19) [   x:ehr] o.a.s.c.SolrDeletionPolicy newest commit generation = 461
5531842 INFO  (qtp5592464-19) [   x:ehr] o.a.s.s.SolrIndexSearcher Opening Searcher@5311a965[ehr] main
5531881 INFO  (qtp5592464-19) [   x:ehr] o.a.s.u.DirectUpdateHandler2 end_commit_flush
5531890 INFO  (searcherExecutor-7-thread-1-processing-x:ehr) [   x:ehr] o.a.s.c.SolrCore [ehr] Registered new searcher Searcher@5311a965[ehr] main{ExitableDirectoryReader(UninvertingDirectoryReader(Uninverting(_e9(5.5.0):C6)))}
5531915 INFO  (qtp5592464-19) [   x:ehr] o.a.s.u.p.LogUpdateProcessorFactory [ehr]  webapp=/solr path=/update params={version=2.2}{commit=} 0 670
5546882 INFO  (qtp5592464-19) [   x:ehr] o.a.s.c.S.Request [ehr]  webapp=/solr path=/select params={q=hemograma&hl=true&start=0&hl.fl=content,value,dates&rows=5&version=2.2} hits=2 status=0 QTime=229
5573685 INFO  (qtp5592464-21) [   x:ehr] o.a.s.c.S.Request [ehr]  webapp=/solr path=/select params={q=(dates:[1978-03-21T00:00:00Z+TO+1978-03-21T00:00:00Z]+AND+hemograma)&hl=true&start=0&hl.fl=content,value,dates&rows=5&version=2.2} hits=0 status=0 QTime=809
5587653 INFO  (qtp5592464-21) [   x:ehr] o.a.s.c.S.Request [ehr]  webapp=/solr path=/select params={q=hemograma&hl=true&start=0&hl.fl=content,value,dates&rows=5&version=2.2} hits=2 status=0 QTime=56
5609331 INFO  (qtp5592464-20) [   x:ehr] o.a.s.c.S.Request [ehr]  webapp=/solr path=/select params={q=(dates:[1989-03-21T00:00:00Z+TO+1989-03-21T00:00:00Z]+AND+hemograma)&hl=true&start=0&hl.fl=content,value,dates&rows=5&version=2.2} hits=1 status=0 QTime=392
5647135 INFO  (ShutdownMonitor) [   ] o.e.j.s.ServerConnector Stopped ServerConnector@6302bbb1{HTTP/1.1}{0.0.0.0:8983}
5647485 INFO  (ShutdownMonitor) [   ] o.a.s.c.CoreContainer Shutting down CoreContainer instance=1691875296
5648295 INFO  (coreCloseExecutor-11-thread-1) [   x:ehr] o.a.s.c.SolrCore [ehr]  CLOSING SolrCore org.apache.solr.core.SolrCore@ace1454
5648755 INFO  (coreCloseExecutor-11-thread-1) [   x:ehr] o.a.s.u.DirectUpdateHandler2 closing DirectUpdateHandler2{commits=3,autocommits=0,soft autocommits=0,optimizes=0,rollbacks=0,expungeDeletes=0,docsPending=0,adds=0,deletesById=0,deletesByQuery=0,errors=0,cumulative_adds=18,cumulative_deletesById=0,cumulative_deletesByQuery=12,cumulative_errors=0}
5648755 INFO  (coreCloseExecutor-11-thread-1) [   x:ehr] o.a.s.u.SolrCoreState Closing SolrCoreState
5648755 INFO  (coreCloseExecutor-11-thread-1) [   x:ehr] o.a.s.u.DefaultSolrCoreState SolrCoreState ref count has reached 0 - closing IndexWriter
5648755 INFO  (coreCloseExecutor-11-thread-1) [   x:ehr] o.a.s.u.DefaultSolrCoreState closing IndexWriter with IndexWriterCloser
5649045 INFO  (coreCloseExecutor-11-thread-1) [   x:ehr] o.a.s.c.SolrCore [ehr] Closing main searcher on request.
5649085 INFO  (coreCloseExecutor-11-thread-1) [   x:ehr] o.a.s.c.CachingDirectoryFactory Closing NRTCachingDirectoryFactory - 2 directories currently being tracked
5649185 INFO  (coreCloseExecutor-11-thread-1) [   x:ehr] o.a.s.c.CachingDirectoryFactory looking to close C:\Users\Joaogcorreia\Desktop\EHR + Solr + IndexDocClinicos\Indexacao-de-Documentos-Clinicos\solr\solr-5.5.0\server\solr\ehr\data\index [CachedDir<<refCount=0;path=C:\Users\Joaogcorreia\Desktop\EHR + Solr + IndexDocClinicos\Indexacao-de-Documentos-Clinicos\solr\solr-5.5.0\server\solr\ehr\data\index;done=false>>]
5649185 INFO  (coreCloseExecutor-11-thread-1) [   x:ehr] o.a.s.c.CachingDirectoryFactory Closing directory: C:\Users\Joaogcorreia\Desktop\EHR + Solr + IndexDocClinicos\Indexacao-de-Documentos-Clinicos\solr\solr-5.5.0\server\solr\ehr\data\index
5649185 INFO  (coreCloseExecutor-11-thread-1) [   x:ehr] o.a.s.c.CachingDirectoryFactory looking to close C:\Users\Joaogcorreia\Desktop\EHR + Solr + IndexDocClinicos\Indexacao-de-Documentos-Clinicos\solr\solr-5.5.0\server\solr\ehr\data [CachedDir<<refCount=0;path=C:\Users\Joaogcorreia\Desktop\EHR + Solr + IndexDocClinicos\Indexacao-de-Documentos-Clinicos\solr\solr-5.5.0\server\solr\ehr\data;done=false>>]
5649185 INFO  (coreCloseExecutor-11-thread-1) [   x:ehr] o.a.s.c.CachingDirectoryFactory Closing directory: C:\Users\Joaogcorreia\Desktop\EHR + Solr + IndexDocClinicos\Indexacao-de-Documentos-Clinicos\solr\solr-5.5.0\server\solr\ehr\data
5650723 INFO  (ShutdownMonitor) [   ] o.e.j.s.h.ContextHandler Stopped o.e.j.w.WebAppContext@57fffcd7{/solr,file:/C:/Users/Joaogcorreia/Desktop/EHR%20+%20Solr%20+%20IndexDocClinicos/Indexacao-de-Documentos-Clinicos/solr/solr-5.5.0/server/solr-webapp/webapp/,UNAVAILABLE}{C:\Users\Joaogcorreia\Desktop\EHR + Solr + IndexDocClinicos\Indexacao-de-Documentos-Clinicos\solr\solr-5.5.0\server/solr-webapp/webapp}
