2016-05-31 07:59:40.277 INFO  (main) [   ] o.e.j.u.log Logging initialized @7280ms
2016-05-31 07:59:43.210 INFO  (main) [   ] o.e.j.s.Server jetty-9.2.13.v20150730
2016-05-31 07:59:43.288 WARN  (main) [   ] o.e.j.s.h.RequestLogHandler !RequestLog
2016-05-31 07:59:43.288 INFO  (main) [   ] o.e.j.d.p.ScanningAppProvider Deployment monitor [file:/C:/Users/Joaogcorreia/Desktop/EHR%20+%20Solr%20+%20IndexDocClinicos/Indexacao-de-Documentos-Clinicos/solr/solr-5.5.0/server/contexts/] at interval 0
2016-05-31 07:59:46.455 INFO  (main) [   ] o.e.j.w.StandardDescriptorProcessor NO JSP Support for /solr, did not find org.apache.jasper.servlet.JspServlet
2016-05-31 07:59:46.626 WARN  (main) [   ] o.e.j.s.SecurityHandler ServletContext@o.e.j.w.WebAppContext@57fffcd7{/solr,file:/C:/Users/Joaogcorreia/Desktop/EHR%20+%20Solr%20+%20IndexDocClinicos/Indexacao-de-Documentos-Clinicos/solr/solr-5.5.0/server/solr-webapp/webapp/,STARTING}{C:\Users\Joaogcorreia\Desktop\EHR + Solr + IndexDocClinicos\Indexacao-de-Documentos-Clinicos\solr\solr-5.5.0\server/solr-webapp/webapp} has uncovered http methods for path: /
2016-05-31 07:59:46.751 INFO  (main) [   ] o.a.s.s.SolrDispatchFilter SolrDispatchFilter.init(): WebAppClassLoader=1926764753@72d818d1
2016-05-31 07:59:47.906 INFO  (main) [   ] o.a.s.c.SolrResourceLoader JNDI not configured for solr (NoInitialContextEx)
2016-05-31 07:59:47.906 INFO  (main) [   ] o.a.s.c.SolrResourceLoader using system property solr.solr.home: C:\Users\Joaogcorreia\Desktop\EHR + Solr + IndexDocClinicos\Indexacao-de-Documentos-Clinicos\solr\solr-5.5.0\server\solr
2016-05-31 07:59:47.906 INFO  (main) [   ] o.a.s.c.SolrResourceLoader new SolrResourceLoader for directory: 'C:\Users\Joaogcorreia\Desktop\EHR + Solr + IndexDocClinicos\Indexacao-de-Documentos-Clinicos\solr\solr-5.5.0\server\solr'
2016-05-31 07:59:47.906 INFO  (main) [   ] o.a.s.c.SolrResourceLoader JNDI not configured for solr (NoInitialContextEx)
2016-05-31 07:59:47.906 INFO  (main) [   ] o.a.s.c.SolrResourceLoader using system property solr.solr.home: C:\Users\Joaogcorreia\Desktop\EHR + Solr + IndexDocClinicos\Indexacao-de-Documentos-Clinicos\solr\solr-5.5.0\server\solr
2016-05-31 07:59:48.108 INFO  (main) [   ] o.a.s.c.SolrXmlConfig Loading container configuration from C:\Users\Joaogcorreia\Desktop\EHR + Solr + IndexDocClinicos\Indexacao-de-Documentos-Clinicos\solr\solr-5.5.0\server\solr\solr.xml
2016-05-31 07:59:51.837 INFO  (main) [   ] o.a.s.c.CorePropertiesLocator Config-defined core root directory: C:\Users\Joaogcorreia\Desktop\EHR + Solr + IndexDocClinicos\Indexacao-de-Documentos-Clinicos\solr\solr-5.5.0\server\solr
2016-05-31 07:59:52.617 INFO  (main) [   ] o.a.s.c.CoreContainer New CoreContainer 1691875296
2016-05-31 07:59:52.617 INFO  (main) [   ] o.a.s.c.CoreContainer Loading cores into CoreContainer [instanceDir=C:\Users\Joaogcorreia\Desktop\EHR + Solr + IndexDocClinicos\Indexacao-de-Documentos-Clinicos\solr\solr-5.5.0\server\solr]
2016-05-31 07:59:52.617 WARN  (main) [   ] o.a.s.c.CoreContainer Couldn't add files from C:\Users\Joaogcorreia\Desktop\EHR + Solr + IndexDocClinicos\Indexacao-de-Documentos-Clinicos\solr\solr-5.5.0\server\solr\lib to classpath: C:\Users\Joaogcorreia\Desktop\EHR + Solr + IndexDocClinicos\Indexacao-de-Documentos-Clinicos\solr\solr-5.5.0\server\solr\lib
2016-05-31 07:59:52.851 INFO  (main) [   ] o.a.s.h.c.HttpShardHandlerFactory created with socketTimeout : 600000,connTimeout : 60000,maxConnectionsPerHost : 20,maxConnections : 10000,corePoolSize : 0,maximumPoolSize : 2147483647,maxThreadIdleTime : 5,sizeOfQueue : -1,fairnessPolicy : false,useRetries : false,
2016-05-31 07:59:53.381 INFO  (main) [   ] o.a.s.u.UpdateShardHandler Creating UpdateShardHandler HTTP client with params: socketTimeout=600000&connTimeout=60000&retry=true
2016-05-31 07:59:53.412 INFO  (main) [   ] o.a.s.l.LogWatcher SLF4J impl is org.slf4j.impl.Log4jLoggerFactory
2016-05-31 07:59:53.428 INFO  (main) [   ] o.a.s.l.LogWatcher Registering Log Listener [Log4j (org.slf4j.impl.Log4jLoggerFactory)]
2016-05-31 07:59:53.490 INFO  (main) [   ] o.a.s.c.CoreContainer Security conf doesn't exist. Skipping setup for authorization module.
2016-05-31 07:59:53.490 INFO  (main) [   ] o.a.s.c.CoreContainer No authentication plugin used.
2016-05-31 07:59:54.676 INFO  (main) [   ] o.a.s.c.CorePropertiesLocator Looking for core definitions underneath C:\Users\Joaogcorreia\Desktop\EHR + Solr + IndexDocClinicos\Indexacao-de-Documentos-Clinicos\solr\solr-5.5.0\server\solr
2016-05-31 07:59:55.472 INFO  (main) [   ] o.a.s.c.CoreDescriptor Created CoreDescriptor: {name=ehr, config=C:\Users\Joaogcorreia\Desktop\EHR + Solr + IndexDocClinicos\Indexacao-de-Documentos-Clinicos\solr\solr-5.5.0\server\solr\ehr\conf\solrconfig.xml, loadOnStartup=true, schema=C:\Users\Joaogcorreia\Desktop\EHR + Solr + IndexDocClinicos\Indexacao-de-Documentos-Clinicos\solr\solr-5.5.0\server\solr\ehr\conf\schema.xml, configSetProperties=configsetprops.json, transient=false, dataDir=C:\Users\Joaogcorreia\Desktop\EHR + Solr + IndexDocClinicos\Indexacao-de-Documentos-Clinicos\solr\solr-5.5.0\server\solr\ehr\data}
2016-05-31 07:59:55.472 INFO  (main) [   ] o.a.s.c.CorePropertiesLocator Found core ehr in C:\Users\Joaogcorreia\Desktop\EHR + Solr + IndexDocClinicos\Indexacao-de-Documentos-Clinicos\solr\solr-5.5.0\server\solr\ehr
2016-05-31 07:59:55.472 INFO  (main) [   ] o.a.s.c.CorePropertiesLocator Found 1 core definitions
2016-05-31 07:59:55.503 INFO  (coreLoadExecutor-6-thread-1) [   ] o.a.s.c.SolrResourceLoader new SolrResourceLoader for directory: 'C:\Users\Joaogcorreia\Desktop\EHR + Solr + IndexDocClinicos\Indexacao-de-Documentos-Clinicos\solr\solr-5.5.0\server\solr\ehr'
2016-05-31 07:59:55.503 INFO  (coreLoadExecutor-6-thread-1) [   ] o.a.s.c.SolrResourceLoader JNDI not configured for solr (NoInitialContextEx)
2016-05-31 07:59:55.503 INFO  (coreLoadExecutor-6-thread-1) [   ] o.a.s.c.SolrResourceLoader using system property solr.solr.home: C:\Users\Joaogcorreia\Desktop\EHR + Solr + IndexDocClinicos\Indexacao-de-Documentos-Clinicos\solr\solr-5.5.0\server\solr
2016-05-31 07:59:55.503 INFO  (main) [   ] o.a.s.s.SolrDispatchFilter user.dir=C:\Users\Joaogcorreia\Desktop\EHR + Solr + IndexDocClinicos\Indexacao-de-Documentos-Clinicos\solr\solr-5.5.0\server
2016-05-31 07:59:55.503 INFO  (main) [   ] o.a.s.s.SolrDispatchFilter SolrDispatchFilter.init() done
2016-05-31 07:59:55.550 INFO  (main) [   ] o.e.j.s.h.ContextHandler Started o.e.j.w.WebAppContext@57fffcd7{/solr,file:/C:/Users/Joaogcorreia/Desktop/EHR%20+%20Solr%20+%20IndexDocClinicos/Indexacao-de-Documentos-Clinicos/solr/solr-5.5.0/server/solr-webapp/webapp/,AVAILABLE}{C:\Users\Joaogcorreia\Desktop\EHR + Solr + IndexDocClinicos\Indexacao-de-Documentos-Clinicos\solr\solr-5.5.0\server/solr-webapp/webapp}
2016-05-31 07:59:56.142 INFO  (coreLoadExecutor-6-thread-1) [   ] o.a.s.c.SolrConfig current version of requestparams : -1
2016-05-31 07:59:56.142 INFO  (coreLoadExecutor-6-thread-1) [   ] o.a.s.c.SolrConfig Adding specified lib dirs to ClassLoader
2016-05-31 07:59:56.501 INFO  (main) [   ] o.e.j.s.ServerConnector Started ServerConnector@6302bbb1{HTTP/1.1}{0.0.0.0:8983}
2016-05-31 07:59:56.517 INFO  (main) [   ] o.e.j.s.Server Started @23525ms
2016-05-31 07:59:56.610 INFO  (coreLoadExecutor-6-thread-1) [   ] o.a.s.c.SolrResourceLoader Adding 'file:/C:/Users/Joaogcorreia/Desktop/EHR%20+%20Solr%20+%20IndexDocClinicos/Indexacao-de-Documentos-Clinicos/solr/solr-5.5.0/contrib/dataimporthandler/lib/mysql-connector-java-5.1.38-bin.jar' to classloader
2016-05-31 07:59:56.610 INFO  (coreLoadExecutor-6-thread-1) [   ] o.a.s.c.SolrResourceLoader Adding 'file:/C:/Users/Joaogcorreia/Desktop/EHR%20+%20Solr%20+%20IndexDocClinicos/Indexacao-de-Documentos-Clinicos/solr/solr-5.5.0/contrib/dataimporthandler/lib/sqljdbc4.jar' to classloader
2016-05-31 07:59:56.610 INFO  (coreLoadExecutor-6-thread-1) [   ] o.a.s.c.SolrResourceLoader Adding 'file:/C:/Users/Joaogcorreia/Desktop/EHR%20+%20Solr%20+%20IndexDocClinicos/Indexacao-de-Documentos-Clinicos/solr/solr-5.5.0/dist/solr-dataimporthandler-5.5.0.jar' to classloader
2016-05-31 07:59:56.610 INFO  (coreLoadExecutor-6-thread-1) [   ] o.a.s.c.SolrResourceLoader Adding 'file:/C:/Users/Joaogcorreia/Desktop/EHR%20+%20Solr%20+%20IndexDocClinicos/Indexacao-de-Documentos-Clinicos/solr/solr-5.5.0/dist/solr-dataimporthandler-extras-5.5.0.jar' to classloader
2016-05-31 07:59:56.610 INFO  (coreLoadExecutor-6-thread-1) [   ] o.a.s.c.SolrResourceLoader Adding 'file:/C:/Users/Joaogcorreia/Desktop/EHR%20+%20Solr%20+%20IndexDocClinicos/Indexacao-de-Documentos-Clinicos/solr/solr-5.5.0/contrib/extraction/lib/apache-mime4j-core-0.7.2.jar' to classloader
2016-05-31 07:59:56.610 INFO  (coreLoadExecutor-6-thread-1) [   ] o.a.s.c.SolrResourceLoader Adding 'file:/C:/Users/Joaogcorreia/Desktop/EHR%20+%20Solr%20+%20IndexDocClinicos/Indexacao-de-Documentos-Clinicos/solr/solr-5.5.0/contrib/extraction/lib/apache-mime4j-dom-0.7.2.jar' to classloader
2016-05-31 07:59:56.610 INFO  (coreLoadExecutor-6-thread-1) [   ] o.a.s.c.SolrResourceLoader Adding 'file:/C:/Users/Joaogcorreia/Desktop/EHR%20+%20Solr%20+%20IndexDocClinicos/Indexacao-de-Documentos-Clinicos/solr/solr-5.5.0/contrib/extraction/lib/aspectjrt-1.8.0.jar' to classloader
2016-05-31 07:59:56.610 INFO  (coreLoadExecutor-6-thread-1) [   ] o.a.s.c.SolrResourceLoader Adding 'file:/C:/Users/Joaogcorreia/Desktop/EHR%20+%20Solr%20+%20IndexDocClinicos/Indexacao-de-Documentos-Clinicos/solr/solr-5.5.0/contrib/extraction/lib/bcmail-jdk15-1.45.jar' to classloader
2016-05-31 07:59:56.610 INFO  (coreLoadExecutor-6-thread-1) [   ] o.a.s.c.SolrResourceLoader Adding 'file:/C:/Users/Joaogcorreia/Desktop/EHR%20+%20Solr%20+%20IndexDocClinicos/Indexacao-de-Documentos-Clinicos/solr/solr-5.5.0/contrib/extraction/lib/bcprov-jdk15-1.45.jar' to classloader
2016-05-31 07:59:56.610 INFO  (coreLoadExecutor-6-thread-1) [   ] o.a.s.c.SolrResourceLoader Adding 'file:/C:/Users/Joaogcorreia/Desktop/EHR%20+%20Solr%20+%20IndexDocClinicos/Indexacao-de-Documentos-Clinicos/solr/solr-5.5.0/contrib/extraction/lib/boilerpipe-1.1.0.jar' to classloader
2016-05-31 07:59:56.610 INFO  (coreLoadExecutor-6-thread-1) [   ] o.a.s.c.SolrResourceLoader Adding 'file:/C:/Users/Joaogcorreia/Desktop/EHR%20+%20Solr%20+%20IndexDocClinicos/Indexacao-de-Documentos-Clinicos/solr/solr-5.5.0/contrib/extraction/lib/commons-compress-1.8.1.jar' to classloader
2016-05-31 07:59:56.610 INFO  (coreLoadExecutor-6-thread-1) [   ] o.a.s.c.SolrResourceLoader Adding 'file:/C:/Users/Joaogcorreia/Desktop/EHR%20+%20Solr%20+%20IndexDocClinicos/Indexacao-de-Documentos-Clinicos/solr/solr-5.5.0/contrib/extraction/lib/fontbox-1.8.8.jar' to classloader
2016-05-31 07:59:56.610 INFO  (coreLoadExecutor-6-thread-1) [   ] o.a.s.c.SolrResourceLoader Adding 'file:/C:/Users/Joaogcorreia/Desktop/EHR%20+%20Solr%20+%20IndexDocClinicos/Indexacao-de-Documentos-Clinicos/solr/solr-5.5.0/contrib/extraction/lib/icu4j-54.1.jar' to classloader
2016-05-31 07:59:56.610 INFO  (coreLoadExecutor-6-thread-1) [   ] o.a.s.c.SolrResourceLoader Adding 'file:/C:/Users/Joaogcorreia/Desktop/EHR%20+%20Solr%20+%20IndexDocClinicos/Indexacao-de-Documentos-Clinicos/solr/solr-5.5.0/contrib/extraction/lib/isoparser-1.0.2.jar' to classloader
2016-05-31 07:59:56.610 INFO  (coreLoadExecutor-6-thread-1) [   ] o.a.s.c.SolrResourceLoader Adding 'file:/C:/Users/Joaogcorreia/Desktop/EHR%20+%20Solr%20+%20IndexDocClinicos/Indexacao-de-Documentos-Clinicos/solr/solr-5.5.0/contrib/extraction/lib/java-libpst-0.8.1.jar' to classloader
2016-05-31 07:59:56.610 INFO  (coreLoadExecutor-6-thread-1) [   ] o.a.s.c.SolrResourceLoader Adding 'file:/C:/Users/Joaogcorreia/Desktop/EHR%20+%20Solr%20+%20IndexDocClinicos/Indexacao-de-Documentos-Clinicos/solr/solr-5.5.0/contrib/extraction/lib/jdom-1.0.jar' to classloader
2016-05-31 07:59:56.610 INFO  (coreLoadExecutor-6-thread-1) [   ] o.a.s.c.SolrResourceLoader Adding 'file:/C:/Users/Joaogcorreia/Desktop/EHR%20+%20Solr%20+%20IndexDocClinicos/Indexacao-de-Documentos-Clinicos/solr/solr-5.5.0/contrib/extraction/lib/jempbox-1.8.8.jar' to classloader
2016-05-31 07:59:56.610 INFO  (coreLoadExecutor-6-thread-1) [   ] o.a.s.c.SolrResourceLoader Adding 'file:/C:/Users/Joaogcorreia/Desktop/EHR%20+%20Solr%20+%20IndexDocClinicos/Indexacao-de-Documentos-Clinicos/solr/solr-5.5.0/contrib/extraction/lib/jmatio-1.0.jar' to classloader
2016-05-31 07:59:56.610 INFO  (coreLoadExecutor-6-thread-1) [   ] o.a.s.c.SolrResourceLoader Adding 'file:/C:/Users/Joaogcorreia/Desktop/EHR%20+%20Solr%20+%20IndexDocClinicos/Indexacao-de-Documentos-Clinicos/solr/solr-5.5.0/contrib/extraction/lib/juniversalchardet-1.0.3.jar' to classloader
2016-05-31 07:59:56.610 INFO  (coreLoadExecutor-6-thread-1) [   ] o.a.s.c.SolrResourceLoader Adding 'file:/C:/Users/Joaogcorreia/Desktop/EHR%20+%20Solr%20+%20IndexDocClinicos/Indexacao-de-Documentos-Clinicos/solr/solr-5.5.0/contrib/extraction/lib/metadata-extractor-2.6.2.jar' to classloader
2016-05-31 07:59:56.610 INFO  (coreLoadExecutor-6-thread-1) [   ] o.a.s.c.SolrResourceLoader Adding 'file:/C:/Users/Joaogcorreia/Desktop/EHR%20+%20Solr%20+%20IndexDocClinicos/Indexacao-de-Documentos-Clinicos/solr/solr-5.5.0/contrib/extraction/lib/pdfbox-1.8.8.jar' to classloader
2016-05-31 07:59:56.610 INFO  (coreLoadExecutor-6-thread-1) [   ] o.a.s.c.SolrResourceLoader Adding 'file:/C:/Users/Joaogcorreia/Desktop/EHR%20+%20Solr%20+%20IndexDocClinicos/Indexacao-de-Documentos-Clinicos/solr/solr-5.5.0/contrib/extraction/lib/poi-3.11.jar' to classloader
2016-05-31 07:59:56.610 INFO  (coreLoadExecutor-6-thread-1) [   ] o.a.s.c.SolrResourceLoader Adding 'file:/C:/Users/Joaogcorreia/Desktop/EHR%20+%20Solr%20+%20IndexDocClinicos/Indexacao-de-Documentos-Clinicos/solr/solr-5.5.0/contrib/extraction/lib/poi-ooxml-3.11.jar' to classloader
2016-05-31 07:59:56.610 INFO  (coreLoadExecutor-6-thread-1) [   ] o.a.s.c.SolrResourceLoader Adding 'file:/C:/Users/Joaogcorreia/Desktop/EHR%20+%20Solr%20+%20IndexDocClinicos/Indexacao-de-Documentos-Clinicos/solr/solr-5.5.0/contrib/extraction/lib/poi-ooxml-schemas-3.11.jar' to classloader
2016-05-31 07:59:56.610 INFO  (coreLoadExecutor-6-thread-1) [   ] o.a.s.c.SolrResourceLoader Adding 'file:/C:/Users/Joaogcorreia/Desktop/EHR%20+%20Solr%20+%20IndexDocClinicos/Indexacao-de-Documentos-Clinicos/solr/solr-5.5.0/contrib/extraction/lib/poi-scratchpad-3.11.jar' to classloader
2016-05-31 07:59:56.610 INFO  (coreLoadExecutor-6-thread-1) [   ] o.a.s.c.SolrResourceLoader Adding 'file:/C:/Users/Joaogcorreia/Desktop/EHR%20+%20Solr%20+%20IndexDocClinicos/Indexacao-de-Documentos-Clinicos/solr/solr-5.5.0/contrib/extraction/lib/rome-1.0.jar' to classloader
2016-05-31 07:59:56.610 INFO  (coreLoadExecutor-6-thread-1) [   ] o.a.s.c.SolrResourceLoader Adding 'file:/C:/Users/Joaogcorreia/Desktop/EHR%20+%20Solr%20+%20IndexDocClinicos/Indexacao-de-Documentos-Clinicos/solr/solr-5.5.0/contrib/extraction/lib/tagsoup-1.2.1.jar' to classloader
2016-05-31 07:59:56.610 INFO  (coreLoadExecutor-6-thread-1) [   ] o.a.s.c.SolrResourceLoader Adding 'file:/C:/Users/Joaogcorreia/Desktop/EHR%20+%20Solr%20+%20IndexDocClinicos/Indexacao-de-Documentos-Clinicos/solr/solr-5.5.0/contrib/extraction/lib/tika-core-1.7.jar' to classloader
2016-05-31 07:59:56.610 INFO  (coreLoadExecutor-6-thread-1) [   ] o.a.s.c.SolrResourceLoader Adding 'file:/C:/Users/Joaogcorreia/Desktop/EHR%20+%20Solr%20+%20IndexDocClinicos/Indexacao-de-Documentos-Clinicos/solr/solr-5.5.0/contrib/extraction/lib/tika-java7-1.7.jar' to classloader
2016-05-31 07:59:56.610 INFO  (coreLoadExecutor-6-thread-1) [   ] o.a.s.c.SolrResourceLoader Adding 'file:/C:/Users/Joaogcorreia/Desktop/EHR%20+%20Solr%20+%20IndexDocClinicos/Indexacao-de-Documentos-Clinicos/solr/solr-5.5.0/contrib/extraction/lib/tika-parsers-1.7.jar' to classloader
2016-05-31 07:59:56.610 INFO  (coreLoadExecutor-6-thread-1) [   ] o.a.s.c.SolrResourceLoader Adding 'file:/C:/Users/Joaogcorreia/Desktop/EHR%20+%20Solr%20+%20IndexDocClinicos/Indexacao-de-Documentos-Clinicos/solr/solr-5.5.0/contrib/extraction/lib/tika-xmp-1.7.jar' to classloader
2016-05-31 07:59:56.610 INFO  (coreLoadExecutor-6-thread-1) [   ] o.a.s.c.SolrResourceLoader Adding 'file:/C:/Users/Joaogcorreia/Desktop/EHR%20+%20Solr%20+%20IndexDocClinicos/Indexacao-de-Documentos-Clinicos/solr/solr-5.5.0/contrib/extraction/lib/vorbis-java-core-0.6.jar' to classloader
2016-05-31 07:59:56.610 INFO  (coreLoadExecutor-6-thread-1) [   ] o.a.s.c.SolrResourceLoader Adding 'file:/C:/Users/Joaogcorreia/Desktop/EHR%20+%20Solr%20+%20IndexDocClinicos/Indexacao-de-Documentos-Clinicos/solr/solr-5.5.0/contrib/extraction/lib/vorbis-java-tika-0.6.jar' to classloader
2016-05-31 07:59:56.610 INFO  (coreLoadExecutor-6-thread-1) [   ] o.a.s.c.SolrResourceLoader Adding 'file:/C:/Users/Joaogcorreia/Desktop/EHR%20+%20Solr%20+%20IndexDocClinicos/Indexacao-de-Documentos-Clinicos/solr/solr-5.5.0/contrib/extraction/lib/xercesImpl-2.9.1.jar' to classloader
2016-05-31 07:59:56.610 INFO  (coreLoadExecutor-6-thread-1) [   ] o.a.s.c.SolrResourceLoader Adding 'file:/C:/Users/Joaogcorreia/Desktop/EHR%20+%20Solr%20+%20IndexDocClinicos/Indexacao-de-Documentos-Clinicos/solr/solr-5.5.0/contrib/extraction/lib/xmlbeans-2.6.0.jar' to classloader
2016-05-31 07:59:56.610 INFO  (coreLoadExecutor-6-thread-1) [   ] o.a.s.c.SolrResourceLoader Adding 'file:/C:/Users/Joaogcorreia/Desktop/EHR%20+%20Solr%20+%20IndexDocClinicos/Indexacao-de-Documentos-Clinicos/solr/solr-5.5.0/contrib/extraction/lib/xmpcore-5.1.2.jar' to classloader
2016-05-31 07:59:56.610 INFO  (coreLoadExecutor-6-thread-1) [   ] o.a.s.c.SolrResourceLoader Adding 'file:/C:/Users/Joaogcorreia/Desktop/EHR%20+%20Solr%20+%20IndexDocClinicos/Indexacao-de-Documentos-Clinicos/solr/solr-5.5.0/contrib/extraction/lib/xz-1.5.jar' to classloader
2016-05-31 07:59:56.610 INFO  (coreLoadExecutor-6-thread-1) [   ] o.a.s.c.SolrResourceLoader Adding 'file:/C:/Users/Joaogcorreia/Desktop/EHR%20+%20Solr%20+%20IndexDocClinicos/Indexacao-de-Documentos-Clinicos/solr/solr-5.5.0/dist/solr-cell-5.5.0.jar' to classloader
2016-05-31 08:00:00.354 INFO  (qtp5592464-18) [   ] o.a.s.s.HttpSolrCall [admin] webapp=null path=/admin/info/system params={wt=json} status=0 QTime=2459
2016-05-31 08:00:03.084 WARN  (coreLoadExecutor-6-thread-1) [   ] o.a.s.c.Config Beginning with Solr 5.5, <maxMergeDocs> is deprecated, configure it on the relevant <mergePolicyFactory> instead.
2016-05-31 08:00:03.084 WARN  (coreLoadExecutor-6-thread-1) [   ] o.a.s.c.Config Beginning with Solr 5.5, <mergeFactor> is deprecated, configure it on the relevant <mergePolicyFactory> instead.
2016-05-31 08:00:03.209 INFO  (coreLoadExecutor-6-thread-1) [   ] o.a.s.c.SolrConfig Using Lucene MatchVersion: 5.5.0
2016-05-31 08:00:04.223 INFO  (coreLoadExecutor-6-thread-1) [   ] o.a.s.c.SolrConfig Loaded SolrConfig: C:\Users\Joaogcorreia\Desktop\EHR + Solr + IndexDocClinicos\Indexacao-de-Documentos-Clinicos\solr\solr-5.5.0\server\solr\ehr\conf\solrconfig.xml
2016-05-31 08:00:04.551 INFO  (coreLoadExecutor-6-thread-1) [   ] o.a.s.s.IndexSchema [ehr] Schema name=example
2016-05-31 08:00:07.265 INFO  (coreLoadExecutor-6-thread-1) [   ] o.a.s.s.IndexSchema query parser default operator is OR
2016-05-31 08:00:07.265 INFO  (coreLoadExecutor-6-thread-1) [   ] o.a.s.s.IndexSchema unique key field: uid
2016-05-31 08:00:08.913 INFO  (coreLoadExecutor-6-thread-1) [   ] o.a.s.c.ConfigSetProperties Did not find ConfigSet properties, assuming default properties: Can't find resource 'configsetprops.json' in classpath or 'C:\Users\Joaogcorreia\Desktop\EHR + Solr + IndexDocClinicos\Indexacao-de-Documentos-Clinicos\solr\solr-5.5.0\server\solr\ehr'
2016-05-31 08:00:08.913 INFO  (coreLoadExecutor-6-thread-1) [   ] o.a.s.c.CoreContainer Creating SolrCore 'ehr' using configuration from instancedir C:\Users\Joaogcorreia\Desktop\EHR + Solr + IndexDocClinicos\Indexacao-de-Documentos-Clinicos\solr\solr-5.5.0\server\solr\ehr
2016-05-31 08:00:08.944 INFO  (coreLoadExecutor-6-thread-1) [   x:ehr] o.a.s.c.SolrCore solr.NRTCachingDirectoryFactory
2016-05-31 08:00:09.053 INFO  (coreLoadExecutor-6-thread-1) [   x:ehr] o.a.s.c.SolrCore [[ehr] ] Opening new SolrCore at [C:\Users\Joaogcorreia\Desktop\EHR + Solr + IndexDocClinicos\Indexacao-de-Documentos-Clinicos\solr\solr-5.5.0\server\solr\ehr], dataDir=[C:\Users\Joaogcorreia\Desktop\EHR + Solr + IndexDocClinicos\Indexacao-de-Documentos-Clinicos\solr\solr-5.5.0\server\solr\ehr\data\]
2016-05-31 08:00:09.053 INFO  (coreLoadExecutor-6-thread-1) [   x:ehr] o.a.s.c.SolrCore JMX monitoring not detected for core: ehr
2016-05-31 08:00:09.116 INFO  (coreLoadExecutor-6-thread-1) [   x:ehr] o.a.s.c.CachingDirectoryFactory return new directory for C:\Users\Joaogcorreia\Desktop\EHR + Solr + IndexDocClinicos\Indexacao-de-Documentos-Clinicos\solr\solr-5.5.0\server\solr\ehr\data
2016-05-31 08:00:09.225 INFO  (coreLoadExecutor-6-thread-1) [   x:ehr] o.a.s.c.SolrCore New index directory detected: old=null new=C:\Users\Joaogcorreia\Desktop\EHR + Solr + IndexDocClinicos\Indexacao-de-Documentos-Clinicos\solr\solr-5.5.0\server\solr\ehr\data\index/
2016-05-31 08:00:09.240 INFO  (coreLoadExecutor-6-thread-1) [   x:ehr] o.a.s.c.CachingDirectoryFactory return new directory for C:\Users\Joaogcorreia\Desktop\EHR + Solr + IndexDocClinicos\Indexacao-de-Documentos-Clinicos\solr\solr-5.5.0\server\solr\ehr\data\index
2016-05-31 08:00:09.428 INFO  (OldIndexDirectoryCleanupThreadForCore-ehr) [   x:ehr] o.a.s.c.SolrCore Looking for old index directories to cleanup for core ehr in C:\Users\Joaogcorreia\Desktop\EHR + Solr + IndexDocClinicos\Indexacao-de-Documentos-Clinicos\solr\solr-5.5.0\server\solr\ehr\data\
2016-05-31 08:00:13.818 INFO  (coreLoadExecutor-6-thread-1) [   x:ehr] o.a.s.c.SolrCore no updateRequestProcessorChain defined as default, creating implicit default
2016-05-31 08:00:15.847 INFO  (coreLoadExecutor-6-thread-1) [   x:ehr] o.a.s.h.l.XMLLoader xsltCacheLifetimeSeconds=60
2016-05-31 08:00:15.972 INFO  (coreLoadExecutor-6-thread-1) [   x:ehr] o.a.s.h.l.XMLLoader xsltCacheLifetimeSeconds=60
2016-05-31 08:00:15.972 INFO  (coreLoadExecutor-6-thread-1) [   x:ehr] o.a.s.h.l.XMLLoader xsltCacheLifetimeSeconds=60
2016-05-31 08:00:15.972 INFO  (coreLoadExecutor-6-thread-1) [   x:ehr] o.a.s.h.l.XMLLoader xsltCacheLifetimeSeconds=60
2016-05-31 08:00:16.003 INFO  (coreLoadExecutor-6-thread-1) [   x:ehr] o.a.s.c.PluginBag requestHandler : '/update/extract' created with startup=lazy 
2016-05-31 08:00:16.003 INFO  (coreLoadExecutor-6-thread-1) [   x:ehr] o.a.s.c.PluginBag requestHandler : '/analysis/field' created with startup=lazy 
2016-05-31 08:00:16.003 INFO  (coreLoadExecutor-6-thread-1) [   x:ehr] o.a.s.c.RequestHandlers Registered paths: /admin/mbeans,/update/csv,/update/json/docs,/admin/luke,/select,/admin/segments,/get,/admin/system,/replication,/admin/properties,/config,/schema,/admin/plugins,/admin/logging,/update/json,/admin/threads,/admin/ping,/update,/admin/file,/analysis/field,/dataimport,/update/extract
2016-05-31 08:00:16.018 INFO  (coreLoadExecutor-6-thread-1) [   x:ehr] o.a.s.c.SolrCore Using default statsCache cache: org.apache.solr.search.stats.LocalStatsCache
2016-05-31 08:00:16.315 INFO  (coreLoadExecutor-6-thread-1) [   x:ehr] o.a.s.u.CommitTracker Hard AutoCommit: disabled
2016-05-31 08:00:16.315 INFO  (coreLoadExecutor-6-thread-1) [   x:ehr] o.a.s.u.CommitTracker Soft AutoCommit: disabled
2016-05-31 08:00:17.968 INFO  (coreLoadExecutor-6-thread-1) [   x:ehr] o.a.s.c.SolrDeletionPolicy SolrDeletionPolicy.onInit: commits: num=1
	commit{dir=NRTCachingDirectory(MMapDirectory@C:\Users\Joaogcorreia\Desktop\EHR + Solr + IndexDocClinicos\Indexacao-de-Documentos-Clinicos\solr\solr-5.5.0\server\solr\ehr\data\index lockFactory=org.apache.lucene.store.NativeFSLockFactory@59a51c61; maxCacheMB=48.0 maxMergeSizeMB=4.0),segFN=segments_fy,generation=574}
2016-05-31 08:00:17.968 INFO  (coreLoadExecutor-6-thread-1) [   x:ehr] o.a.s.c.SolrDeletionPolicy newest commit generation = 574
2016-05-31 08:00:19.185 INFO  (coreLoadExecutor-6-thread-1) [   x:ehr] o.a.s.s.SolrIndexSearcher Opening Searcher@379a5d15[ehr] main
2016-05-31 08:00:19.560 INFO  (coreLoadExecutor-6-thread-1) [   x:ehr] o.a.s.r.ManagedResourceStorage File-based storage initialized to use dir: C:\Users\Joaogcorreia\Desktop\EHR + Solr + IndexDocClinicos\Indexacao-de-Documentos-Clinicos\solr\solr-5.5.0\server\solr\ehr\conf
2016-05-31 08:00:19.560 INFO  (coreLoadExecutor-6-thread-1) [   x:ehr] o.a.s.r.RestManager Initializing RestManager with initArgs: {storageDir=C:\Users\Joaogcorreia\Desktop\EHR + Solr + IndexDocClinicos\Indexacao-de-Documentos-Clinicos\solr\solr-5.5.0\server\solr\ehr\conf}
2016-05-31 08:00:20.090 INFO  (coreLoadExecutor-6-thread-1) [   x:ehr] o.a.s.r.ManagedResourceStorage Reading _rest_managed.json using file:dir=C:\Users\Joaogcorreia\Desktop\EHR + Solr + IndexDocClinicos\Indexacao-de-Documentos-Clinicos\solr\solr-5.5.0\server\solr\ehr\conf
2016-05-31 08:00:20.090 INFO  (coreLoadExecutor-6-thread-1) [   x:ehr] o.a.s.r.RestManager Initializing 0 registered ManagedResources
2016-05-31 08:00:20.480 INFO  (coreLoadExecutor-6-thread-1) [   x:ehr] o.a.s.h.ReplicationHandler Commits will be reserved for  10000
2016-05-31 08:00:20.496 INFO  (searcherExecutor-7-thread-1-processing-x:ehr) [   x:ehr] o.a.s.c.SolrCore [ehr] Registered new searcher Searcher@379a5d15[ehr] main{ExitableDirectoryReader(UninvertingDirectoryReader(Uninverting(_hq(5.5.0):C20)))}
2016-05-31 08:00:20.496 INFO  (coreLoadExecutor-6-thread-1) [   x:ehr] o.a.s.c.CoreContainer registering core: ehr
