Java HotSpot(TM) 64-Bit Server VM (25.73-b02) for windows-amd64 JRE (1.8.0_73-b02), built on Jan 29 2016 17:38:49 by "java_re" with MS VC++ 10.0 (VS2010)
Memory: 4k page, physical 4027256k(756040k free), swap 8052656k(4301200k free)
CommandLine flags: -XX:CMSInitiatingOccupancyFraction=50 -XX:CMSMaxAbortablePrecleanTime=6000 -XX:+CMSParallelRemarkEnabled -XX:+CMSScavengeBeforeRemark -XX:ConcGCThreads=4 -XX:InitialHeapSize=536870912 -XX:MaxHeapSize=536870912 -XX:MaxTenuringThreshold=8 -XX:NewRatio=3 -XX:OldPLABSize=16 -XX:ParallelGCThreads=4 -XX:+ParallelRefProcEnabled -XX:PretenureSizeThreshold=67108864 -XX:+PrintGC -XX:+PrintGCApplicationStoppedTime -XX:+PrintGCDateStamps -XX:+PrintGCDetails -XX:+PrintGCTimeStamps -XX:+PrintHeapAtGC -XX:+PrintTenuringDistribution -XX:SurvivorRatio=4 -XX:TargetSurvivorRatio=90 -XX:ThreadStackSize=256 -XX:+UseCMSInitiatingOccupancyOnly -XX:+UseCompressedClassPointers -XX:+UseCompressedOops -XX:+UseConcMarkSweepGC -XX:-UseLargePagesIndividualAllocation -XX:+UseParNewGC 
2016-04-22T13:38:42.537+0100: 1.507: Total time for which application threads were stopped: 0.1263836 seconds, Stopping threads took: 0.0000411 seconds
2016-04-22T13:38:43.675+0100: 2.602: Total time for which application threads were stopped: 0.0001485 seconds, Stopping threads took: 0.0000387 seconds
2016-04-22T13:38:44.689+0100: 3.617: Total time for which application threads were stopped: 0.0019678 seconds, Stopping threads took: 0.0000442 seconds
2016-04-22T13:38:45.703+0100: 4.630: Total time for which application threads were stopped: 0.0002495 seconds, Stopping threads took: 0.0001579 seconds
2016-04-22T13:38:45.703+0100: 4.644: Total time for which application threads were stopped: 0.0007967 seconds, Stopping threads took: 0.0006009 seconds
2016-04-22T13:38:45.875+0100: 4.816: Total time for which application threads were stopped: 0.0049455 seconds, Stopping threads took: 0.0007754 seconds
2016-04-22T13:38:46.078+0100: 5.010: Total time for which application threads were stopped: 0.0001603 seconds, Stopping threads took: 0.0000332 seconds
2016-04-22T13:38:46.749+0100: 5.676: Total time for which application threads were stopped: 0.0002219 seconds, Stopping threads took: 0.0000892 seconds
2016-04-22T13:38:46.749+0100: 5.679: Total time for which application threads were stopped: 0.0006467 seconds, Stopping threads took: 0.0005488 seconds
2016-04-22T13:38:46.749+0100: 5.679: Total time for which application threads were stopped: 0.0001650 seconds, Stopping threads took: 0.0001192 seconds
2016-04-22T13:38:46.764+0100: 5.697: Total time for which application threads were stopped: 0.0002179 seconds, Stopping threads took: 0.0000347 seconds
2016-04-22T13:38:46.780+0100: 5.717: Total time for which application threads were stopped: 0.0002124 seconds, Stopping threads took: 0.0000347 seconds
2016-04-22T13:38:46.998+0100: 5.927: Total time for which application threads were stopped: 0.0003419 seconds, Stopping threads took: 0.0000458 seconds
2016-04-22T13:38:47.061+0100: 6.001: Total time for which application threads were stopped: 0.0002858 seconds, Stopping threads took: 0.0000529 seconds
2016-04-22T13:38:48.121+0100: 7.062: Total time for which application threads were stopped: 0.0459150 seconds, Stopping threads took: 0.0457752 seconds
{Heap before GC invocations=0 (full 0):
 par new generation   total 109248K, used 87424K [0x00000000e0000000, 0x00000000e8000000, 0x00000000e8000000)
  eden space 87424K, 100% used [0x00000000e0000000, 0x00000000e5560000, 0x00000000e5560000)
  from space 21824K,   0% used [0x00000000e5560000, 0x00000000e5560000, 0x00000000e6ab0000)
  to   space 21824K,   0% used [0x00000000e6ab0000, 0x00000000e6ab0000, 0x00000000e8000000)
 concurrent mark-sweep generation total 393216K, used 0K [0x00000000e8000000, 0x0000000100000000, 0x0000000100000000)
 Metaspace       used 10147K, capacity 10344K, committed 10496K, reserved 1058816K
  class space    used 1166K, capacity 1212K, committed 1280K, reserved 1048576K
2016-04-22T13:38:48.839+0100: 7.775: [GC (Allocation Failure) 2016-04-22T13:38:48.839+0100: 7.775: [ParNew
Desired survivor size 20112992 bytes, new threshold 8 (max 8)
- age   1:    5874744 bytes,    5874744 total
: 87424K->5818K(109248K), 0.0342560 secs] 87424K->5818K(502464K), 0.0345932 secs] [Times: user=0.02 sys=0.02, real=0.03 secs] 
Heap after GC invocations=1 (full 0):
 par new generation   total 109248K, used 5818K [0x00000000e0000000, 0x00000000e8000000, 0x00000000e8000000)
  eden space 87424K,   0% used [0x00000000e0000000, 0x00000000e0000000, 0x00000000e5560000)
  from space 21824K,  26% used [0x00000000e6ab0000, 0x00000000e705e948, 0x00000000e8000000)
  to   space 21824K,   0% used [0x00000000e5560000, 0x00000000e5560000, 0x00000000e6ab0000)
 concurrent mark-sweep generation total 393216K, used 0K [0x00000000e8000000, 0x0000000100000000, 0x0000000100000000)
 Metaspace       used 10147K, capacity 10344K, committed 10496K, reserved 1058816K
  class space    used 1166K, capacity 1212K, committed 1280K, reserved 1048576K
}
2016-04-22T13:38:48.870+0100: 7.810: Total time for which application threads were stopped: 0.0350377 seconds, Stopping threads took: 0.0000537 seconds
2016-04-22T13:38:48.870+0100: 7.811: Total time for which application threads were stopped: 0.0001753 seconds, Stopping threads took: 0.0000419 seconds
2016-04-22T13:38:48.886+0100: 7.812: Total time for which application threads were stopped: 0.0001327 seconds, Stopping threads took: 0.0000316 seconds
2016-04-22T13:38:48.886+0100: 7.815: Total time for which application threads were stopped: 0.0006980 seconds, Stopping threads took: 0.0005662 seconds
2016-04-22T13:38:48.886+0100: 7.816: Total time for which application threads were stopped: 0.0006657 seconds, Stopping threads took: 0.0005464 seconds
2016-04-22T13:38:48.886+0100: 7.818: Total time for which application threads were stopped: 0.0007391 seconds, Stopping threads took: 0.0005946 seconds
2016-04-22T13:38:48.886+0100: 7.819: Total time for which application threads were stopped: 0.0006641 seconds, Stopping threads took: 0.0005441 seconds
2016-04-22T13:38:48.886+0100: 7.819: Total time for which application threads were stopped: 0.0001413 seconds, Stopping threads took: 0.0000284 seconds
2016-04-22T13:38:48.886+0100: 7.819: Total time for which application threads were stopped: 0.0001413 seconds, Stopping threads took: 0.0000300 seconds
2016-04-22T13:38:48.886+0100: 7.819: Total time for which application threads were stopped: 0.0001390 seconds, Stopping threads took: 0.0000284 seconds
2016-04-22T13:38:48.886+0100: 7.819: Total time for which application threads were stopped: 0.0001406 seconds, Stopping threads took: 0.0000292 seconds
2016-04-22T13:38:48.886+0100: 7.819: Total time for which application threads were stopped: 0.0001374 seconds, Stopping threads took: 0.0000268 seconds
2016-04-22T13:38:48.886+0100: 7.820: Total time for which application threads were stopped: 0.0001390 seconds, Stopping threads took: 0.0000284 seconds
2016-04-22T13:38:48.886+0100: 7.820: Total time for which application threads were stopped: 0.0001398 seconds, Stopping threads took: 0.0000292 seconds
2016-04-22T13:38:48.886+0100: 7.820: Total time for which application threads were stopped: 0.0001374 seconds, Stopping threads took: 0.0000268 seconds
2016-04-22T13:38:48.886+0100: 7.820: Total time for which application threads were stopped: 0.0001390 seconds, Stopping threads took: 0.0000276 seconds
2016-04-22T13:38:48.886+0100: 7.820: Total time for which application threads were stopped: 0.0001406 seconds, Stopping threads took: 0.0000276 seconds
2016-04-22T13:38:48.886+0100: 7.821: Total time for which application threads were stopped: 0.0001390 seconds, Stopping threads took: 0.0000284 seconds
2016-04-22T13:38:48.886+0100: 7.821: Total time for which application threads were stopped: 0.0001382 seconds, Stopping threads took: 0.0000268 seconds
2016-04-22T13:38:48.886+0100: 7.821: Total time for which application threads were stopped: 0.0001406 seconds, Stopping threads took: 0.0000292 seconds
2016-04-22T13:38:48.886+0100: 7.821: Total time for which application threads were stopped: 0.0001398 seconds, Stopping threads took: 0.0000284 seconds
2016-04-22T13:38:48.886+0100: 7.821: Total time for which application threads were stopped: 0.0001390 seconds, Stopping threads took: 0.0000284 seconds
2016-04-22T13:38:48.886+0100: 7.822: Total time for which application threads were stopped: 0.0001390 seconds, Stopping threads took: 0.0000276 seconds
2016-04-22T13:38:48.886+0100: 7.822: Total time for which application threads were stopped: 0.0002179 seconds, Stopping threads took: 0.0000292 seconds
2016-04-22T13:38:48.886+0100: 7.823: Total time for which application threads were stopped: 0.0001500 seconds, Stopping threads took: 0.0000308 seconds
2016-04-22T13:38:48.886+0100: 7.823: Total time for which application threads were stopped: 0.0001477 seconds, Stopping threads took: 0.0000292 seconds
2016-04-22T13:38:48.886+0100: 7.823: Total time for which application threads were stopped: 0.0001706 seconds, Stopping threads took: 0.0000569 seconds
2016-04-22T13:38:48.886+0100: 7.824: Total time for which application threads were stopped: 0.0001421 seconds, Stopping threads took: 0.0000292 seconds
2016-04-22T13:38:49.603+0100: 8.544: Total time for which application threads were stopped: 0.0003585 seconds, Stopping threads took: 0.0000490 seconds
2016-04-22T13:38:49.947+0100: 8.887: Total time for which application threads were stopped: 0.0003545 seconds, Stopping threads took: 0.0000505 seconds
2016-04-22T13:38:50.789+0100: 9.726: Total time for which application threads were stopped: 0.0002203 seconds, Stopping threads took: 0.0000521 seconds
2016-04-22T13:38:50.789+0100: 9.726: Total time for which application threads were stopped: 0.0000829 seconds, Stopping threads took: 0.0000261 seconds
2016-04-22T13:38:51.163+0100: 10.091: Total time for which application threads were stopped: 0.0003561 seconds, Stopping threads took: 0.0000442 seconds
2016-04-22T13:38:51.163+0100: 10.093: Total time for which application threads were stopped: 0.0002353 seconds, Stopping threads took: 0.0000316 seconds
2016-04-22T13:38:51.163+0100: 10.102: Total time for which application threads were stopped: 0.0003972 seconds, Stopping threads took: 0.0001066 seconds
2016-04-22T13:38:52.177+0100: 11.104: Total time for which application threads were stopped: 0.0002069 seconds, Stopping threads took: 0.0000505 seconds
2016-04-22T13:38:52.396+0100: 11.323: Total time for which application threads were stopped: 0.0018067 seconds, Stopping threads took: 0.0016590 seconds
2016-04-22T13:38:52.396+0100: 11.324: Total time for which application threads were stopped: 0.0002077 seconds, Stopping threads took: 0.0001153 seconds
2016-04-22T13:38:52.396+0100: 11.324: Total time for which application threads were stopped: 0.0002629 seconds, Stopping threads took: 0.0001737 seconds
2016-04-22T13:38:52.396+0100: 11.324: Total time for which application threads were stopped: 0.0001761 seconds, Stopping threads took: 0.0000782 seconds
2016-04-22T13:38:52.396+0100: 11.324: Total time for which application threads were stopped: 0.0001461 seconds, Stopping threads took: 0.0000497 seconds
2016-04-22T13:38:52.396+0100: 11.324: Total time for which application threads were stopped: 0.0001398 seconds, Stopping threads took: 0.0000497 seconds
2016-04-22T13:38:52.396+0100: 11.325: Total time for which application threads were stopped: 0.0001453 seconds, Stopping threads took: 0.0000482 seconds
2016-04-22T13:38:52.396+0100: 11.325: Total time for which application threads were stopped: 0.0001627 seconds, Stopping threads took: 0.0000671 seconds
2016-04-22T13:38:52.396+0100: 11.325: Total time for which application threads were stopped: 0.0001714 seconds, Stopping threads took: 0.0000829 seconds
2016-04-22T13:38:52.396+0100: 11.325: Total time for which application threads were stopped: 0.0001311 seconds, Stopping threads took: 0.0000442 seconds
2016-04-22T13:38:52.396+0100: 11.326: Total time for which application threads were stopped: 0.0001334 seconds, Stopping threads took: 0.0000482 seconds
2016-04-22T13:38:52.396+0100: 11.326: Total time for which application threads were stopped: 0.0001334 seconds, Stopping threads took: 0.0000482 seconds
2016-04-22T13:38:52.396+0100: 11.326: Total time for which application threads were stopped: 0.0001334 seconds, Stopping threads took: 0.0000482 seconds
2016-04-22T13:38:52.396+0100: 11.326: Total time for which application threads were stopped: 0.0001950 seconds, Stopping threads took: 0.0000474 seconds
2016-04-22T13:38:52.396+0100: 11.326: Total time for which application threads were stopped: 0.0001034 seconds, Stopping threads took: 0.0000182 seconds
2016-04-22T13:38:52.396+0100: 11.327: Total time for which application threads were stopped: 0.0001050 seconds, Stopping threads took: 0.0000190 seconds
2016-04-22T13:38:52.396+0100: 11.327: Total time for which application threads were stopped: 0.0001034 seconds, Stopping threads took: 0.0000182 seconds
2016-04-22T13:38:52.396+0100: 11.327: Total time for which application threads were stopped: 0.0001042 seconds, Stopping threads took: 0.0000190 seconds
2016-04-22T13:38:52.396+0100: 11.327: Total time for which application threads were stopped: 0.0001034 seconds, Stopping threads took: 0.0000182 seconds
2016-04-22T13:38:52.396+0100: 11.327: Total time for which application threads were stopped: 0.0002266 seconds, Stopping threads took: 0.0000182 seconds
2016-04-22T13:38:52.396+0100: 11.328: Total time for which application threads were stopped: 0.0001113 seconds, Stopping threads took: 0.0000190 seconds
2016-04-22T13:38:52.396+0100: 11.328: Total time for which application threads were stopped: 0.0001105 seconds, Stopping threads took: 0.0000190 seconds
2016-04-22T13:38:52.396+0100: 11.328: Total time for which application threads were stopped: 0.0001042 seconds, Stopping threads took: 0.0000174 seconds
2016-04-22T13:38:52.396+0100: 11.328: Total time for which application threads were stopped: 0.0001066 seconds, Stopping threads took: 0.0000190 seconds
2016-04-22T13:38:52.396+0100: 11.328: Total time for which application threads were stopped: 0.0001058 seconds, Stopping threads took: 0.0000190 seconds
2016-04-22T13:38:52.396+0100: 11.329: Total time for which application threads were stopped: 0.0001019 seconds, Stopping threads took: 0.0000166 seconds
2016-04-22T13:38:52.396+0100: 11.329: Total time for which application threads were stopped: 0.0001105 seconds, Stopping threads took: 0.0000190 seconds
2016-04-22T13:38:52.396+0100: 11.329: Total time for which application threads were stopped: 0.0001090 seconds, Stopping threads took: 0.0000182 seconds
2016-04-22T13:38:52.396+0100: 11.330: Total time for which application threads were stopped: 0.0002235 seconds, Stopping threads took: 0.0001556 seconds
2016-04-22T13:38:52.396+0100: 11.330: Total time for which application threads were stopped: 0.0001303 seconds, Stopping threads took: 0.0000671 seconds
2016-04-22T13:38:52.396+0100: 11.330: Total time for which application threads were stopped: 0.0001327 seconds, Stopping threads took: 0.0000655 seconds
2016-04-22T13:38:52.396+0100: 11.331: Total time for which application threads were stopped: 0.0001485 seconds, Stopping threads took: 0.0000197 seconds
2016-04-22T13:38:52.396+0100: 11.331: Total time for which application threads were stopped: 0.0001714 seconds, Stopping threads took: 0.0000608 seconds
2016-04-22T13:38:52.396+0100: 11.331: Total time for which application threads were stopped: 0.0000829 seconds, Stopping threads took: 0.0000221 seconds
2016-04-22T13:38:52.396+0100: 11.331: Total time for which application threads were stopped: 0.0000782 seconds, Stopping threads took: 0.0000190 seconds
2016-04-22T13:38:52.396+0100: 11.331: Total time for which application threads were stopped: 0.0000774 seconds, Stopping threads took: 0.0000190 seconds
2016-04-22T13:38:52.396+0100: 11.331: Total time for which application threads were stopped: 0.0000766 seconds, Stopping threads took: 0.0000182 seconds
2016-04-22T13:38:52.396+0100: 11.331: Total time for which application threads were stopped: 0.0000766 seconds, Stopping threads took: 0.0000182 seconds
2016-04-22T13:38:52.396+0100: 11.332: Total time for which application threads were stopped: 0.0000758 seconds, Stopping threads took: 0.0000182 seconds
2016-04-22T13:38:52.396+0100: 11.332: Total time for which application threads were stopped: 0.0000766 seconds, Stopping threads took: 0.0000182 seconds
2016-04-22T13:38:52.396+0100: 11.332: Total time for which application threads were stopped: 0.0000766 seconds, Stopping threads took: 0.0000182 seconds
2016-04-22T13:38:52.396+0100: 11.332: Total time for which application threads were stopped: 0.0000798 seconds, Stopping threads took: 0.0000197 seconds
2016-04-22T13:38:52.396+0100: 11.332: Total time for which application threads were stopped: 0.0000758 seconds, Stopping threads took: 0.0000182 seconds
2016-04-22T13:38:52.396+0100: 11.332: Total time for which application threads were stopped: 0.0000766 seconds, Stopping threads took: 0.0000182 seconds
2016-04-22T13:38:52.396+0100: 11.333: Total time for which application threads were stopped: 0.0000758 seconds, Stopping threads took: 0.0000182 seconds
2016-04-22T13:38:52.396+0100: 11.333: Total time for which application threads were stopped: 0.0000766 seconds, Stopping threads took: 0.0000182 seconds
2016-04-22T13:38:52.396+0100: 11.333: Total time for which application threads were stopped: 0.0000766 seconds, Stopping threads took: 0.0000182 seconds
2016-04-22T13:38:52.396+0100: 11.333: Total time for which application threads were stopped: 0.0000766 seconds, Stopping threads took: 0.0000182 seconds
2016-04-22T13:38:52.396+0100: 11.333: Total time for which application threads were stopped: 0.0002195 seconds, Stopping threads took: 0.0000174 seconds
2016-04-22T13:38:52.396+0100: 11.335: Total time for which application threads were stopped: 0.0002843 seconds, Stopping threads took: 0.0001334 seconds
2016-04-22T13:38:52.396+0100: 11.335: Total time for which application threads were stopped: 0.0001413 seconds, Stopping threads took: 0.0000229 seconds
2016-04-22T13:38:52.396+0100: 11.335: Total time for which application threads were stopped: 0.0001587 seconds, Stopping threads took: 0.0000490 seconds
2016-04-22T13:38:52.396+0100: 11.335: Total time for which application threads were stopped: 0.0001603 seconds, Stopping threads took: 0.0000497 seconds
2016-04-22T13:38:52.396+0100: 11.336: Total time for which application threads were stopped: 0.0001579 seconds, Stopping threads took: 0.0000505 seconds
2016-04-22T13:38:52.396+0100: 11.336: Total time for which application threads were stopped: 0.0001208 seconds, Stopping threads took: 0.0000324 seconds
2016-04-22T13:38:52.396+0100: 11.336: Total time for which application threads were stopped: 0.0001587 seconds, Stopping threads took: 0.0000671 seconds
2016-04-22T13:38:52.396+0100: 11.337: Total time for which application threads were stopped: 0.0003127 seconds, Stopping threads took: 0.0001958 seconds
2016-04-22T13:38:52.411+0100: 11.338: Total time for which application threads were stopped: 0.0001279 seconds, Stopping threads took: 0.0000261 seconds
2016-04-22T13:38:52.411+0100: 11.339: Total time for which application threads were stopped: 0.0001390 seconds, Stopping threads took: 0.0000324 seconds
2016-04-22T13:38:52.411+0100: 11.339: Total time for which application threads were stopped: 0.0001216 seconds, Stopping threads took: 0.0000284 seconds
2016-04-22T13:38:52.411+0100: 11.339: Total time for which application threads were stopped: 0.0001311 seconds, Stopping threads took: 0.0000316 seconds
2016-04-22T13:38:52.411+0100: 11.339: Total time for which application threads were stopped: 0.0001358 seconds, Stopping threads took: 0.0000403 seconds
2016-04-22T13:38:52.411+0100: 11.340: Total time for which application threads were stopped: 0.0001390 seconds, Stopping threads took: 0.0000505 seconds
2016-04-22T13:38:52.411+0100: 11.341: Total time for which application threads were stopped: 0.0001966 seconds, Stopping threads took: 0.0000395 seconds
2016-04-22T13:38:52.411+0100: 11.342: Total time for which application threads were stopped: 0.0001848 seconds, Stopping threads took: 0.0000395 seconds
2016-04-22T13:38:52.427+0100: 11.357: Total time for which application threads were stopped: 0.0002100 seconds, Stopping threads took: 0.0000403 seconds
2016-04-22T13:38:52.427+0100: 11.363: Total time for which application threads were stopped: 0.0003238 seconds, Stopping threads took: 0.0001658 seconds
2016-04-22T13:38:52.505+0100: 11.433: Total time for which application threads were stopped: 0.0004011 seconds, Stopping threads took: 0.0000529 seconds
2016-04-22T13:38:52.505+0100: 11.439: Total time for which application threads were stopped: 0.0001808 seconds, Stopping threads took: 0.0000521 seconds
2016-04-22T13:38:52.505+0100: 11.441: Total time for which application threads were stopped: 0.0009152 seconds, Stopping threads took: 0.0008267 seconds
2016-04-22T13:38:52.505+0100: 11.442: Total time for which application threads were stopped: 0.0001682 seconds, Stopping threads took: 0.0000734 seconds
2016-04-22T13:38:52.505+0100: 11.445: Total time for which application threads were stopped: 0.0001390 seconds, Stopping threads took: 0.0000379 seconds
2016-04-22T13:38:52.552+0100: 11.478: Total time for which application threads were stopped: 0.0001753 seconds, Stopping threads took: 0.0000545 seconds
2016-04-22T13:38:52.552+0100: 11.478: Total time for which application threads were stopped: 0.0000963 seconds, Stopping threads took: 0.0000292 seconds
2016-04-22T13:38:52.552+0100: 11.487: Total time for which application threads were stopped: 0.0001792 seconds, Stopping threads took: 0.0000561 seconds
2016-04-22T13:38:52.552+0100: 11.487: Total time for which application threads were stopped: 0.0001003 seconds, Stopping threads took: 0.0000284 seconds
2016-04-22T13:38:52.552+0100: 11.487: Total time for which application threads were stopped: 0.0001019 seconds, Stopping threads took: 0.0000276 seconds
2016-04-22T13:38:52.552+0100: 11.488: Total time for which application threads were stopped: 0.0001263 seconds, Stopping threads took: 0.0000324 seconds
2016-04-22T13:38:52.567+0100: 11.498: Total time for which application threads were stopped: 0.0001619 seconds, Stopping threads took: 0.0000426 seconds
2016-04-22T13:38:52.567+0100: 11.498: Total time for which application threads were stopped: 0.0001090 seconds, Stopping threads took: 0.0000363 seconds
2016-04-22T13:38:52.567+0100: 11.499: Total time for which application threads were stopped: 0.0000884 seconds, Stopping threads took: 0.0000197 seconds
2016-04-22T13:38:52.583+0100: 11.524: Total time for which application threads were stopped: 0.0001674 seconds, Stopping threads took: 0.0000419 seconds
2016-04-22T13:38:52.599+0100: 11.525: Total time for which application threads were stopped: 0.0001216 seconds, Stopping threads took: 0.0000300 seconds
2016-04-22T13:38:52.599+0100: 11.525: Total time for which application threads were stopped: 0.0001327 seconds, Stopping threads took: 0.0000190 seconds
2016-04-22T13:38:52.599+0100: 11.529: Total time for which application threads were stopped: 0.0001556 seconds, Stopping threads took: 0.0000505 seconds
2016-04-22T13:38:52.599+0100: 11.532: Total time for which application threads were stopped: 0.0001579 seconds, Stopping threads took: 0.0000505 seconds
2016-04-22T13:38:52.739+0100: 11.674: Total time for which application threads were stopped: 0.0002100 seconds, Stopping threads took: 0.0000584 seconds
2016-04-22T13:38:52.739+0100: 11.676: Total time for which application threads were stopped: 0.0001485 seconds, Stopping threads took: 0.0000513 seconds
2016-04-22T13:38:52.739+0100: 11.677: Total time for which application threads were stopped: 0.0001137 seconds, Stopping threads took: 0.0000387 seconds
2016-04-22T13:38:52.739+0100: 11.678: Total time for which application threads were stopped: 0.0001437 seconds, Stopping threads took: 0.0000608 seconds
2016-04-22T13:38:52.739+0100: 11.679: Total time for which application threads were stopped: 0.0001003 seconds, Stopping threads took: 0.0000340 seconds
2016-04-22T13:38:52.739+0100: 11.680: Total time for which application threads were stopped: 0.0001145 seconds, Stopping threads took: 0.0000379 seconds
2016-04-22T13:38:52.755+0100: 11.681: Total time for which application threads were stopped: 0.0001437 seconds, Stopping threads took: 0.0000466 seconds
2016-04-22T13:38:52.755+0100: 11.682: Total time for which application threads were stopped: 0.0000979 seconds, Stopping threads took: 0.0000355 seconds
2016-04-22T13:38:52.755+0100: 11.696: Total time for which application threads were stopped: 0.0001950 seconds, Stopping threads took: 0.0000908 seconds
2016-04-22T13:38:52.770+0100: 11.696: Total time for which application threads were stopped: 0.0001027 seconds, Stopping threads took: 0.0000245 seconds
2016-04-22T13:38:52.770+0100: 11.701: Total time for which application threads were stopped: 0.0001477 seconds, Stopping threads took: 0.0000505 seconds
2016-04-22T13:38:52.801+0100: 11.728: Total time for which application threads were stopped: 0.0001500 seconds, Stopping threads took: 0.0000497 seconds
2016-04-22T13:38:52.801+0100: 11.728: Total time for which application threads were stopped: 0.0000837 seconds, Stopping threads took: 0.0000268 seconds
2016-04-22T13:38:52.801+0100: 11.729: Total time for which application threads were stopped: 0.0000805 seconds, Stopping threads took: 0.0000205 seconds
2016-04-22T13:38:52.801+0100: 11.729: Total time for which application threads were stopped: 0.0000805 seconds, Stopping threads took: 0.0000221 seconds
2016-04-22T13:38:52.801+0100: 11.730: Total time for which application threads were stopped: 0.0000979 seconds, Stopping threads took: 0.0000237 seconds
2016-04-22T13:38:52.801+0100: 11.731: Total time for which application threads were stopped: 0.0000805 seconds, Stopping threads took: 0.0000197 seconds
2016-04-22T13:38:52.801+0100: 11.736: Total time for which application threads were stopped: 0.0000979 seconds, Stopping threads took: 0.0000276 seconds
2016-04-22T13:38:52.801+0100: 11.736: Total time for which application threads were stopped: 0.0000813 seconds, Stopping threads took: 0.0000221 seconds
2016-04-22T13:38:52.801+0100: 11.737: Total time for which application threads were stopped: 0.0000766 seconds, Stopping threads took: 0.0000205 seconds
2016-04-22T13:38:52.801+0100: 11.737: Total time for which application threads were stopped: 0.0000790 seconds, Stopping threads took: 0.0000213 seconds
2016-04-22T13:38:52.801+0100: 11.737: Total time for which application threads were stopped: 0.0000742 seconds, Stopping threads took: 0.0000197 seconds
2016-04-22T13:38:52.801+0100: 11.738: Total time for which application threads were stopped: 0.0000782 seconds, Stopping threads took: 0.0000205 seconds
2016-04-22T13:38:52.801+0100: 11.738: Total time for which application threads were stopped: 0.0000711 seconds, Stopping threads took: 0.0000182 seconds
2016-04-22T13:38:52.801+0100: 11.738: Total time for which application threads were stopped: 0.0000766 seconds, Stopping threads took: 0.0000205 seconds
2016-04-22T13:38:52.801+0100: 11.739: Total time for which application threads were stopped: 0.0000782 seconds, Stopping threads took: 0.0000229 seconds
2016-04-22T13:38:52.801+0100: 11.739: Total time for which application threads were stopped: 0.0000758 seconds, Stopping threads took: 0.0000205 seconds
2016-04-22T13:38:52.801+0100: 11.739: Total time for which application threads were stopped: 0.0000719 seconds, Stopping threads took: 0.0000190 seconds
2016-04-22T13:38:52.801+0100: 11.740: Total time for which application threads were stopped: 0.0000742 seconds, Stopping threads took: 0.0000190 seconds
2016-04-22T13:38:52.801+0100: 11.740: Total time for which application threads were stopped: 0.0000719 seconds, Stopping threads took: 0.0000190 seconds
2016-04-22T13:38:52.801+0100: 11.740: Total time for which application threads were stopped: 0.0000719 seconds, Stopping threads took: 0.0000190 seconds
2016-04-22T13:38:52.801+0100: 11.740: Total time for which application threads were stopped: 0.0000734 seconds, Stopping threads took: 0.0000197 seconds
2016-04-22T13:38:52.801+0100: 11.740: Total time for which application threads were stopped: 0.0000703 seconds, Stopping threads took: 0.0000190 seconds
2016-04-22T13:38:52.801+0100: 11.740: Total time for which application threads were stopped: 0.0002645 seconds, Stopping threads took: 0.0000190 seconds
2016-04-22T13:38:52.801+0100: 11.741: Total time for which application threads were stopped: 0.0001256 seconds, Stopping threads took: 0.0000190 seconds
2016-04-22T13:38:52.817+0100: 11.749: Total time for which application threads were stopped: 0.0001082 seconds, Stopping threads took: 0.0000300 seconds
2016-04-22T13:38:52.817+0100: 11.749: Total time for which application threads were stopped: 0.0002622 seconds, Stopping threads took: 0.0000213 seconds
2016-04-22T13:38:52.833+0100: 11.761: Total time for which application threads were stopped: 0.0001508 seconds, Stopping threads took: 0.0000490 seconds
2016-04-22T13:38:52.879+0100: 11.808: Total time for which application threads were stopped: 0.0001477 seconds, Stopping threads took: 0.0000505 seconds
2016-04-22T13:38:52.926+0100: 11.864: Total time for which application threads were stopped: 0.0001832 seconds, Stopping threads took: 0.0000900 seconds
2016-04-22T13:38:52.926+0100: 11.865: Total time for which application threads were stopped: 0.0001098 seconds, Stopping threads took: 0.0000347 seconds
2016-04-22T13:38:52.926+0100: 11.865: Total time for which application threads were stopped: 0.0000876 seconds, Stopping threads took: 0.0000284 seconds
2016-04-22T13:38:52.926+0100: 11.865: Total time for which application threads were stopped: 0.0000853 seconds, Stopping threads took: 0.0000284 seconds
2016-04-22T13:38:52.926+0100: 11.866: Total time for which application threads were stopped: 0.0001650 seconds, Stopping threads took: 0.0001019 seconds
2016-04-22T13:38:52.973+0100: 11.900: Total time for which application threads were stopped: 0.0014134 seconds, Stopping threads took: 0.0013053 seconds
2016-04-22T13:38:52.973+0100: 11.900: Total time for which application threads were stopped: 0.0000948 seconds, Stopping threads took: 0.0000292 seconds
2016-04-22T13:38:52.973+0100: 11.901: Total time for which application threads were stopped: 0.0001674 seconds, Stopping threads took: 0.0000971 seconds
2016-04-22T13:38:52.973+0100: 11.902: Total time for which application threads were stopped: 0.0003609 seconds, Stopping threads took: 0.0002851 seconds
2016-04-22T13:38:52.973+0100: 11.905: Total time for which application threads were stopped: 0.0004501 seconds, Stopping threads took: 0.0000482 seconds
2016-04-22T13:38:53.051+0100: 11.981: Total time for which application threads were stopped: 0.0001571 seconds, Stopping threads took: 0.0000442 seconds
2016-04-22T13:38:53.067+0100: 11.996: Total time for which application threads were stopped: 0.0005764 seconds, Stopping threads took: 0.0004588 seconds
2016-04-22T13:38:53.098+0100: 12.029: Total time for which application threads were stopped: 0.0001524 seconds, Stopping threads took: 0.0000521 seconds
2016-04-22T13:38:53.098+0100: 12.029: Total time for which application threads were stopped: 0.0000829 seconds, Stopping threads took: 0.0000268 seconds
2016-04-22T13:38:53.098+0100: 12.029: Total time for which application threads were stopped: 0.0000805 seconds, Stopping threads took: 0.0000261 seconds
2016-04-22T13:38:53.098+0100: 12.029: Total time for which application threads were stopped: 0.0000845 seconds, Stopping threads took: 0.0000276 seconds
2016-04-22T13:38:53.098+0100: 12.031: Total time for which application threads were stopped: 0.0001153 seconds, Stopping threads took: 0.0000371 seconds
2016-04-22T13:38:53.098+0100: 12.031: Total time for which application threads were stopped: 0.0000869 seconds, Stopping threads took: 0.0000261 seconds
2016-04-22T13:38:53.098+0100: 12.031: Total time for which application threads were stopped: 0.0000853 seconds, Stopping threads took: 0.0000253 seconds
2016-04-22T13:38:53.098+0100: 12.031: Total time for which application threads were stopped: 0.0000908 seconds, Stopping threads took: 0.0000276 seconds
2016-04-22T13:38:53.129+0100: 12.068: Total time for which application threads were stopped: 0.0001469 seconds, Stopping threads took: 0.0000569 seconds
2016-04-22T13:38:53.145+0100: 12.080: Total time for which application threads were stopped: 0.0004517 seconds, Stopping threads took: 0.0000608 seconds
2016-04-22T13:38:53.145+0100: 12.083: Total time for which application threads were stopped: 0.0001492 seconds, Stopping threads took: 0.0000490 seconds
2016-04-22T13:38:53.145+0100: 12.083: Total time for which application threads were stopped: 0.0000853 seconds, Stopping threads took: 0.0000284 seconds
2016-04-22T13:38:53.145+0100: 12.083: Total time for which application threads were stopped: 0.0000837 seconds, Stopping threads took: 0.0000284 seconds
2016-04-22T13:38:53.145+0100: 12.084: Total time for which application threads were stopped: 0.0001074 seconds, Stopping threads took: 0.0000355 seconds
2016-04-22T13:38:53.301+0100: 12.238: Total time for which application threads were stopped: 0.0001556 seconds, Stopping threads took: 0.0000584 seconds
2016-04-22T13:38:53.301+0100: 12.238: Total time for which application threads were stopped: 0.0000861 seconds, Stopping threads took: 0.0000300 seconds
2016-04-22T13:38:53.301+0100: 12.238: Total time for which application threads were stopped: 0.0000837 seconds, Stopping threads took: 0.0000300 seconds
2016-04-22T13:38:53.316+0100: 12.256: Total time for which application threads were stopped: 0.0001184 seconds, Stopping threads took: 0.0000340 seconds
2016-04-22T13:38:53.332+0100: 12.272: Total time for which application threads were stopped: 0.0013392 seconds, Stopping threads took: 0.0012516 seconds
2016-04-22T13:38:53.332+0100: 12.272: Total time for which application threads were stopped: 0.0000821 seconds, Stopping threads took: 0.0000221 seconds
2016-04-22T13:38:53.332+0100: 12.272: Total time for which application threads were stopped: 0.0000758 seconds, Stopping threads took: 0.0000197 seconds
2016-04-22T13:38:53.332+0100: 12.273: Total time for which application threads were stopped: 0.0000774 seconds, Stopping threads took: 0.0000205 seconds
2016-04-22T13:38:53.363+0100: 12.300: Total time for which application threads were stopped: 0.0001887 seconds, Stopping threads took: 0.0000734 seconds
2016-04-22T13:38:53.363+0100: 12.303: Total time for which application threads were stopped: 0.0001153 seconds, Stopping threads took: 0.0000324 seconds
2016-04-22T13:38:53.363+0100: 12.304: Total time for which application threads were stopped: 0.0000829 seconds, Stopping threads took: 0.0000221 seconds
2016-04-22T13:38:53.363+0100: 12.304: Total time for which application threads were stopped: 0.0000766 seconds, Stopping threads took: 0.0000197 seconds
2016-04-22T13:38:53.363+0100: 12.304: Total time for which application threads were stopped: 0.0000774 seconds, Stopping threads took: 0.0000197 seconds
2016-04-22T13:38:53.410+0100: 12.347: Total time for which application threads were stopped: 0.0002195 seconds, Stopping threads took: 0.0000869 seconds
2016-04-22T13:38:53.410+0100: 12.347: Total time for which application threads were stopped: 0.0001153 seconds, Stopping threads took: 0.0000213 seconds
2016-04-22T13:38:53.410+0100: 12.347: Total time for which application threads were stopped: 0.0001216 seconds, Stopping threads took: 0.0000332 seconds
2016-04-22T13:38:53.410+0100: 12.348: Total time for which application threads were stopped: 0.0001627 seconds, Stopping threads took: 0.0000640 seconds
2016-04-22T13:38:53.410+0100: 12.348: Total time for which application threads were stopped: 0.0001311 seconds, Stopping threads took: 0.0000474 seconds
2016-04-22T13:38:53.410+0100: 12.348: Total time for which application threads were stopped: 0.0002053 seconds, Stopping threads took: 0.0001256 seconds
2016-04-22T13:38:53.410+0100: 12.349: Total time for which application threads were stopped: 0.0001295 seconds, Stopping threads took: 0.0000355 seconds
2016-04-22T13:38:53.410+0100: 12.349: Total time for which application threads were stopped: 0.0001232 seconds, Stopping threads took: 0.0000229 seconds
2016-04-22T13:38:53.410+0100: 12.350: Total time for which application threads were stopped: 0.0001184 seconds, Stopping threads took: 0.0000340 seconds
2016-04-22T13:38:53.410+0100: 12.350: Total time for which application threads were stopped: 0.0001050 seconds, Stopping threads took: 0.0000205 seconds
2016-04-22T13:38:53.410+0100: 12.350: Total time for which application threads were stopped: 0.0001200 seconds, Stopping threads took: 0.0000213 seconds
2016-04-22T13:38:53.410+0100: 12.350: Total time for which application threads were stopped: 0.0001066 seconds, Stopping threads took: 0.0000190 seconds
2016-04-22T13:38:53.425+0100: 12.356: Total time for which application threads were stopped: 0.0002045 seconds, Stopping threads took: 0.0000679 seconds
2016-04-22T13:38:53.425+0100: 12.356: Total time for which application threads were stopped: 0.0001137 seconds, Stopping threads took: 0.0000237 seconds
2016-04-22T13:38:53.425+0100: 12.357: Total time for which application threads were stopped: 0.0001303 seconds, Stopping threads took: 0.0000276 seconds
2016-04-22T13:38:53.425+0100: 12.357: Total time for which application threads were stopped: 0.0001090 seconds, Stopping threads took: 0.0000213 seconds
2016-04-22T13:38:53.425+0100: 12.360: Total time for which application threads were stopped: 0.0001982 seconds, Stopping threads took: 0.0000608 seconds
2016-04-22T13:38:53.425+0100: 12.360: Total time for which application threads were stopped: 0.0001729 seconds, Stopping threads took: 0.0000648 seconds
2016-04-22T13:38:53.425+0100: 12.361: Total time for which application threads were stopped: 0.0001224 seconds, Stopping threads took: 0.0000505 seconds
2016-04-22T13:38:53.425+0100: 12.361: Total time for which application threads were stopped: 0.0001603 seconds, Stopping threads took: 0.0000592 seconds
2016-04-22T13:38:53.425+0100: 12.361: Total time for which application threads were stopped: 0.0001611 seconds, Stopping threads took: 0.0000648 seconds
2016-04-22T13:38:53.441+0100: 12.378: Total time for which application threads were stopped: 0.0001895 seconds, Stopping threads took: 0.0000719 seconds
2016-04-22T13:38:53.441+0100: 12.378: Total time for which application threads were stopped: 0.0001603 seconds, Stopping threads took: 0.0000632 seconds
2016-04-22T13:38:53.441+0100: 12.379: Total time for which application threads were stopped: 0.0001714 seconds, Stopping threads took: 0.0000655 seconds
2016-04-22T13:38:53.441+0100: 12.379: Total time for which application threads were stopped: 0.0001579 seconds, Stopping threads took: 0.0000600 seconds
2016-04-22T13:38:53.441+0100: 12.380: Total time for which application threads were stopped: 0.0001721 seconds, Stopping threads took: 0.0000695 seconds
2016-04-22T13:38:53.441+0100: 12.380: Total time for which application threads were stopped: 0.0001406 seconds, Stopping threads took: 0.0000434 seconds
2016-04-22T13:38:53.441+0100: 12.380: Total time for which application threads were stopped: 0.0001603 seconds, Stopping threads took: 0.0000640 seconds
2016-04-22T13:38:53.441+0100: 12.381: Total time for which application threads were stopped: 0.0001840 seconds, Stopping threads took: 0.0000695 seconds
2016-04-22T13:38:53.441+0100: 12.381: Total time for which application threads were stopped: 0.0002400 seconds, Stopping threads took: 0.0001319 seconds
2016-04-22T13:38:53.441+0100: 12.381: Total time for which application threads were stopped: 0.0001587 seconds, Stopping threads took: 0.0000521 seconds
2016-04-22T13:38:53.441+0100: 12.382: Total time for which application threads were stopped: 0.0001492 seconds, Stopping threads took: 0.0000490 seconds
2016-04-22T13:38:53.441+0100: 12.382: Total time for which application threads were stopped: 0.0001477 seconds, Stopping threads took: 0.0000490 seconds
2016-04-22T13:38:53.441+0100: 12.382: Total time for which application threads were stopped: 0.0001287 seconds, Stopping threads took: 0.0000213 seconds
2016-04-22T13:38:53.472+0100: 12.407: Total time for which application threads were stopped: 0.0011260 seconds, Stopping threads took: 0.0009855 seconds
2016-04-22T13:38:53.472+0100: 12.407: Total time for which application threads were stopped: 0.0004288 seconds, Stopping threads took: 0.0003301 seconds
2016-04-22T13:38:53.472+0100: 12.408: Total time for which application threads were stopped: 0.0003467 seconds, Stopping threads took: 0.0000450 seconds
2016-04-22T13:38:53.472+0100: 12.409: Total time for which application threads were stopped: 0.0002424 seconds, Stopping threads took: 0.0001192 seconds
2016-04-22T13:38:53.472+0100: 12.409: Total time for which application threads were stopped: 0.0003593 seconds, Stopping threads took: 0.0002574 seconds
2016-04-22T13:38:53.472+0100: 12.410: Total time for which application threads were stopped: 0.0001571 seconds, Stopping threads took: 0.0000758 seconds
2016-04-22T13:38:53.472+0100: 12.410: Total time for which application threads were stopped: 0.0001303 seconds, Stopping threads took: 0.0000655 seconds
2016-04-22T13:38:53.503+0100: 12.440: Total time for which application threads were stopped: 0.0001129 seconds, Stopping threads took: 0.0000284 seconds
2016-04-22T13:38:53.597+0100: 12.528: Total time for which application threads were stopped: 0.0001500 seconds, Stopping threads took: 0.0000395 seconds
2016-04-22T13:38:54.408+0100: 13.345: Total time for which application threads were stopped: 0.0001927 seconds, Stopping threads took: 0.0000805 seconds
2016-04-22T13:38:54.408+0100: 13.345: Total time for which application threads were stopped: 0.0000932 seconds, Stopping threads took: 0.0000245 seconds
2016-04-22T13:38:54.408+0100: 13.345: Total time for which application threads were stopped: 0.0001469 seconds, Stopping threads took: 0.0000711 seconds
2016-04-22T13:38:54.829+0100: 13.760: Total time for which application threads were stopped: 0.0001729 seconds, Stopping threads took: 0.0000458 seconds
2016-04-22T13:38:54.829+0100: 13.761: Total time for which application threads were stopped: 0.0001105 seconds, Stopping threads took: 0.0000253 seconds
{Heap before GC invocations=1 (full 0):
 par new generation   total 109248K, used 93242K [0x00000000e0000000, 0x00000000e8000000, 0x00000000e8000000)
  eden space 87424K, 100% used [0x00000000e0000000, 0x00000000e5560000, 0x00000000e5560000)
  from space 21824K,  26% used [0x00000000e6ab0000, 0x00000000e705e948, 0x00000000e8000000)
  to   space 21824K,   0% used [0x00000000e5560000, 0x00000000e5560000, 0x00000000e6ab0000)
 concurrent mark-sweep generation total 393216K, used 0K [0x00000000e8000000, 0x0000000100000000, 0x0000000100000000)
 Metaspace       used 19763K, capacity 20084K, committed 20480K, reserved 1067008K
  class space    used 2323K, capacity 2456K, committed 2560K, reserved 1048576K
2016-04-22T13:38:55.219+0100: 14.159: [GC (Allocation Failure) 2016-04-22T13:38:55.219+0100: 14.159: [ParNew
Desired survivor size 20112992 bytes, new threshold 8 (max 8)
- age   1:    8808824 bytes,    8808824 total
- age   2:    2624408 bytes,   11433232 total
: 93242K->12760K(109248K), 0.0321682 secs] 93242K->12760K(502464K), 0.0323167 secs] [Times: user=0.06 sys=0.00, real=0.03 secs] 
Heap after GC invocations=2 (full 0):
 par new generation   total 109248K, used 12760K [0x00000000e0000000, 0x00000000e8000000, 0x00000000e8000000)
  eden space 87424K,   0% used [0x00000000e0000000, 0x00000000e0000000, 0x00000000e5560000)
  from space 21824K,  58% used [0x00000000e5560000, 0x00000000e61d6038, 0x00000000e6ab0000)
  to   space 21824K,   0% used [0x00000000e6ab0000, 0x00000000e6ab0000, 0x00000000e8000000)
 concurrent mark-sweep generation total 393216K, used 0K [0x00000000e8000000, 0x0000000100000000, 0x0000000100000000)
 Metaspace       used 19763K, capacity 20084K, committed 20480K, reserved 1067008K
  class space    used 2323K, capacity 2456K, committed 2560K, reserved 1048576K
}
2016-04-22T13:38:55.251+0100: 14.192: Total time for which application threads were stopped: 0.0327233 seconds, Stopping threads took: 0.0000434 seconds
2016-04-22T13:38:55.266+0100: 14.197: Total time for which application threads were stopped: 0.0003680 seconds, Stopping threads took: 0.0002851 seconds
2016-04-22T13:38:55.266+0100: 14.197: Total time for which application threads were stopped: 0.0001019 seconds, Stopping threads took: 0.0000482 seconds
2016-04-22T13:38:55.266+0100: 14.198: Total time for which application threads were stopped: 0.0001058 seconds, Stopping threads took: 0.0000442 seconds
2016-04-22T13:38:55.266+0100: 14.198: Total time for which application threads were stopped: 0.0000979 seconds, Stopping threads took: 0.0000442 seconds
2016-04-22T13:38:55.266+0100: 14.198: Total time for which application threads were stopped: 0.0001074 seconds, Stopping threads took: 0.0000497 seconds
2016-04-22T13:38:55.266+0100: 14.198: Total time for which application threads were stopped: 0.0001090 seconds, Stopping threads took: 0.0000482 seconds
2016-04-22T13:38:55.266+0100: 14.199: Total time for which application threads were stopped: 0.0001058 seconds, Stopping threads took: 0.0000497 seconds
2016-04-22T13:38:55.266+0100: 14.199: Total time for which application threads were stopped: 0.0001256 seconds, Stopping threads took: 0.0000703 seconds
2016-04-22T13:38:55.266+0100: 14.199: Total time for which application threads were stopped: 0.0001058 seconds, Stopping threads took: 0.0000497 seconds
2016-04-22T13:38:55.266+0100: 14.199: Total time for which application threads were stopped: 0.0001003 seconds, Stopping threads took: 0.0000490 seconds
2016-04-22T13:38:55.266+0100: 14.199: Total time for which application threads were stopped: 0.0001019 seconds, Stopping threads took: 0.0000497 seconds
2016-04-22T13:38:55.266+0100: 14.199: Total time for which application threads were stopped: 0.0001019 seconds, Stopping threads took: 0.0000490 seconds
2016-04-22T13:38:55.266+0100: 14.200: Total time for which application threads were stopped: 0.0001058 seconds, Stopping threads took: 0.0000237 seconds
2016-04-22T13:38:55.266+0100: 14.200: Total time for which application threads were stopped: 0.0000979 seconds, Stopping threads took: 0.0000434 seconds
2016-04-22T13:38:55.266+0100: 14.200: Total time for which application threads were stopped: 0.0000916 seconds, Stopping threads took: 0.0000205 seconds
2016-04-22T13:38:55.266+0100: 14.200: Total time for which application threads were stopped: 0.0000987 seconds, Stopping threads took: 0.0000490 seconds
2016-04-22T13:38:55.266+0100: 14.200: Total time for which application threads were stopped: 0.0000774 seconds, Stopping threads took: 0.0000284 seconds
2016-04-22T13:38:55.266+0100: 14.201: Total time for which application threads were stopped: 0.0000782 seconds, Stopping threads took: 0.0000308 seconds
2016-04-22T13:38:55.266+0100: 14.201: Total time for which application threads were stopped: 0.0001105 seconds, Stopping threads took: 0.0000426 seconds
2016-04-22T13:38:55.266+0100: 14.201: Total time for which application threads were stopped: 0.0001058 seconds, Stopping threads took: 0.0000482 seconds
2016-04-22T13:38:55.266+0100: 14.201: Total time for which application threads were stopped: 0.0001390 seconds, Stopping threads took: 0.0000497 seconds
2016-04-22T13:38:55.266+0100: 14.201: Total time for which application threads were stopped: 0.0001461 seconds, Stopping threads took: 0.0000490 seconds
2016-04-22T13:38:55.266+0100: 14.202: Total time for which application threads were stopped: 0.0001232 seconds, Stopping threads took: 0.0000482 seconds
2016-04-22T13:38:55.266+0100: 14.202: Total time for which application threads were stopped: 0.0001311 seconds, Stopping threads took: 0.0000695 seconds
2016-04-22T13:38:55.266+0100: 14.202: Total time for which application threads were stopped: 0.0000924 seconds, Stopping threads took: 0.0000197 seconds
2016-04-22T13:38:55.266+0100: 14.203: Total time for which application threads were stopped: 0.0002764 seconds, Stopping threads took: 0.0000411 seconds
2016-04-22T13:38:55.266+0100: 14.203: Total time for which application threads were stopped: 0.0002803 seconds, Stopping threads took: 0.0000687 seconds
2016-04-22T13:38:55.266+0100: 14.203: Total time for which application threads were stopped: 0.0001240 seconds, Stopping threads took: 0.0000371 seconds
2016-04-22T13:38:55.266+0100: 14.204: Total time for which application threads were stopped: 0.0001421 seconds, Stopping threads took: 0.0000632 seconds
2016-04-22T13:38:55.266+0100: 14.204: Total time for which application threads were stopped: 0.0001184 seconds, Stopping threads took: 0.0000340 seconds
2016-04-22T13:38:55.266+0100: 14.206: Total time for which application threads were stopped: 0.0002882 seconds, Stopping threads took: 0.0000632 seconds
2016-04-22T13:38:55.516+0100: 14.453: Total time for which application threads were stopped: 0.0002014 seconds, Stopping threads took: 0.0000876 seconds
2016-04-22T13:38:55.516+0100: 14.453: Total time for which application threads were stopped: 0.0001769 seconds, Stopping threads took: 0.0000521 seconds
2016-04-22T13:38:55.516+0100: 14.454: Total time for which application threads were stopped: 0.0001240 seconds, Stopping threads took: 0.0000513 seconds
2016-04-22T13:38:55.516+0100: 14.454: Total time for which application threads were stopped: 0.0001342 seconds, Stopping threads took: 0.0000569 seconds
2016-04-22T13:38:55.516+0100: 14.454: Total time for which application threads were stopped: 0.0001145 seconds, Stopping threads took: 0.0000237 seconds
2016-04-22T13:38:55.516+0100: 14.454: Total time for which application threads were stopped: 0.0003214 seconds, Stopping threads took: 0.0000695 seconds
2016-04-22T13:38:55.531+0100: 14.458: Total time for which application threads were stopped: 0.0003490 seconds, Stopping threads took: 0.0000537 seconds
2016-04-22T13:38:55.531+0100: 14.472: Total time for which application threads were stopped: 0.0000837 seconds, Stopping threads took: 0.0000221 seconds
2016-04-22T13:38:55.563+0100: 14.503: Total time for which application threads were stopped: 0.0001358 seconds, Stopping threads took: 0.0000403 seconds
2016-04-22T13:38:55.563+0100: 14.503: Total time for which application threads were stopped: 0.0001263 seconds, Stopping threads took: 0.0000529 seconds
2016-04-22T13:38:55.578+0100: 14.510: Total time for which application threads were stopped: 0.0002416 seconds, Stopping threads took: 0.0000734 seconds
2016-04-22T13:38:55.578+0100: 14.510: Total time for which application threads were stopped: 0.0001721 seconds, Stopping threads took: 0.0000648 seconds
2016-04-22T13:38:55.578+0100: 14.510: Total time for which application threads were stopped: 0.0001169 seconds, Stopping threads took: 0.0000197 seconds
2016-04-22T13:38:55.578+0100: 14.511: Total time for which application threads were stopped: 0.0001279 seconds, Stopping threads took: 0.0000379 seconds
2016-04-22T13:38:55.578+0100: 14.511: Total time for which application threads were stopped: 0.0001042 seconds, Stopping threads took: 0.0000292 seconds
2016-04-22T13:38:55.578+0100: 14.511: Total time for which application threads were stopped: 0.0001532 seconds, Stopping threads took: 0.0000813 seconds
2016-04-22T13:38:55.641+0100: 14.571: Total time for which application threads were stopped: 0.0001595 seconds, Stopping threads took: 0.0000426 seconds
2016-04-22T13:38:55.641+0100: 14.573: Total time for which application threads were stopped: 0.0001042 seconds, Stopping threads took: 0.0000261 seconds
2016-04-22T13:38:55.641+0100: 14.574: Total time for which application threads were stopped: 0.0001319 seconds, Stopping threads took: 0.0000584 seconds
2016-04-22T13:38:55.687+0100: 14.622: Total time for which application threads were stopped: 0.0002069 seconds, Stopping threads took: 0.0000853 seconds
2016-04-22T13:38:55.687+0100: 14.622: Total time for which application threads were stopped: 0.0001248 seconds, Stopping threads took: 0.0000490 seconds
2016-04-22T13:38:55.687+0100: 14.622: Total time for which application threads were stopped: 0.0001208 seconds, Stopping threads took: 0.0000497 seconds
2016-04-22T13:38:55.703+0100: 14.640: Total time for which application threads were stopped: 0.0002487 seconds, Stopping threads took: 0.0001469 seconds
2016-04-22T13:38:55.703+0100: 14.644: Total time for which application threads were stopped: 0.0001208 seconds, Stopping threads took: 0.0000411 seconds
2016-04-22T13:38:55.797+0100: 14.729: Total time for which application threads were stopped: 0.0002748 seconds, Stopping threads took: 0.0000861 seconds
2016-04-22T13:38:55.843+0100: 14.770: Total time for which application threads were stopped: 0.0001785 seconds, Stopping threads took: 0.0000513 seconds
2016-04-22T13:38:55.843+0100: 14.783: Total time for which application threads were stopped: 0.0003940 seconds, Stopping threads took: 0.0002519 seconds
2016-04-22T13:38:55.999+0100: 14.930: Total time for which application threads were stopped: 0.0001769 seconds, Stopping threads took: 0.0000569 seconds
2016-04-22T13:38:55.999+0100: 14.933: Total time for which application threads were stopped: 0.0001556 seconds, Stopping threads took: 0.0000466 seconds
2016-04-22T13:38:55.999+0100: 14.936: Total time for which application threads were stopped: 0.0004454 seconds, Stopping threads took: 0.0000529 seconds
2016-04-22T13:38:56.171+0100: 15.111: Total time for which application threads were stopped: 0.0002464 seconds, Stopping threads took: 0.0000569 seconds
2016-04-22T13:38:56.389+0100: 15.320: Total time for which application threads were stopped: 0.0059175 seconds, Stopping threads took: 0.0057012 seconds
2016-04-22T13:38:56.389+0100: 15.321: Total time for which application threads were stopped: 0.0001192 seconds, Stopping threads took: 0.0000458 seconds
2016-04-22T13:38:56.405+0100: 15.340: Total time for which application threads were stopped: 0.0001635 seconds, Stopping threads took: 0.0000632 seconds
2016-04-22T13:38:56.405+0100: 15.340: Total time for which application threads were stopped: 0.0001208 seconds, Stopping threads took: 0.0000300 seconds
2016-04-22T13:38:56.467+0100: 15.405: Total time for which application threads were stopped: 0.0001232 seconds, Stopping threads took: 0.0000442 seconds
2016-04-22T13:38:56.545+0100: 15.475: Total time for which application threads were stopped: 0.0002306 seconds, Stopping threads took: 0.0000616 seconds
2016-04-22T13:38:56.608+0100: 15.541: Total time for which application threads were stopped: 0.0002037 seconds, Stopping threads took: 0.0000608 seconds
2016-04-22T13:38:56.717+0100: 15.645: Total time for which application threads were stopped: 0.0002772 seconds, Stopping threads took: 0.0001650 seconds
{Heap before GC invocations=2 (full 0):
 par new generation   total 109248K, used 100184K [0x00000000e0000000, 0x00000000e8000000, 0x00000000e8000000)
  eden space 87424K, 100% used [0x00000000e0000000, 0x00000000e5560000, 0x00000000e5560000)
  from space 21824K,  58% used [0x00000000e5560000, 0x00000000e61d6038, 0x00000000e6ab0000)
  to   space 21824K,   0% used [0x00000000e6ab0000, 0x00000000e6ab0000, 0x00000000e8000000)
 concurrent mark-sweep generation total 393216K, used 0K [0x00000000e8000000, 0x0000000100000000, 0x0000000100000000)
 Metaspace       used 21923K, capacity 22266K, committed 22548K, reserved 1069056K
  class space    used 2591K, capacity 2713K, committed 2764K, reserved 1048576K
2016-04-22T13:38:56.717+0100: 15.646: [GC (Allocation Failure) 2016-04-22T13:38:56.717+0100: 15.646: [ParNew
Desired survivor size 20112992 bytes, new threshold 8 (max 8)
- age   1:    3269368 bytes,    3269368 total
- age   2:    3029808 bytes,    6299176 total
- age   3:    2600912 bytes,    8900088 total
: 100184K->16186K(109248K), 0.0298901 secs] 100184K->16186K(502464K), 0.0300883 secs] [Times: user=0.06 sys=0.00, real=0.03 secs] 
Heap after GC invocations=3 (full 0):
 par new generation   total 109248K, used 16186K [0x00000000e0000000, 0x00000000e8000000, 0x00000000e8000000)
  eden space 87424K,   0% used [0x00000000e0000000, 0x00000000e0000000, 0x00000000e5560000)
  from space 21824K,  74% used [0x00000000e6ab0000, 0x00000000e7a7eb98, 0x00000000e8000000)
  to   space 21824K,   0% used [0x00000000e5560000, 0x00000000e5560000, 0x00000000e6ab0000)
 concurrent mark-sweep generation total 393216K, used 0K [0x00000000e8000000, 0x0000000100000000, 0x0000000100000000)
 Metaspace       used 21923K, capacity 22266K, committed 22548K, reserved 1069056K
  class space    used 2591K, capacity 2713K, committed 2764K, reserved 1048576K
}
2016-04-22T13:38:56.748+0100: 15.676: Total time for which application threads were stopped: 0.0304697 seconds, Stopping threads took: 0.0000426 seconds
2016-04-22T13:38:56.779+0100: 15.716: [GC (CMS Initial Mark) [1 CMS-initial-mark: 0K(393216K)] 25252K(502464K), 0.0124628 secs] [Times: user=0.03 sys=0.00, real=0.02 secs] 
2016-04-22T13:38:56.795+0100: 15.729: Total time for which application threads were stopped: 0.0133125 seconds, Stopping threads took: 0.0006286 seconds
2016-04-22T13:38:56.795+0100: 15.729: [CMS-concurrent-mark-start]
2016-04-22T13:38:56.826+0100: 15.758: [CMS-concurrent-mark: 0.029/0.029 secs] [Times: user=0.06 sys=0.00, real=0.03 secs] 
2016-04-22T13:38:56.826+0100: 15.758: [CMS-concurrent-preclean-start]
2016-04-22T13:38:56.826+0100: 15.760: [CMS-concurrent-preclean: 0.002/0.002 secs] [Times: user=0.00 sys=0.00, real=0.00 secs] 
2016-04-22T13:38:56.826+0100: 15.760: [CMS-concurrent-abortable-preclean-start]
2016-04-22T13:38:56.982+0100: 15.916: Total time for which application threads were stopped: 0.0003190 seconds, Stopping threads took: 0.0001524 seconds
2016-04-22T13:38:56.982+0100: 15.916: Total time for which application threads were stopped: 0.0001145 seconds, Stopping threads took: 0.0000268 seconds
2016-04-22T13:38:56.982+0100: 15.916: Total time for which application threads were stopped: 0.0001745 seconds, Stopping threads took: 0.0000869 seconds
2016-04-22T13:38:57.091+0100: 16.019: Total time for which application threads were stopped: 0.0002274 seconds, Stopping threads took: 0.0000521 seconds
2016-04-22T13:38:57.091+0100: 16.028: Total time for which application threads were stopped: 0.0002772 seconds, Stopping threads took: 0.0000505 seconds
2016-04-22T13:38:57.091+0100: 16.029: Total time for which application threads were stopped: 0.0001058 seconds, Stopping threads took: 0.0000205 seconds
2016-04-22T13:38:57.123+0100: 16.054: Total time for which application threads were stopped: 0.0002266 seconds, Stopping threads took: 0.0000505 seconds
2016-04-22T13:38:57.279+0100: 16.208: Total time for which application threads were stopped: 0.0002045 seconds, Stopping threads took: 0.0000624 seconds
2016-04-22T13:38:57.294+0100: 16.223: Total time for which application threads were stopped: 0.0001611 seconds, Stopping threads took: 0.0000466 seconds
2016-04-22T13:38:57.341+0100: 16.272: Total time for which application threads were stopped: 0.0001619 seconds, Stopping threads took: 0.0000466 seconds
2016-04-22T13:38:57.341+0100: 16.277: Total time for which application threads were stopped: 0.0001571 seconds, Stopping threads took: 0.0000371 seconds
2016-04-22T13:38:57.372+0100: 16.312: Total time for which application threads were stopped: 0.0005054 seconds, Stopping threads took: 0.0003735 seconds
2016-04-22T13:38:57.388+0100: 16.329: Total time for which application threads were stopped: 0.0001824 seconds, Stopping threads took: 0.0000458 seconds
{Heap before GC invocations=3 (full 1):
 par new generation   total 109248K, used 103610K [0x00000000e0000000, 0x00000000e8000000, 0x00000000e8000000)
  eden space 87424K, 100% used [0x00000000e0000000, 0x00000000e5560000, 0x00000000e5560000)
  from space 21824K,  74% used [0x00000000e6ab0000, 0x00000000e7a7eb98, 0x00000000e8000000)
  to   space 21824K,   0% used [0x00000000e5560000, 0x00000000e5560000, 0x00000000e6ab0000)
 concurrent mark-sweep generation total 393216K, used 0K [0x00000000e8000000, 0x0000000100000000, 0x0000000100000000)
 Metaspace       used 22724K, capacity 23072K, committed 23212K, reserved 1069056K
  class space    used 2696K, capacity 2810K, committed 2840K, reserved 1048576K
2016-04-22T13:38:57.528+0100: 16.465: [GC (Allocation Failure) 2016-04-22T13:38:57.528+0100: 16.465: [ParNew
Desired survivor size 20112992 bytes, new threshold 8 (max 8)
- age   1:     864064 bytes,     864064 total
- age   2:    1445056 bytes,    2309120 total
- age   3:    3007872 bytes,    5316992 total
- age   4:    2600592 bytes,    7917584 total
: 103610K->10840K(109248K), 0.0268247 secs] 103610K->10840K(502464K), 0.0270024 secs] [Times: user=0.06 sys=0.00, real=0.03 secs] 
Heap after GC invocations=4 (full 1):
 par new generation   total 109248K, used 10840K [0x00000000e0000000, 0x00000000e8000000, 0x00000000e8000000)
  eden space 87424K,   0% used [0x00000000e0000000, 0x00000000e0000000, 0x00000000e5560000)
  from space 21824K,  49% used [0x00000000e5560000, 0x00000000e5ff62b0, 0x00000000e6ab0000)
  to   space 21824K,   0% used [0x00000000e6ab0000, 0x00000000e6ab0000, 0x00000000e8000000)
 concurrent mark-sweep generation total 393216K, used 0K [0x00000000e8000000, 0x0000000100000000, 0x0000000100000000)
 Metaspace       used 22724K, capacity 23072K, committed 23212K, reserved 1069056K
  class space    used 2696K, capacity 2810K, committed 2840K, reserved 1048576K
}
2016-04-22T13:38:57.559+0100: 16.492: Total time for which application threads were stopped: 0.0277257 seconds, Stopping threads took: 0.0003451 seconds
2016-04-22T13:38:57.840+0100: 16.779: Total time for which application threads were stopped: 0.0018888 seconds, Stopping threads took: 0.0016859 seconds
2016-04-22T13:38:57.840+0100: 16.780: Total time for which application threads were stopped: 0.0001682 seconds, Stopping threads took: 0.0000308 seconds
2016-04-22T13:38:57.856+0100: 16.783: Total time for which application threads were stopped: 0.0011695 seconds, Stopping threads took: 0.0009957 seconds
2016-04-22T13:38:57.856+0100: 16.784: [CMS-concurrent-abortable-preclean: 0.744/1.023 secs] [Times: user=1.86 sys=0.05, real=1.03 secs] 
2016-04-22T13:38:57.856+0100: 16.784: Total time for which application threads were stopped: 0.0002093 seconds, Stopping threads took: 0.0000663 seconds
2016-04-22T13:38:57.856+0100: 16.788: [GC (CMS Final Remark) [YG occupancy: 89613 K (109248 K)]{Heap before GC invocations=4 (full 1):
 par new generation   total 109248K, used 89613K [0x00000000e0000000, 0x00000000e8000000, 0x00000000e8000000)
  eden space 87424K,  90% used [0x00000000e0000000, 0x00000000e4ced500, 0x00000000e5560000)
  from space 21824K,  49% used [0x00000000e5560000, 0x00000000e5ff62b0, 0x00000000e6ab0000)
  to   space 21824K,   0% used [0x00000000e6ab0000, 0x00000000e6ab0000, 0x00000000e8000000)
 concurrent mark-sweep generation total 393216K, used 0K [0x00000000e8000000, 0x0000000100000000, 0x0000000100000000)
 Metaspace       used 22844K, capacity 23218K, committed 23544K, reserved 1071104K
  class space    used 2709K, capacity 2813K, committed 2840K, reserved 1048576K
2016-04-22T13:38:57.856+0100: 16.788: [GC (CMS Final Remark) 2016-04-22T13:38:57.856+0100: 16.788: [ParNew
Desired survivor size 20112992 bytes, new threshold 8 (max 8)
- age   1:     835872 bytes,     835872 total
- age   2:     141384 bytes,     977256 total
- age   3:    1444720 bytes,    2421976 total
- age   4:    3007896 bytes,    5429872 total
- age   5:    2600528 bytes,    8030400 total
: 89613K->8741K(109248K), 0.0278157 secs] 89613K->8741K(502464K), 0.0279176 secs] [Times: user=0.05 sys=0.01, real=0.03 secs] 
Heap after GC invocations=5 (full 1):
 par new generation   total 109248K, used 8741K [0x00000000e0000000, 0x00000000e8000000, 0x00000000e8000000)
  eden space 87424K,   0% used [0x00000000e0000000, 0x00000000e0000000, 0x00000000e5560000)
  from space 21824K,  40% used [0x00000000e6ab0000, 0x00000000e7339548, 0x00000000e8000000)
  to   space 21824K,   0% used [0x00000000e5560000, 0x00000000e5560000, 0x00000000e6ab0000)
 concurrent mark-sweep generation total 393216K, used 0K [0x00000000e8000000, 0x0000000100000000, 0x0000000100000000)
 Metaspace       used 22844K, capacity 23218K, committed 23544K, reserved 1071104K
  class space    used 2709K, capacity 2813K, committed 2840K, reserved 1048576K
}
2016-04-22T13:38:57.887+0100: 16.816: [Rescan (parallel) , 0.0090192 secs]2016-04-22T13:38:57.887+0100: 16.825: [weak refs processing, 0.0013534 secs]2016-04-22T13:38:57.887+0100: 16.826: [class unloading, 0.0075347 secs]2016-04-22T13:38:57.903+0100: 16.834: [scrub symbol table, 0.0095878 secs]2016-04-22T13:38:57.903+0100: 16.843: [scrub string table, 0.0006562 secs][1 CMS-remark: 0K(393216K)] 8741K(502464K), 0.0582712 secs] [Times: user=0.08 sys=0.01, real=0.06 secs] 
2016-04-22T13:38:57.918+0100: 16.846: Total time for which application threads were stopped: 0.0595362 seconds, Stopping threads took: 0.0010384 seconds
2016-04-22T13:38:57.918+0100: 16.849: [CMS-concurrent-sweep-start]
2016-04-22T13:38:57.918+0100: 16.849: [CMS-concurrent-sweep: 0.000/0.000 secs] [Times: user=0.00 sys=0.00, real=0.00 secs] 
2016-04-22T13:38:57.918+0100: 16.849: [CMS-concurrent-reset-start]
2016-04-22T13:38:57.918+0100: 16.854: [CMS-concurrent-reset: 0.005/0.005 secs] [Times: user=0.00 sys=0.00, real=0.00 secs] 
2016-04-22T13:38:57.949+0100: 16.886: Total time for which application threads were stopped: 0.0001485 seconds, Stopping threads took: 0.0000403 seconds
2016-04-22T13:38:58.152+0100: 17.084: Total time for which application threads were stopped: 0.0009357 seconds, Stopping threads took: 0.0007020 seconds
2016-04-22T13:38:58.168+0100: 17.095: Total time for which application threads were stopped: 0.0002124 seconds, Stopping threads took: 0.0000624 seconds
2016-04-22T13:38:58.168+0100: 17.095: Total time for which application threads were stopped: 0.0001279 seconds, Stopping threads took: 0.0000340 seconds
2016-04-22T13:38:58.199+0100: 17.132: Total time for which application threads were stopped: 0.0001911 seconds, Stopping threads took: 0.0000466 seconds
2016-04-22T13:38:58.199+0100: 17.133: Total time for which application threads were stopped: 0.0001516 seconds, Stopping threads took: 0.0000442 seconds
2016-04-22T13:38:58.199+0100: 17.134: Total time for which application threads were stopped: 0.0001105 seconds, Stopping threads took: 0.0000292 seconds
2016-04-22T13:38:58.308+0100: 17.239: Total time for which application threads were stopped: 0.0002021 seconds, Stopping threads took: 0.0000624 seconds
2016-04-22T13:38:58.355+0100: 17.294: Total time for which application threads were stopped: 0.0001895 seconds, Stopping threads took: 0.0000450 seconds
2016-04-22T13:38:58.433+0100: 17.365: Total time for which application threads were stopped: 0.0001603 seconds, Stopping threads took: 0.0000584 seconds
2016-04-22T13:38:58.636+0100: 17.563: Total time for which application threads were stopped: 0.0001714 seconds, Stopping threads took: 0.0000616 seconds
2016-04-22T13:38:58.667+0100: 17.603: Total time for which application threads were stopped: 0.0006593 seconds, Stopping threads took: 0.0000719 seconds
2016-04-22T13:38:59.151+0100: 18.080: Total time for which application threads were stopped: 0.0002187 seconds, Stopping threads took: 0.0000569 seconds
2016-04-22T13:38:59.260+0100: 18.189: Total time for which application threads were stopped: 0.0006072 seconds, Stopping threads took: 0.0000553 seconds
2016-04-22T13:38:59.338+0100: 18.275: Total time for which application threads were stopped: 0.0009428 seconds, Stopping threads took: 0.0008094 seconds
2016-04-22T13:38:59.338+0100: 18.276: Total time for which application threads were stopped: 0.0003719 seconds, Stopping threads took: 0.0002803 seconds
2016-04-22T13:38:59.338+0100: 18.279: Total time for which application threads were stopped: 0.0001761 seconds, Stopping threads took: 0.0000466 seconds
2016-04-22T13:38:59.369+0100: 18.301: Total time for which application threads were stopped: 0.0002290 seconds, Stopping threads took: 0.0000592 seconds
2016-04-22T13:38:59.400+0100: 18.326: Total time for which application threads were stopped: 0.0001816 seconds, Stopping threads took: 0.0000403 seconds
2016-04-22T13:38:59.556+0100: 18.497: Total time for which application threads were stopped: 0.0002124 seconds, Stopping threads took: 0.0000403 seconds
2016-04-22T13:38:59.572+0100: 18.500: Total time for which application threads were stopped: 0.0001516 seconds, Stopping threads took: 0.0000387 seconds
2016-04-22T13:38:59.728+0100: 18.665: Total time for which application threads were stopped: 0.0003459 seconds, Stopping threads took: 0.0000403 seconds
2016-04-22T13:38:59.821+0100: 18.759: Total time for which application threads were stopped: 0.0001413 seconds, Stopping threads took: 0.0000411 seconds
2016-04-22T13:38:59.821+0100: 18.759: Total time for which application threads were stopped: 0.0000782 seconds, Stopping threads took: 0.0000213 seconds
2016-04-22T13:38:59.899+0100: 18.833: Total time for which application threads were stopped: 0.0003522 seconds, Stopping threads took: 0.0000750 seconds
2016-04-22T13:38:59.946+0100: 18.886: Total time for which application threads were stopped: 0.0001848 seconds, Stopping threads took: 0.0000703 seconds
{Heap before GC invocations=5 (full 1):
 par new generation   total 109248K, used 96165K [0x00000000e0000000, 0x00000000e8000000, 0x00000000e8000000)
  eden space 87424K, 100% used [0x00000000e0000000, 0x00000000e5560000, 0x00000000e5560000)
  from space 21824K,  40% used [0x00000000e6ab0000, 0x00000000e7339548, 0x00000000e8000000)
  to   space 21824K,   0% used [0x00000000e5560000, 0x00000000e5560000, 0x00000000e6ab0000)
 concurrent mark-sweep generation total 393216K, used 0K [0x00000000e8000000, 0x0000000100000000, 0x0000000100000000)
 Metaspace       used 25865K, capacity 26212K, committed 26564K, reserved 1073152K
  class space    used 3108K, capacity 3236K, committed 3300K, reserved 1048576K
2016-04-22T13:39:00.024+0100: 18.958: [GC (Allocation Failure) 2016-04-22T13:39:00.024+0100: 18.958: [ParNew
Desired survivor size 20112992 bytes, new threshold 8 (max 8)
- age   1:    3872704 bytes,    3872704 total
- age   2:      95608 bytes,    3968312 total
- age   3:     139736 bytes,    4108048 total
- age   4:     371704 bytes,    4479752 total
- age   5:    3002536 bytes,    7482288 total
- age   6:    2600304 bytes,   10082592 total
: 96165K->13705K(109248K), 0.0346761 secs] 96165K->13705K(502464K), 0.0347937 secs] [Times: user=0.06 sys=0.00, real=0.03 secs] 
Heap after GC invocations=6 (full 1):
 par new generation   total 109248K, used 13705K [0x00000000e0000000, 0x00000000e8000000, 0x00000000e8000000)
  eden space 87424K,   0% used [0x00000000e0000000, 0x00000000e0000000, 0x00000000e5560000)
  from space 21824K,  62% used [0x00000000e5560000, 0x00000000e62c2700, 0x00000000e6ab0000)
  to   space 21824K,   0% used [0x00000000e6ab0000, 0x00000000e6ab0000, 0x00000000e8000000)
 concurrent mark-sweep generation total 393216K, used 0K [0x00000000e8000000, 0x0000000100000000, 0x0000000100000000)
 Metaspace       used 25865K, capacity 26212K, committed 26564K, reserved 1073152K
  class space    used 3108K, capacity 3236K, committed 3300K, reserved 1048576K
}
2016-04-22T13:39:00.055+0100: 18.993: Total time for which application threads were stopped: 0.0353046 seconds, Stopping threads took: 0.0000600 seconds
2016-04-22T13:39:00.071+0100: 19.003: Total time for which application threads were stopped: 0.0002661 seconds, Stopping threads took: 0.0000592 seconds
2016-04-22T13:39:00.071+0100: 19.003: Total time for which application threads were stopped: 0.0001563 seconds, Stopping threads took: 0.0000292 seconds
2016-04-22T13:39:00.071+0100: 19.004: Total time for which application threads were stopped: 0.0001492 seconds, Stopping threads took: 0.0000276 seconds
2016-04-22T13:39:00.165+0100: 19.091: Total time for which application threads were stopped: 0.0001666 seconds, Stopping threads took: 0.0000561 seconds
2016-04-22T13:39:00.180+0100: 19.118: Total time for which application threads were stopped: 0.0002171 seconds, Stopping threads took: 0.0000616 seconds
2016-04-22T13:39:00.211+0100: 19.141: Total time for which application threads were stopped: 0.0001958 seconds, Stopping threads took: 0.0000561 seconds
2016-04-22T13:39:00.211+0100: 19.141: Total time for which application threads were stopped: 0.0000805 seconds, Stopping threads took: 0.0000261 seconds
2016-04-22T13:39:00.243+0100: 19.172: Total time for which application threads were stopped: 0.0002274 seconds, Stopping threads took: 0.0000474 seconds
2016-04-22T13:39:00.414+0100: 19.341: Total time for which application threads were stopped: 0.0001935 seconds, Stopping threads took: 0.0000584 seconds
2016-04-22T13:39:00.430+0100: 19.366: Total time for which application threads were stopped: 0.0001603 seconds, Stopping threads took: 0.0000442 seconds
2016-04-22T13:39:00.430+0100: 19.369: Total time for which application threads were stopped: 0.0001998 seconds, Stopping threads took: 0.0000529 seconds
2016-04-22T13:39:00.445+0100: 19.378: Total time for which application threads were stopped: 0.0019164 seconds, Stopping threads took: 0.0017719 seconds
2016-04-22T13:39:00.461+0100: 19.387: Total time for which application threads were stopped: 0.0087594 seconds, Stopping threads took: 0.0086134 seconds
2016-04-22T13:39:00.461+0100: 19.389: Total time for which application threads were stopped: 0.0001374 seconds, Stopping threads took: 0.0000316 seconds
2016-04-22T13:39:00.508+0100: 19.437: Total time for which application threads were stopped: 0.0001516 seconds, Stopping threads took: 0.0000355 seconds
2016-04-22T13:39:00.711+0100: 19.638: Total time for which application threads were stopped: 0.0006625 seconds, Stopping threads took: 0.0005227 seconds
2016-04-22T13:39:01.101+0100: 20.037: Total time for which application threads were stopped: 0.0005709 seconds, Stopping threads took: 0.0000426 seconds
2016-04-22T13:39:01.194+0100: 20.128: Total time for which application threads were stopped: 0.0387530 seconds, Stopping threads took: 0.0385698 seconds
2016-04-22T13:39:01.241+0100: 20.167: Total time for which application threads were stopped: 0.0303110 seconds, Stopping threads took: 0.0301373 seconds
2016-04-22T13:39:01.241+0100: 20.167: Total time for which application threads were stopped: 0.0001153 seconds, Stopping threads took: 0.0000434 seconds
2016-04-22T13:39:01.241+0100: 20.168: Total time for which application threads were stopped: 0.0001192 seconds, Stopping threads took: 0.0000426 seconds
2016-04-22T13:39:01.241+0100: 20.168: Total time for which application threads were stopped: 0.0001382 seconds, Stopping threads took: 0.0000213 seconds
2016-04-22T13:39:01.600+0100: 20.535: Total time for which application threads were stopped: 0.0001729 seconds, Stopping threads took: 0.0000426 seconds
2016-04-22T13:39:01.600+0100: 20.536: Total time for which application threads were stopped: 0.0001327 seconds, Stopping threads took: 0.0000466 seconds
2016-04-22T13:39:01.600+0100: 20.536: Total time for which application threads were stopped: 0.0000955 seconds, Stopping threads took: 0.0000316 seconds
2016-04-22T13:39:01.600+0100: 20.538: Total time for which application threads were stopped: 0.0001129 seconds, Stopping threads took: 0.0000387 seconds
2016-04-22T13:39:01.615+0100: 20.552: Total time for which application threads were stopped: 0.0002227 seconds, Stopping threads took: 0.0001074 seconds
2016-04-22T13:43:10.992+0100: 269.938: Total time for which application threads were stopped: 0.0001785 seconds, Stopping threads took: 0.0000505 seconds
2016-04-22T13:43:11.024+0100: 269.961: Total time for which application threads were stopped: 0.0014719 seconds, Stopping threads took: 0.0013590 seconds
2016-04-22T13:43:11.024+0100: 269.962: Total time for which application threads were stopped: 0.0000955 seconds, Stopping threads took: 0.0000340 seconds
2016-04-22T13:43:11.024+0100: 269.962: Total time for which application threads were stopped: 0.0000821 seconds, Stopping threads took: 0.0000268 seconds
2016-04-22T13:43:11.024+0100: 269.963: Total time for which application threads were stopped: 0.0000987 seconds, Stopping threads took: 0.0000395 seconds
2016-04-22T13:43:11.024+0100: 269.965: Total time for which application threads were stopped: 0.0001090 seconds, Stopping threads took: 0.0000245 seconds
2016-04-22T13:43:11.024+0100: 269.967: Total time for which application threads were stopped: 0.0001184 seconds, Stopping threads took: 0.0000300 seconds
2016-04-22T13:43:11.024+0100: 269.969: Total time for which application threads were stopped: 0.0001256 seconds, Stopping threads took: 0.0000434 seconds
2016-04-22T13:43:11.055+0100: 269.996: Total time for which application threads were stopped: 0.0001374 seconds, Stopping threads took: 0.0000371 seconds
2016-04-22T13:43:11.055+0100: 269.996: Total time for which application threads were stopped: 0.0000790 seconds, Stopping threads took: 0.0000197 seconds
2016-04-22T13:43:11.055+0100: 269.996: Total time for which application threads were stopped: 0.0006499 seconds, Stopping threads took: 0.0000190 seconds
2016-04-22T13:43:11.055+0100: 269.997: Total time for which application threads were stopped: 0.0000813 seconds, Stopping threads took: 0.0000205 seconds
2016-04-22T13:43:11.055+0100: 269.997: Total time for which application threads were stopped: 0.0000750 seconds, Stopping threads took: 0.0000190 seconds
2016-04-22T13:43:11.055+0100: 269.997: Total time for which application threads were stopped: 0.0000821 seconds, Stopping threads took: 0.0000268 seconds
2016-04-22T13:43:11.055+0100: 270.001: Total time for which application threads were stopped: 0.0001445 seconds, Stopping threads took: 0.0000474 seconds
2016-04-22T13:43:11.055+0100: 270.001: Total time for which application threads were stopped: 0.0000829 seconds, Stopping threads took: 0.0000268 seconds
2016-04-22T13:43:11.055+0100: 270.002: Total time for which application threads were stopped: 0.0000845 seconds, Stopping threads took: 0.0000268 seconds
2016-04-22T13:43:11.070+0100: 270.006: Total time for which application threads were stopped: 0.0002085 seconds, Stopping threads took: 0.0000347 seconds
2016-04-22T13:43:11.070+0100: 270.007: Total time for which application threads were stopped: 0.0003301 seconds, Stopping threads took: 0.0000324 seconds
2016-04-22T13:43:11.070+0100: 270.015: Total time for which application threads were stopped: 0.0001327 seconds, Stopping threads took: 0.0000387 seconds
2016-04-22T13:43:11.070+0100: 270.015: Total time for which application threads were stopped: 0.0000837 seconds, Stopping threads took: 0.0000221 seconds
2016-04-22T13:43:11.070+0100: 270.015: Total time for which application threads were stopped: 0.0000774 seconds, Stopping threads took: 0.0000197 seconds
2016-04-22T13:43:11.070+0100: 270.015: Total time for which application threads were stopped: 0.0000742 seconds, Stopping threads took: 0.0000182 seconds
2016-04-22T13:43:11.070+0100: 270.016: Total time for which application threads were stopped: 0.0000948 seconds, Stopping threads took: 0.0000387 seconds
2016-04-22T13:43:11.070+0100: 270.016: Total time for which application threads were stopped: 0.0000790 seconds, Stopping threads took: 0.0000229 seconds
2016-04-22T13:43:11.070+0100: 270.016: Total time for which application threads were stopped: 0.0000892 seconds, Stopping threads took: 0.0000316 seconds
2016-04-22T13:43:11.070+0100: 270.017: Total time for which application threads were stopped: 0.0000924 seconds, Stopping threads took: 0.0000261 seconds
2016-04-22T13:43:11.070+0100: 270.018: Total time for which application threads were stopped: 0.0000782 seconds, Stopping threads took: 0.0000197 seconds
2016-04-22T13:43:11.070+0100: 270.018: Total time for which application threads were stopped: 0.0000750 seconds, Stopping threads took: 0.0000197 seconds
2016-04-22T13:43:11.070+0100: 270.018: Total time for which application threads were stopped: 0.0000734 seconds, Stopping threads took: 0.0000190 seconds
2016-04-22T13:43:11.070+0100: 270.018: Total time for which application threads were stopped: 0.0000726 seconds, Stopping threads took: 0.0000182 seconds
2016-04-22T13:43:11.070+0100: 270.018: Total time for which application threads were stopped: 0.0000719 seconds, Stopping threads took: 0.0000182 seconds
2016-04-22T13:43:11.070+0100: 270.018: Total time for which application threads were stopped: 0.0000726 seconds, Stopping threads took: 0.0000190 seconds
2016-04-22T13:43:11.070+0100: 270.020: Total time for which application threads were stopped: 0.0001319 seconds, Stopping threads took: 0.0000529 seconds
2016-04-22T13:43:11.070+0100: 270.020: Total time for which application threads were stopped: 0.0000963 seconds, Stopping threads took: 0.0000395 seconds
2016-04-22T13:43:11.070+0100: 270.021: Total time for which application threads were stopped: 0.0001232 seconds, Stopping threads took: 0.0000616 seconds
2016-04-22T13:43:11.086+0100: 270.022: Total time for which application threads were stopped: 0.0001295 seconds, Stopping threads took: 0.0000324 seconds
2016-04-22T13:43:11.086+0100: 270.023: Total time for which application threads were stopped: 0.0000805 seconds, Stopping threads took: 0.0000268 seconds
2016-04-22T13:43:11.086+0100: 270.023: Total time for which application threads were stopped: 0.0000908 seconds, Stopping threads took: 0.0000300 seconds
2016-04-22T13:43:11.086+0100: 270.023: Total time for which application threads were stopped: 0.0000821 seconds, Stopping threads took: 0.0000261 seconds
2016-04-22T13:43:11.086+0100: 270.024: Total time for which application threads were stopped: 0.0000948 seconds, Stopping threads took: 0.0000324 seconds
2016-04-22T13:43:11.086+0100: 270.024: Total time for which application threads were stopped: 0.0001058 seconds, Stopping threads took: 0.0000253 seconds
2016-04-22T13:43:11.086+0100: 270.024: Total time for which application threads were stopped: 0.0000932 seconds, Stopping threads took: 0.0000261 seconds
2016-04-22T13:43:11.086+0100: 270.025: Total time for which application threads were stopped: 0.0001129 seconds, Stopping threads took: 0.0000371 seconds
2016-04-22T13:43:11.086+0100: 270.025: Total time for which application threads were stopped: 0.0000845 seconds, Stopping threads took: 0.0000292 seconds
2016-04-22T13:43:11.086+0100: 270.025: Total time for which application threads were stopped: 0.0000813 seconds, Stopping threads took: 0.0000284 seconds
2016-04-22T13:43:11.086+0100: 270.026: Total time for which application threads were stopped: 0.0000932 seconds, Stopping threads took: 0.0000340 seconds
2016-04-22T13:43:11.086+0100: 270.026: Total time for which application threads were stopped: 0.0000805 seconds, Stopping threads took: 0.0000276 seconds
2016-04-22T13:43:11.086+0100: 270.026: Total time for which application threads were stopped: 0.0000805 seconds, Stopping threads took: 0.0000276 seconds
2016-04-22T13:43:11.086+0100: 270.027: Total time for which application threads were stopped: 0.0001082 seconds, Stopping threads took: 0.0000458 seconds
2016-04-22T13:43:11.086+0100: 270.027: Total time for which application threads were stopped: 0.0000940 seconds, Stopping threads took: 0.0000395 seconds
2016-04-22T13:43:11.086+0100: 270.027: Total time for which application threads were stopped: 0.0000916 seconds, Stopping threads took: 0.0000379 seconds
2016-04-22T13:43:11.086+0100: 270.028: Total time for which application threads were stopped: 0.0000750 seconds, Stopping threads took: 0.0000213 seconds
2016-04-22T13:43:11.086+0100: 270.028: Total time for which application threads were stopped: 0.0000742 seconds, Stopping threads took: 0.0000182 seconds
2016-04-22T13:43:11.086+0100: 270.028: Total time for which application threads were stopped: 0.0002282 seconds, Stopping threads took: 0.0000190 seconds
2016-04-22T13:43:11.086+0100: 270.029: Total time for which application threads were stopped: 0.0001200 seconds, Stopping threads took: 0.0000197 seconds
2016-04-22T13:43:11.086+0100: 270.029: Total time for which application threads were stopped: 0.0000726 seconds, Stopping threads took: 0.0000190 seconds
2016-04-22T13:43:11.086+0100: 270.030: Total time for which application threads were stopped: 0.0000995 seconds, Stopping threads took: 0.0000395 seconds
2016-04-22T13:43:11.086+0100: 270.031: Total time for which application threads were stopped: 0.0001216 seconds, Stopping threads took: 0.0000545 seconds
2016-04-22T13:43:11.086+0100: 270.033: Total time for which application threads were stopped: 0.0001327 seconds, Stopping threads took: 0.0000569 seconds
2016-04-22T13:43:11.086+0100: 270.034: Total time for which application threads were stopped: 0.0002077 seconds, Stopping threads took: 0.0000395 seconds
2016-04-22T13:43:11.102+0100: 270.037: Total time for which application threads were stopped: 0.0003324 seconds, Stopping threads took: 0.0002361 seconds
2016-04-22T13:43:11.102+0100: 270.038: Total time for which application threads were stopped: 0.0003348 seconds, Stopping threads took: 0.0002716 seconds
2016-04-22T13:43:11.102+0100: 270.038: Total time for which application threads were stopped: 0.0001098 seconds, Stopping threads took: 0.0000608 seconds
2016-04-22T13:43:11.102+0100: 270.038: Total time for which application threads were stopped: 0.0001027 seconds, Stopping threads took: 0.0000569 seconds
2016-04-22T13:43:11.102+0100: 270.038: Total time for which application threads were stopped: 0.0000655 seconds, Stopping threads took: 0.0000213 seconds
2016-04-22T13:43:11.102+0100: 270.038: Total time for which application threads were stopped: 0.0000963 seconds, Stopping threads took: 0.0000316 seconds
2016-04-22T13:43:11.102+0100: 270.039: Total time for which application threads were stopped: 0.0000940 seconds, Stopping threads took: 0.0000387 seconds
2016-04-22T13:43:11.102+0100: 270.039: Total time for which application threads were stopped: 0.0000955 seconds, Stopping threads took: 0.0000197 seconds
2016-04-22T13:43:11.102+0100: 270.039: Total time for which application threads were stopped: 0.0000963 seconds, Stopping threads took: 0.0000584 seconds
2016-04-22T13:43:11.102+0100: 270.040: Total time for which application threads were stopped: 0.0001334 seconds, Stopping threads took: 0.0000876 seconds
2016-04-22T13:43:11.102+0100: 270.042: Total time for which application threads were stopped: 0.0001571 seconds, Stopping threads took: 0.0000971 seconds
2016-04-22T13:43:11.102+0100: 270.043: Total time for which application threads were stopped: 0.0000726 seconds, Stopping threads took: 0.0000340 seconds
2016-04-22T13:43:11.102+0100: 270.043: Total time for which application threads were stopped: 0.0000884 seconds, Stopping threads took: 0.0000340 seconds
2016-04-22T13:43:11.102+0100: 270.043: Total time for which application threads were stopped: 0.0000813 seconds, Stopping threads took: 0.0000426 seconds
2016-04-22T13:43:11.102+0100: 270.044: Total time for which application threads were stopped: 0.0001082 seconds, Stopping threads took: 0.0000695 seconds
2016-04-22T13:43:11.102+0100: 270.044: Total time for which application threads were stopped: 0.0000655 seconds, Stopping threads took: 0.0000292 seconds
Heap
 par new generation   total 109248K, used 49022K [0x00000000e0000000, 0x00000000e8000000, 0x00000000e8000000)
  eden space 87424K,  40% used [0x00000000e0000000, 0x00000000e227d178, 0x00000000e5560000)
  from space 21824K,  62% used [0x00000000e5560000, 0x00000000e62c2700, 0x00000000e6ab0000)
  to   space 21824K,   0% used [0x00000000e6ab0000, 0x00000000e6ab0000, 0x00000000e8000000)
 concurrent mark-sweep generation total 393216K, used 0K [0x00000000e8000000, 0x0000000100000000, 0x0000000100000000)
 Metaspace       used 27615K, capacity 27982K, committed 28356K, reserved 1075200K
  class space    used 3292K, capacity 3447K, committed 3556K, reserved 1048576K
